Sep 09, 2013 5:32:28 PM org.eclipse.birt.chart.device.swt.SwtDisplayServer <init>
INFO: SWT Display Server: win32 v4,236
Sep 09, 2013 5:32:29 PM org.eclipse.birt.chart.ui.util.UIHelper createImage
WARNING: Exception
java.io.FileNotFoundException: /icons/obj16/CosmoIcon.gif
	at org.eclipse.osgi.framework.internal.protocol.bundleentry.Handler.findBundleEntry(Handler.java:44)
	at org.eclipse.osgi.framework.internal.core.BundleResourceHandler.openConnection(BundleResourceHandler.java:175)
	at java.net.URL.openConnection(Unknown Source)
	at java.net.URL.openStream(Unknown Source)
	at org.eclipse.birt.chart.ui.util.UIHelper.createImage(UIHelper.java:139)
	at org.eclipse.birt.chart.ui.util.UIHelper.getImage(UIHelper.java:180)
	at org.eclipse.birt.chart.piecewiseconstant.ui.type.PiecewiseConstantChart.getImage(TimeView.java:108)
	at org.eclipse.birt.chart.ui.swt.wizard.TaskSelectType.populateChartTypes(TaskSelectType.java:602)
	at org.eclipse.birt.chart.ui.swt.wizard.TaskSelectType.createBottomTypeArea(TaskSelectType.java:364)
	at org.eclipse.birt.chart.ui.swt.wizard.TaskSelectType.placeComponents(TaskSelectType.java:289)
	at org.eclipse.birt.chart.ui.swt.wizard.TaskSelectType.createControl(TaskSelectType.java:243)
	at org.eclipse.birt.core.ui.frameworks.taskwizard.WizardBaseDialog.switchTask(WizardBaseDialog.java:353)
	at org.eclipse.birt.core.ui.frameworks.taskwizard.WizardBase.switchTo(WizardBase.java:257)
	at org.eclipse.birt.chart.ui.swt.wizard.ChartWizard.switchTo(ChartWizard.java:299)
	at org.eclipse.birt.core.ui.frameworks.taskwizard.WizardBaseDialog.initializeBounds(WizardBaseDialog.java:180)
	at org.eclipse.jface.window.Window.create(Window.java:435)
	at org.eclipse.jface.dialogs.Dialog.create(Dialog.java:1089)
	at org.eclipse.birt.core.ui.frameworks.taskwizard.WizardBaseDialog.create(WizardBaseDialog.java:190)
	at org.eclipse.jface.window.Window.open(Window.java:790)
	at org.eclipse.birt.core.ui.frameworks.taskwizard.WizardBase.open(WizardBase.java:95)
	at org.eclipse.birt.chart.ui.swt.wizard.ChartWizard.open(ChartWizard.java:237)
	at org.eclipse.birt.chart.reportitem.ui.ChartReportItemBuilderImpl.open(ChartReportItemBuilderImpl.java:283)
	at org.eclipse.birt.chart.reportitem.ui.ChartReportItemBuilderProxy.open(ChartReportItemBuilderProxy.java:58)
	at org.eclipse.birt.report.designer.internal.ui.editors.schematic.extensions.ExtendedElementToolExtends.postHandleCreation(ExtendedElementToolExtends.java:51)
	at org.eclipse.birt.report.designer.internal.ui.editors.schematic.tools.ReportCreationTool.performCreation(ReportCreationTool.java:105)
	at org.eclipse.gef.tools.CreationTool.handleButtonUp(CreationTool.java:189)
	at org.eclipse.gef.tools.AbstractTool.mouseUp(AbstractTool.java:1200)
	at org.eclipse.gef.EditDomain.mouseUp(EditDomain.java:301)
	at org.eclipse.gef.ui.parts.DomainEventDispatcher.dispatchMouseReleased(DomainEventDispatcher.java:380)
	at org.eclipse.draw2d.LightweightSystem$EventHandler.mouseUp(LightweightSystem.java:548)
	at org.eclipse.swt.widgets.TypedListener.handleEvent(TypedListener.java:220)
	at org.eclipse.swt.widgets.EventTable.sendEvent(EventTable.java:84)
	at org.eclipse.swt.widgets.Widget.sendEvent(Widget.java:1053)
	at org.eclipse.swt.widgets.Display.runDeferredEvents(Display.java:4169)
	at org.eclipse.swt.widgets.Display.readAndDispatch(Display.java:3758)
	at org.eclipse.e4.ui.internal.workbench.swt.PartRenderingEngine$9.run(PartRenderingEngine.java:1053)
	at org.eclipse.core.databinding.observable.Realm.runWithDefault(Realm.java:332)
	at org.eclipse.e4.ui.internal.workbench.swt.PartRenderingEngine.run(PartRenderingEngine.java:942)
	at org.eclipse.e4.ui.internal.workbench.E4Workbench.createAndRunUI(E4Workbench.java:86)
	at org.eclipse.ui.internal.Workbench$5.run(Workbench.java:588)
	at org.eclipse.core.databinding.observable.Realm.runWithDefault(Realm.java:332)
	at org.eclipse.ui.internal.Workbench.createAndRunWorkbench(Workbench.java:543)
	at org.eclipse.ui.PlatformUI.createAndRunWorkbench(PlatformUI.java:149)
	at org.eclipse.ui.internal.ide.application.IDEApplication.start(IDEApplication.java:124)
	at org.eclipse.equinox.internal.app.EclipseAppHandle.run(EclipseAppHandle.java:196)
	at org.eclipse.core.runtime.internal.adaptor.EclipseAppLauncher.runApplication(EclipseAppLauncher.java:110)
	at org.eclipse.core.runtime.internal.adaptor.EclipseAppLauncher.start(EclipseAppLauncher.java:79)
	at org.eclipse.core.runtime.adaptor.EclipseStarter.run(EclipseStarter.java:353)
	at org.eclipse.core.runtime.adaptor.EclipseStarter.run(EclipseStarter.java:180)
	at sun.reflect.NativeMethodAccessorImpl.invoke0(Native Method)
	at sun.reflect.NativeMethodAccessorImpl.invoke(Unknown Source)
	at sun.reflect.DelegatingMethodAccessorImpl.invoke(Unknown Source)
	at java.lang.reflect.Method.invoke(Unknown Source)
	at org.eclipse.equinox.launcher.Main.invokeFramework(Main.java:629)
	at org.eclipse.equinox.launcher.Main.basicRun(Main.java:584)
	at org.eclipse.equinox.launcher.Main.run(Main.java:1438)
	at org.eclipse.equinox.launcher.Main.main(Main.java:1414)

Sep 09, 2013 5:32:29 PM org.eclipse.birt.chart.device.swt.SwtDisplayServer <init>
INFO: SWT Display Server: win32 v4,236
Sep 09, 2013 5:32:29 PM org.eclipse.birt.chart.device.swt.R31Enhance <clinit>
INFO: Advanced SWT graphics functions enabled.
Sep 09, 2013 5:32:29 PM org.eclipse.birt.chart.device.swt.SwtRendererImpl setProperty
INFO: Using graphics context org.eclipse.swt.graphics.GC@GC {-1040116146}
Sep 09, 2013 5:32:29 PM org.eclipse.birt.chart.render.EmptyWithAxes renderSeries
INFO: org.eclipse.birt.chart.render.EmptyWithAxes: renderSeries() [1/2]
Sep 09, 2013 5:32:29 PM org.eclipse.birt.chart.extension.render.Bar renderSeries
INFO: org.eclipse.birt.chart.extension.render.Bar: renderSeries() [2/2]
Sep 09, 2013 5:32:29 PM org.eclipse.birt.chart.device.swt.SwtRendererImpl enableInteraction
INFO: Cannot enable interaction if an IUpdateNotifier is not associated with the renderer.
Sep 09, 2013 5:32:29 PM org.eclipse.birt.chart.device.swt.SwtRendererImpl enableInteraction
INFO: Cannot enable interaction if an IUpdateNotifier is not associated with the renderer.
Sep 09, 2013 5:32:29 PM org.eclipse.birt.chart.device.swt.SwtRendererImpl enableInteraction
INFO: Cannot enable interaction if an IUpdateNotifier is not associated with the renderer.
Sep 09, 2013 5:32:29 PM org.eclipse.birt.chart.device.swt.SwtRendererImpl enableInteraction
INFO: Cannot enable interaction if an IUpdateNotifier is not associated with the renderer.
Sep 09, 2013 5:32:29 PM org.eclipse.birt.chart.device.swt.SwtRendererImpl enableInteraction
INFO: Cannot enable interaction if an IUpdateNotifier is not associated with the renderer.
Sep 09, 2013 5:32:29 PM org.eclipse.birt.chart.device.swt.SwtRendererImpl enableInteraction
INFO: Cannot enable interaction if an IUpdateNotifier is not associated with the renderer.
Sep 09, 2013 5:32:29 PM org.eclipse.birt.chart.device.swt.SwtRendererImpl enableInteraction
INFO: Cannot enable interaction if an IUpdateNotifier is not associated with the renderer.
Sep 09, 2013 5:32:29 PM org.eclipse.birt.chart.device.swt.SwtRendererImpl enableInteraction
INFO: Cannot enable interaction if an IUpdateNotifier is not associated with the renderer.
Sep 09, 2013 5:32:29 PM org.eclipse.birt.chart.device.swt.SwtRendererImpl enableInteraction
INFO: Cannot enable interaction if an IUpdateNotifier is not associated with the renderer.
Sep 09, 2013 5:32:29 PM org.eclipse.birt.chart.device.swt.SwtRendererImpl enableInteraction
INFO: Cannot enable interaction if an IUpdateNotifier is not associated with the renderer.
Sep 09, 2013 5:32:29 PM org.eclipse.birt.chart.device.swt.SwtRendererImpl enableInteraction
INFO: Cannot enable interaction if an IUpdateNotifier is not associated with the renderer.
Sep 09, 2013 5:32:29 PM org.eclipse.birt.chart.device.swt.SwtRendererImpl enableInteraction
INFO: Cannot enable interaction if an IUpdateNotifier is not associated with the renderer.
Sep 09, 2013 5:32:29 PM org.eclipse.birt.chart.device.swt.SwtRendererImpl enableInteraction
INFO: Cannot enable interaction if an IUpdateNotifier is not associated with the renderer.
Sep 09, 2013 5:32:29 PM org.eclipse.birt.chart.device.swt.SwtRendererImpl enableInteraction
INFO: Cannot enable interaction if an IUpdateNotifier is not associated with the renderer.
Sep 09, 2013 5:32:29 PM org.eclipse.birt.chart.device.swt.SwtRendererImpl enableInteraction
INFO: Cannot enable interaction if an IUpdateNotifier is not associated with the renderer.
Sep 09, 2013 5:32:29 PM org.eclipse.birt.chart.device.swt.SwtRendererImpl enableInteraction
INFO: Cannot enable interaction if an IUpdateNotifier is not associated with the renderer.
Sep 09, 2013 5:32:29 PM org.eclipse.birt.chart.device.swt.SwtRendererImpl enableInteraction
INFO: Cannot enable interaction if an IUpdateNotifier is not associated with the renderer.
Sep 09, 2013 5:32:32 PM org.eclipse.birt.chart.device.swt.SwtDisplayServer <init>
INFO: SWT Display Server: win32 v4,236
Sep 09, 2013 5:32:32 PM org.eclipse.birt.chart.device.swt.SwtRendererImpl setProperty
INFO: Using graphics context org.eclipse.swt.graphics.GC@GC {1728125580}
Sep 09, 2013 5:32:32 PM org.eclipse.birt.chart.render.EmptyWithAxes renderSeries
INFO: org.eclipse.birt.chart.render.EmptyWithAxes: renderSeries() [1/2]
Sep 09, 2013 5:32:32 PM org.eclipse.birt.chart.device.swt.SwtRendererImpl enableInteraction
INFO: Cannot enable interaction if an IUpdateNotifier is not associated with the renderer.
Sep 09, 2013 5:32:32 PM org.eclipse.birt.chart.device.swt.SwtRendererImpl enableInteraction
INFO: Cannot enable interaction if an IUpdateNotifier is not associated with the renderer.
Sep 09, 2013 5:32:32 PM org.eclipse.birt.chart.device.swt.SwtRendererImpl enableInteraction
INFO: Cannot enable interaction if an IUpdateNotifier is not associated with the renderer.
Sep 09, 2013 5:32:32 PM org.eclipse.birt.chart.device.swt.SwtRendererImpl enableInteraction
INFO: Cannot enable interaction if an IUpdateNotifier is not associated with the renderer.
Sep 09, 2013 5:32:32 PM org.eclipse.birt.chart.device.swt.SwtRendererImpl enableInteraction
INFO: Cannot enable interaction if an IUpdateNotifier is not associated with the renderer.
Sep 09, 2013 5:32:32 PM org.eclipse.birt.chart.device.swt.SwtRendererImpl enableInteraction
INFO: Cannot enable interaction if an IUpdateNotifier is not associated with the renderer.
Sep 09, 2013 5:32:32 PM org.eclipse.birt.chart.device.swt.SwtRendererImpl enableInteraction
INFO: Cannot enable interaction if an IUpdateNotifier is not associated with the renderer.
Sep 09, 2013 5:32:32 PM org.eclipse.birt.chart.device.swt.SwtRendererImpl enableInteraction
INFO: Cannot enable interaction if an IUpdateNotifier is not associated with the renderer.
Sep 09, 2013 5:32:32 PM org.eclipse.birt.chart.device.swt.SwtRendererImpl enableInteraction
INFO: Cannot enable interaction if an IUpdateNotifier is not associated with the renderer.
Sep 09, 2013 5:32:32 PM org.eclipse.birt.chart.device.swt.SwtRendererImpl enableInteraction
INFO: Cannot enable interaction if an IUpdateNotifier is not associated with the renderer.
Sep 09, 2013 5:32:32 PM org.eclipse.birt.chart.device.swt.SwtRendererImpl enableInteraction
INFO: Cannot enable interaction if an IUpdateNotifier is not associated with the renderer.
Sep 09, 2013 5:32:34 PM org.eclipse.birt.chart.device.swt.SwtDisplayServer <init>
INFO: SWT Display Server: win32 v4,236
Sep 09, 2013 5:32:34 PM org.eclipse.birt.chart.device.swt.SwtRendererImpl setProperty
INFO: Using graphics context org.eclipse.swt.graphics.GC@GC {1107370142}
Sep 09, 2013 5:32:34 PM org.eclipse.birt.chart.render.EmptyWithAxes renderSeries
INFO: org.eclipse.birt.chart.render.EmptyWithAxes: renderSeries() [1/2]
Sep 09, 2013 5:32:34 PM org.eclipse.birt.chart.device.swt.SwtRendererImpl enableInteraction
INFO: Cannot enable interaction if an IUpdateNotifier is not associated with the renderer.
Sep 09, 2013 5:32:34 PM org.eclipse.birt.chart.device.swt.SwtRendererImpl enableInteraction
INFO: Cannot enable interaction if an IUpdateNotifier is not associated with the renderer.
Sep 09, 2013 5:32:34 PM org.eclipse.birt.chart.device.swt.SwtRendererImpl enableInteraction
INFO: Cannot enable interaction if an IUpdateNotifier is not associated with the renderer.
Sep 09, 2013 5:32:34 PM org.eclipse.birt.chart.device.swt.SwtRendererImpl enableInteraction
INFO: Cannot enable interaction if an IUpdateNotifier is not associated with the renderer.
Sep 09, 2013 5:32:34 PM org.eclipse.birt.chart.device.swt.SwtRendererImpl enableInteraction
INFO: Cannot enable interaction if an IUpdateNotifier is not associated with the renderer.
Sep 09, 2013 5:32:34 PM org.eclipse.birt.chart.device.swt.SwtRendererImpl enableInteraction
INFO: Cannot enable interaction if an IUpdateNotifier is not associated with the renderer.
Sep 09, 2013 5:32:34 PM org.eclipse.birt.chart.device.swt.SwtRendererImpl enableInteraction
INFO: Cannot enable interaction if an IUpdateNotifier is not associated with the renderer.
Sep 09, 2013 5:32:34 PM org.eclipse.birt.chart.device.swt.SwtRendererImpl enableInteraction
INFO: Cannot enable interaction if an IUpdateNotifier is not associated with the renderer.
Sep 09, 2013 5:32:34 PM org.eclipse.birt.chart.device.swt.SwtRendererImpl enableInteraction
INFO: Cannot enable interaction if an IUpdateNotifier is not associated with the renderer.
Sep 09, 2013 5:32:34 PM org.eclipse.birt.chart.device.swt.SwtRendererImpl enableInteraction
INFO: Cannot enable interaction if an IUpdateNotifier is not associated with the renderer.
Sep 09, 2013 5:32:34 PM org.eclipse.birt.chart.device.swt.SwtRendererImpl enableInteraction
INFO: Cannot enable interaction if an IUpdateNotifier is not associated with the renderer.
Sep 09, 2013 5:32:51 PM org.eclipse.birt.chart.ui.swt.wizard.ChartAdapter notifyChanged
INFO: ChartAdapter: Notification received for org.eclipse.birt.chart.model.data.impl.QueryImpl
Sep 09, 2013 5:32:51 PM org.eclipse.birt.chart.ui.swt.wizard.ChartAdapter notifyChanged
INFO: ChartAdapter: New Value is row["Label"]
Sep 09, 2013 5:32:52 PM org.eclipse.birt.chart.device.swt.SwtDisplayServer <init>
INFO: SWT Display Server: win32 v4,236
Sep 09, 2013 5:32:52 PM org.eclipse.birt.chart.device.swt.SwtRendererImpl setProperty
INFO: Using graphics context org.eclipse.swt.graphics.GC@GC {-1962860999}
Sep 09, 2013 5:32:52 PM org.eclipse.birt.chart.render.EmptyWithAxes renderSeries
INFO: org.eclipse.birt.chart.render.EmptyWithAxes: renderSeries() [1/2]
Sep 09, 2013 5:32:52 PM org.eclipse.birt.chart.device.swt.SwtRendererImpl enableInteraction
INFO: Cannot enable interaction if an IUpdateNotifier is not associated with the renderer.
Sep 09, 2013 5:32:52 PM org.eclipse.birt.chart.device.swt.SwtRendererImpl enableInteraction
INFO: Cannot enable interaction if an IUpdateNotifier is not associated with the renderer.
Sep 09, 2013 5:32:52 PM org.eclipse.birt.chart.device.swt.SwtRendererImpl enableInteraction
INFO: Cannot enable interaction if an IUpdateNotifier is not associated with the renderer.
Sep 09, 2013 5:32:52 PM org.eclipse.birt.chart.device.swt.SwtRendererImpl enableInteraction
INFO: Cannot enable interaction if an IUpdateNotifier is not associated with the renderer.
Sep 09, 2013 5:32:52 PM org.eclipse.birt.chart.device.swt.SwtRendererImpl enableInteraction
INFO: Cannot enable interaction if an IUpdateNotifier is not associated with the renderer.
Sep 09, 2013 5:32:52 PM org.eclipse.birt.chart.device.swt.SwtRendererImpl enableInteraction
INFO: Cannot enable interaction if an IUpdateNotifier is not associated with the renderer.
Sep 09, 2013 5:32:52 PM org.eclipse.birt.chart.device.swt.SwtRendererImpl enableInteraction
INFO: Cannot enable interaction if an IUpdateNotifier is not associated with the renderer.
Sep 09, 2013 5:32:52 PM org.eclipse.birt.chart.device.swt.SwtRendererImpl enableInteraction
INFO: Cannot enable interaction if an IUpdateNotifier is not associated with the renderer.
Sep 09, 2013 5:32:52 PM org.eclipse.birt.chart.device.swt.SwtRendererImpl enableInteraction
INFO: Cannot enable interaction if an IUpdateNotifier is not associated with the renderer.
Sep 09, 2013 5:32:52 PM org.eclipse.birt.chart.device.swt.SwtRendererImpl enableInteraction
INFO: Cannot enable interaction if an IUpdateNotifier is not associated with the renderer.
Sep 09, 2013 5:32:52 PM org.eclipse.birt.chart.device.swt.SwtRendererImpl enableInteraction
INFO: Cannot enable interaction if an IUpdateNotifier is not associated with the renderer.
Sep 09, 2013 5:32:58 PM org.eclipse.birt.chart.ui.swt.wizard.ChartAdapter notifyChanged
INFO: ChartAdapter: Notification received for org.eclipse.birt.chart.model.data.impl.QueryImpl
Sep 09, 2013 5:32:58 PM org.eclipse.birt.chart.ui.swt.wizard.ChartAdapter notifyChanged
INFO: ChartAdapter: New Value is row["LEVEL"]
Sep 09, 2013 5:32:59 PM org.eclipse.birt.chart.device.swt.SwtDisplayServer <init>
INFO: SWT Display Server: win32 v4,236
Sep 09, 2013 5:32:59 PM org.eclipse.birt.chart.device.swt.SwtRendererImpl setProperty
INFO: Using graphics context org.eclipse.swt.graphics.GC@GC {2046891465}
Sep 09, 2013 5:32:59 PM org.eclipse.birt.chart.render.EmptyWithAxes renderSeries
INFO: org.eclipse.birt.chart.render.EmptyWithAxes: renderSeries() [1/2]
Sep 09, 2013 5:32:59 PM org.eclipse.birt.chart.device.swt.SwtRendererImpl enableInteraction
INFO: Cannot enable interaction if an IUpdateNotifier is not associated with the renderer.
Sep 09, 2013 5:32:59 PM org.eclipse.birt.chart.device.swt.SwtRendererImpl enableInteraction
INFO: Cannot enable interaction if an IUpdateNotifier is not associated with the renderer.
Sep 09, 2013 5:32:59 PM org.eclipse.birt.chart.device.swt.SwtRendererImpl enableInteraction
INFO: Cannot enable interaction if an IUpdateNotifier is not associated with the renderer.
Sep 09, 2013 5:32:59 PM org.eclipse.birt.chart.device.swt.SwtRendererImpl enableInteraction
INFO: Cannot enable interaction if an IUpdateNotifier is not associated with the renderer.
Sep 09, 2013 5:32:59 PM org.eclipse.birt.chart.device.swt.SwtRendererImpl enableInteraction
INFO: Cannot enable interaction if an IUpdateNotifier is not associated with the renderer.
Sep 09, 2013 5:32:59 PM org.eclipse.birt.chart.device.swt.SwtRendererImpl enableInteraction
INFO: Cannot enable interaction if an IUpdateNotifier is not associated with the renderer.
Sep 09, 2013 5:32:59 PM org.eclipse.birt.chart.device.swt.SwtRendererImpl enableInteraction
INFO: Cannot enable interaction if an IUpdateNotifier is not associated with the renderer.
Sep 09, 2013 5:32:59 PM org.eclipse.birt.chart.device.swt.SwtRendererImpl enableInteraction
INFO: Cannot enable interaction if an IUpdateNotifier is not associated with the renderer.
Sep 09, 2013 5:32:59 PM org.eclipse.birt.chart.device.swt.SwtRendererImpl enableInteraction
INFO: Cannot enable interaction if an IUpdateNotifier is not associated with the renderer.
Sep 09, 2013 5:32:59 PM org.eclipse.birt.chart.device.swt.SwtRendererImpl enableInteraction
INFO: Cannot enable interaction if an IUpdateNotifier is not associated with the renderer.
Sep 09, 2013 5:32:59 PM org.eclipse.birt.chart.device.swt.SwtRendererImpl enableInteraction
INFO: Cannot enable interaction if an IUpdateNotifier is not associated with the renderer.
Sep 09, 2013 5:33:07 PM org.eclipse.birt.chart.ui.swt.wizard.ChartAdapter notifyChanged
INFO: ChartAdapter: Notification received for org.eclipse.birt.chart.model.data.impl.QueryImpl
Sep 09, 2013 5:33:07 PM org.eclipse.birt.chart.ui.swt.wizard.ChartAdapter notifyChanged
INFO: ChartAdapter: New Value is row["Time"]
Sep 09, 2013 5:33:07 PM org.eclipse.birt.chart.device.swt.SwtDisplayServer <init>
INFO: SWT Display Server: win32 v4,236
Sep 09, 2013 5:33:07 PM org.eclipse.birt.chart.device.swt.SwtRendererImpl setProperty
INFO: Using graphics context org.eclipse.swt.graphics.GC@GC {-50258654}
Sep 09, 2013 5:33:07 PM org.eclipse.birt.chart.render.EmptyWithAxes renderSeries
INFO: org.eclipse.birt.chart.render.EmptyWithAxes: renderSeries() [1/2]
Sep 09, 2013 5:33:07 PM org.eclipse.birt.chart.device.swt.SwtRendererImpl enableInteraction
INFO: Cannot enable interaction if an IUpdateNotifier is not associated with the renderer.
Sep 09, 2013 5:33:07 PM org.eclipse.birt.chart.device.swt.SwtRendererImpl enableInteraction
INFO: Cannot enable interaction if an IUpdateNotifier is not associated with the renderer.
Sep 09, 2013 5:33:07 PM org.eclipse.birt.chart.device.swt.SwtRendererImpl enableInteraction
INFO: Cannot enable interaction if an IUpdateNotifier is not associated with the renderer.
Sep 09, 2013 5:33:07 PM org.eclipse.birt.chart.device.swt.SwtRendererImpl enableInteraction
INFO: Cannot enable interaction if an IUpdateNotifier is not associated with the renderer.
Sep 09, 2013 5:33:07 PM org.eclipse.birt.chart.device.swt.SwtRendererImpl enableInteraction
INFO: Cannot enable interaction if an IUpdateNotifier is not associated with the renderer.
Sep 09, 2013 5:33:07 PM org.eclipse.birt.chart.device.swt.SwtRendererImpl enableInteraction
INFO: Cannot enable interaction if an IUpdateNotifier is not associated with the renderer.
Sep 09, 2013 5:33:07 PM org.eclipse.birt.chart.device.swt.SwtRendererImpl enableInteraction
INFO: Cannot enable interaction if an IUpdateNotifier is not associated with the renderer.
Sep 09, 2013 5:33:07 PM org.eclipse.birt.chart.device.swt.SwtRendererImpl enableInteraction
INFO: Cannot enable interaction if an IUpdateNotifier is not associated with the renderer.
Sep 09, 2013 5:33:07 PM org.eclipse.birt.chart.device.swt.SwtRendererImpl enableInteraction
INFO: Cannot enable interaction if an IUpdateNotifier is not associated with the renderer.
Sep 09, 2013 5:33:07 PM org.eclipse.birt.chart.device.swt.SwtRendererImpl enableInteraction
INFO: Cannot enable interaction if an IUpdateNotifier is not associated with the renderer.
Sep 09, 2013 5:33:07 PM org.eclipse.birt.chart.device.swt.SwtRendererImpl enableInteraction
INFO: Cannot enable interaction if an IUpdateNotifier is not associated with the renderer.
Sep 09, 2013 5:33:39 PM org.eclipse.birt.chart.ui.swt.wizard.ChartAdapter notifyChanged
INFO: ChartAdapter: Notification received for org.eclipse.birt.chart.model.data.impl.SeriesGroupingImpl
Sep 09, 2013 5:33:39 PM org.eclipse.birt.chart.ui.swt.wizard.ChartAdapter notifyChanged
INFO: ChartAdapter: New Value is true
Sep 09, 2013 5:33:39 PM org.eclipse.birt.chart.reportitem.BaseGroupedQueryResultSetEvaluator next
WARNING: Exception
org.eclipse.birt.data.engine.core.DataException: A BIRT exception occurred. See next exception for more information.
Can not convert the value of STRING to Double type.
	at org.eclipse.birt.data.engine.core.DataException.wrap(DataException.java:123)
	at org.eclipse.birt.data.aggregation.calculator.StringCalculator.toDouble(StringCalculator.java:140)
	at org.eclipse.birt.data.aggregation.calculator.StringCalculator.convert(StringCalculator.java:108)
	at org.eclipse.birt.data.aggregation.calculator.StringCalculator.add(StringCalculator.java:39)
	at org.eclipse.birt.data.aggregation.impl.TotalSum$MyAccumulator.onRow(TotalSum.java:118)
	at org.eclipse.birt.data.engine.executor.aggregation.AggregationHelper.onRow(AggregationHelper.java:358)
	at org.eclipse.birt.data.engine.executor.aggregation.AggregationHelper.pass(AggregationHelper.java:185)
	at org.eclipse.birt.data.engine.executor.aggregation.AggregationHelper.calculate(AggregationHelper.java:148)
	at org.eclipse.birt.data.engine.executor.aggregation.AggregationHelper.populateAggregations(AggregationHelper.java:110)
	at org.eclipse.birt.data.engine.executor.aggregation.AggregationHelper.<init>(AggregationHelper.java:86)
	at org.eclipse.birt.data.engine.executor.transform.pass.ResultSetProcessUtil.populateAggregationInBinding(ResultSetProcessUtil.java:254)
	at org.eclipse.birt.data.engine.executor.transform.pass.ResultSetProcessUtil.populateAggregation(ResultSetProcessUtil.java:221)
	at org.eclipse.birt.data.engine.executor.transform.pass.ResultSetProcessUtil.populateResultSet(ResultSetProcessUtil.java:177)
	at org.eclipse.birt.data.engine.executor.transform.pass.ResultSetProcessUtil.doPopulate(ResultSetProcessUtil.java:95)
	at org.eclipse.birt.data.engine.executor.transform.pass.PassManager.prepareQueryResultSet(PassManager.java:108)
	at org.eclipse.birt.data.engine.executor.transform.pass.PassManager.pass(PassManager.java:135)
	at org.eclipse.birt.data.engine.executor.transform.pass.PassManager.populateResultSet(PassManager.java:74)
	at org.eclipse.birt.data.engine.executor.transform.ResultSetPopulator.populateResultSet(ResultSetPopulator.java:218)
	at org.eclipse.birt.data.engine.executor.transform.CachedResultSet.<init>(CachedResultSet.java:154)
	at org.eclipse.birt.data.engine.executor.DataSourceQuery.execute(DataSourceQuery.java:1053)
	at org.eclipse.birt.data.engine.impl.PreparedOdaDSQuery$OdaDSQueryExecutor.executeOdiQuery(PreparedOdaDSQuery.java:445)
	at org.eclipse.birt.data.engine.impl.QueryExecutor.execute(QueryExecutor.java:1208)
	at org.eclipse.birt.data.engine.impl.ServiceForQueryResults.executeQuery(ServiceForQueryResults.java:232)
	at org.eclipse.birt.data.engine.impl.QueryResults.getResultIterator(QueryResults.java:178)
	at org.eclipse.birt.chart.reportitem.ui.ReportDataServiceProvider.createBaseEvaluator(ReportDataServiceProvider.java:1597)
	at org.eclipse.birt.chart.reportitem.ui.ReportDataServiceProvider.prepareRowExpressionEvaluator(ReportDataServiceProvider.java:1530)
	at org.eclipse.birt.chart.ui.util.ChartUIUtil.doLivePreview(ChartUIUtil.java:577)
	at org.eclipse.birt.chart.ui.util.ChartUIUtil.prepareLivePreview(ChartUIUtil.java:1728)
	at org.eclipse.birt.chart.ui.swt.wizard.TaskSelectData$1.run(TaskSelectData.java:840)
	at org.eclipse.birt.chart.ui.swt.wizard.preview.ChartLivePreviewThread.run(ChartLivePreviewThread.java:200)
Caused by: org.eclipse.birt.core.exception.CoreException: Can not convert the value of STRING to Double type.
	... 29 more

Sep 09, 2013 5:33:39 PM org.eclipse.birt.chart.device.swt.SwtDisplayServer <init>
INFO: SWT Display Server: win32 v4,236
Sep 09, 2013 5:33:39 PM org.eclipse.birt.chart.device.swt.SwtRendererImpl setProperty
INFO: Using graphics context org.eclipse.swt.graphics.GC@GC {-1845418926}
Sep 09, 2013 5:33:39 PM org.eclipse.birt.chart.render.EmptyWithAxes renderSeries
INFO: org.eclipse.birt.chart.render.EmptyWithAxes: renderSeries() [1/2]
Sep 09, 2013 5:33:39 PM org.eclipse.birt.chart.device.swt.SwtRendererImpl enableInteraction
INFO: Cannot enable interaction if an IUpdateNotifier is not associated with the renderer.
Sep 09, 2013 5:33:39 PM org.eclipse.birt.chart.device.swt.SwtRendererImpl enableInteraction
INFO: Cannot enable interaction if an IUpdateNotifier is not associated with the renderer.
Sep 09, 2013 5:33:39 PM org.eclipse.birt.chart.device.swt.SwtRendererImpl enableInteraction
INFO: Cannot enable interaction if an IUpdateNotifier is not associated with the renderer.
Sep 09, 2013 5:33:39 PM org.eclipse.birt.chart.device.swt.SwtRendererImpl enableInteraction
INFO: Cannot enable interaction if an IUpdateNotifier is not associated with the renderer.
Sep 09, 2013 5:33:39 PM org.eclipse.birt.chart.device.swt.SwtRendererImpl enableInteraction
INFO: Cannot enable interaction if an IUpdateNotifier is not associated with the renderer.
Sep 09, 2013 5:33:39 PM org.eclipse.birt.chart.device.swt.SwtRendererImpl enableInteraction
INFO: Cannot enable interaction if an IUpdateNotifier is not associated with the renderer.
Sep 09, 2013 5:33:39 PM org.eclipse.birt.chart.device.swt.SwtRendererImpl enableInteraction
INFO: Cannot enable interaction if an IUpdateNotifier is not associated with the renderer.
Sep 09, 2013 5:33:39 PM org.eclipse.birt.chart.device.swt.SwtRendererImpl enableInteraction
INFO: Cannot enable interaction if an IUpdateNotifier is not associated with the renderer.
Sep 09, 2013 5:33:39 PM org.eclipse.birt.chart.device.swt.SwtRendererImpl enableInteraction
INFO: Cannot enable interaction if an IUpdateNotifier is not associated with the renderer.
Sep 09, 2013 5:33:39 PM org.eclipse.birt.chart.device.swt.SwtRendererImpl enableInteraction
INFO: Cannot enable interaction if an IUpdateNotifier is not associated with the renderer.
Sep 09, 2013 5:33:50 PM org.eclipse.birt.chart.reportitem.BaseGroupedQueryResultSetEvaluator next
WARNING: Exception
org.eclipse.birt.data.engine.core.DataException: A BIRT exception occurred. See next exception for more information.
Can not convert the value of STRING to Double type.
	at org.eclipse.birt.data.engine.core.DataException.wrap(DataException.java:123)
	at org.eclipse.birt.data.aggregation.calculator.StringCalculator.toDouble(StringCalculator.java:140)
	at org.eclipse.birt.data.aggregation.calculator.StringCalculator.convert(StringCalculator.java:108)
	at org.eclipse.birt.data.aggregation.calculator.StringCalculator.add(StringCalculator.java:39)
	at org.eclipse.birt.data.aggregation.impl.TotalSum$MyAccumulator.onRow(TotalSum.java:118)
	at org.eclipse.birt.data.engine.executor.aggregation.AggregationHelper.onRow(AggregationHelper.java:358)
	at org.eclipse.birt.data.engine.executor.aggregation.AggregationHelper.pass(AggregationHelper.java:185)
	at org.eclipse.birt.data.engine.executor.aggregation.AggregationHelper.calculate(AggregationHelper.java:148)
	at org.eclipse.birt.data.engine.executor.aggregation.AggregationHelper.populateAggregations(AggregationHelper.java:110)
	at org.eclipse.birt.data.engine.executor.aggregation.AggregationHelper.<init>(AggregationHelper.java:86)
	at org.eclipse.birt.data.engine.executor.transform.pass.ResultSetProcessUtil.populateAggregationInBinding(ResultSetProcessUtil.java:254)
	at org.eclipse.birt.data.engine.executor.transform.pass.ResultSetProcessUtil.populateAggregation(ResultSetProcessUtil.java:221)
	at org.eclipse.birt.data.engine.executor.transform.pass.ResultSetProcessUtil.populateResultSet(ResultSetProcessUtil.java:177)
	at org.eclipse.birt.data.engine.executor.transform.pass.ResultSetProcessUtil.doPopulate(ResultSetProcessUtil.java:95)
	at org.eclipse.birt.data.engine.executor.transform.pass.PassManager.prepareQueryResultSet(PassManager.java:108)
	at org.eclipse.birt.data.engine.executor.transform.pass.PassManager.pass(PassManager.java:135)
	at org.eclipse.birt.data.engine.executor.transform.pass.PassManager.populateResultSet(PassManager.java:74)
	at org.eclipse.birt.data.engine.executor.transform.ResultSetPopulator.populateResultSet(ResultSetPopulator.java:218)
	at org.eclipse.birt.data.engine.executor.transform.CachedResultSet.<init>(CachedResultSet.java:171)
	at org.eclipse.birt.data.engine.executor.dscache.DataSourceQuery.execute(DataSourceQuery.java:186)
	at org.eclipse.birt.data.engine.impl.PreparedOdaDSQuery$OdaDSQueryExecutor.executeOdiQuery(PreparedOdaDSQuery.java:445)
	at org.eclipse.birt.data.engine.impl.QueryExecutor.execute(QueryExecutor.java:1208)
	at org.eclipse.birt.data.engine.impl.ServiceForQueryResults.executeQuery(ServiceForQueryResults.java:232)
	at org.eclipse.birt.data.engine.impl.QueryResults.getResultIterator(QueryResults.java:178)
	at org.eclipse.birt.chart.reportitem.ui.ReportDataServiceProvider.createBaseEvaluator(ReportDataServiceProvider.java:1597)
	at org.eclipse.birt.chart.reportitem.ui.ReportDataServiceProvider.prepareRowExpressionEvaluator(ReportDataServiceProvider.java:1530)
	at org.eclipse.birt.chart.ui.util.ChartUIUtil.doLivePreview(ChartUIUtil.java:577)
	at org.eclipse.birt.chart.ui.util.ChartUIUtil.prepareLivePreview(ChartUIUtil.java:1728)
	at org.eclipse.birt.chart.ui.swt.wizard.TaskFormatChart$3.run(TaskFormatChart.java:1102)
	at org.eclipse.birt.chart.ui.swt.wizard.preview.ChartLivePreviewThread.run(ChartLivePreviewThread.java:200)
Caused by: org.eclipse.birt.core.exception.CoreException: Can not convert the value of STRING to Double type.
	... 29 more

Sep 09, 2013 5:33:51 PM org.eclipse.birt.chart.device.swt.SwtDisplayServer <init>
INFO: SWT Display Server: win32 v4,236
Sep 09, 2013 5:33:51 PM org.eclipse.birt.chart.device.swt.SwtRendererImpl setProperty
INFO: Using graphics context org.eclipse.swt.graphics.GC@GC {587276540}
Sep 09, 2013 5:33:51 PM org.eclipse.birt.chart.render.EmptyWithAxes renderSeries
INFO: org.eclipse.birt.chart.render.EmptyWithAxes: renderSeries() [1/2]
Sep 09, 2013 5:33:51 PM org.eclipse.birt.chart.device.swt.SwtRendererImpl enableInteraction
INFO: Cannot enable interaction if an IUpdateNotifier is not associated with the renderer.
Sep 09, 2013 5:33:51 PM org.eclipse.birt.chart.device.swt.SwtRendererImpl enableInteraction
INFO: Cannot enable interaction if an IUpdateNotifier is not associated with the renderer.
Sep 09, 2013 5:33:51 PM org.eclipse.birt.chart.device.swt.SwtRendererImpl enableInteraction
INFO: Cannot enable interaction if an IUpdateNotifier is not associated with the renderer.
Sep 09, 2013 5:33:51 PM org.eclipse.birt.chart.device.swt.SwtRendererImpl enableInteraction
INFO: Cannot enable interaction if an IUpdateNotifier is not associated with the renderer.
Sep 09, 2013 5:33:51 PM org.eclipse.birt.chart.device.swt.SwtRendererImpl enableInteraction
INFO: Cannot enable interaction if an IUpdateNotifier is not associated with the renderer.
Sep 09, 2013 5:33:51 PM org.eclipse.birt.chart.device.swt.SwtRendererImpl enableInteraction
INFO: Cannot enable interaction if an IUpdateNotifier is not associated with the renderer.
Sep 09, 2013 5:33:51 PM org.eclipse.birt.chart.device.swt.SwtRendererImpl enableInteraction
INFO: Cannot enable interaction if an IUpdateNotifier is not associated with the renderer.
Sep 09, 2013 5:33:51 PM org.eclipse.birt.chart.device.swt.SwtRendererImpl enableInteraction
INFO: Cannot enable interaction if an IUpdateNotifier is not associated with the renderer.
Sep 09, 2013 5:33:51 PM org.eclipse.birt.chart.device.swt.SwtRendererImpl enableInteraction
INFO: Cannot enable interaction if an IUpdateNotifier is not associated with the renderer.
Sep 09, 2013 5:33:51 PM org.eclipse.birt.chart.device.swt.SwtRendererImpl enableInteraction
INFO: Cannot enable interaction if an IUpdateNotifier is not associated with the renderer.
Sep 09, 2013 5:33:51 PM org.eclipse.birt.chart.device.swt.SwtRendererImpl enableInteraction
INFO: Cannot enable interaction if an IUpdateNotifier is not associated with the renderer.
Sep 09, 2013 5:33:51 PM org.eclipse.birt.chart.device.swt.SwtRendererImpl enableInteraction
INFO: Cannot enable interaction if an IUpdateNotifier is not associated with the renderer.
Sep 09, 2013 5:33:51 PM org.eclipse.birt.chart.device.swt.SwtRendererImpl enableInteraction
INFO: Cannot enable interaction if an IUpdateNotifier is not associated with the renderer.
Sep 09, 2013 5:33:51 PM org.eclipse.birt.chart.device.swt.SwtRendererImpl enableInteraction
INFO: Cannot enable interaction if an IUpdateNotifier is not associated with the renderer.
Sep 09, 2013 5:33:54 PM org.eclipse.birt.chart.device.swt.SwtDisplayServer <init>
INFO: SWT Display Server: win32 v4,236
Sep 09, 2013 5:33:54 PM org.eclipse.birt.chart.device.swt.SwtRendererImpl setProperty
INFO: Using graphics context org.eclipse.swt.graphics.GC@GC {-1996415693}
Sep 09, 2013 5:33:55 PM org.eclipse.birt.chart.render.EmptyWithAxes renderSeries
INFO: org.eclipse.birt.chart.render.EmptyWithAxes: renderSeries() [1/2]
Sep 09, 2013 5:33:55 PM org.eclipse.birt.chart.device.swt.SwtRendererImpl enableInteraction
INFO: Cannot enable interaction if an IUpdateNotifier is not associated with the renderer.
Sep 09, 2013 5:33:55 PM org.eclipse.birt.chart.device.swt.SwtRendererImpl enableInteraction
INFO: Cannot enable interaction if an IUpdateNotifier is not associated with the renderer.
Sep 09, 2013 5:33:55 PM org.eclipse.birt.chart.device.swt.SwtRendererImpl enableInteraction
INFO: Cannot enable interaction if an IUpdateNotifier is not associated with the renderer.
Sep 09, 2013 5:33:55 PM org.eclipse.birt.chart.device.swt.SwtRendererImpl enableInteraction
INFO: Cannot enable interaction if an IUpdateNotifier is not associated with the renderer.
Sep 09, 2013 5:33:55 PM org.eclipse.birt.chart.device.swt.SwtRendererImpl enableInteraction
INFO: Cannot enable interaction if an IUpdateNotifier is not associated with the renderer.
Sep 09, 2013 5:33:55 PM org.eclipse.birt.chart.device.swt.SwtRendererImpl enableInteraction
INFO: Cannot enable interaction if an IUpdateNotifier is not associated with the renderer.
Sep 09, 2013 5:33:55 PM org.eclipse.birt.chart.device.swt.SwtRendererImpl enableInteraction
INFO: Cannot enable interaction if an IUpdateNotifier is not associated with the renderer.
Sep 09, 2013 5:33:55 PM org.eclipse.birt.chart.device.swt.SwtRendererImpl enableInteraction
INFO: Cannot enable interaction if an IUpdateNotifier is not associated with the renderer.
Sep 09, 2013 5:33:55 PM org.eclipse.birt.chart.device.swt.SwtRendererImpl enableInteraction
INFO: Cannot enable interaction if an IUpdateNotifier is not associated with the renderer.
Sep 09, 2013 5:33:55 PM org.eclipse.birt.chart.device.swt.SwtRendererImpl enableInteraction
INFO: Cannot enable interaction if an IUpdateNotifier is not associated with the renderer.
Sep 09, 2013 5:33:55 PM org.eclipse.birt.chart.device.swt.SwtRendererImpl enableInteraction
INFO: Cannot enable interaction if an IUpdateNotifier is not associated with the renderer.
Sep 09, 2013 5:33:55 PM org.eclipse.birt.chart.device.swt.SwtRendererImpl enableInteraction
INFO: Cannot enable interaction if an IUpdateNotifier is not associated with the renderer.
Sep 09, 2013 5:33:55 PM org.eclipse.birt.chart.device.swt.SwtRendererImpl enableInteraction
INFO: Cannot enable interaction if an IUpdateNotifier is not associated with the renderer.
Sep 09, 2013 5:33:55 PM org.eclipse.birt.chart.device.swt.SwtRendererImpl enableInteraction
INFO: Cannot enable interaction if an IUpdateNotifier is not associated with the renderer.
Sep 09, 2013 5:33:55 PM org.eclipse.birt.chart.device.swt.SwtDisplayServer <init>
INFO: SWT Display Server: win32 v4,236
Sep 09, 2013 5:33:55 PM org.eclipse.birt.chart.device.swt.SwtRendererImpl setProperty
INFO: Using graphics context org.eclipse.swt.graphics.GC@GC {-1375658016}
Sep 09, 2013 5:33:55 PM org.eclipse.birt.chart.render.EmptyWithAxes renderSeries
INFO: org.eclipse.birt.chart.render.EmptyWithAxes: renderSeries() [1/2]
Sep 09, 2013 5:33:55 PM org.eclipse.birt.chart.device.swt.SwtRendererImpl enableInteraction
INFO: Cannot enable interaction if an IUpdateNotifier is not associated with the renderer.
Sep 09, 2013 5:33:55 PM org.eclipse.birt.chart.device.swt.SwtRendererImpl enableInteraction
INFO: Cannot enable interaction if an IUpdateNotifier is not associated with the renderer.
Sep 09, 2013 5:33:55 PM org.eclipse.birt.chart.device.swt.SwtRendererImpl enableInteraction
INFO: Cannot enable interaction if an IUpdateNotifier is not associated with the renderer.
Sep 09, 2013 5:33:55 PM org.eclipse.birt.chart.device.swt.SwtRendererImpl enableInteraction
INFO: Cannot enable interaction if an IUpdateNotifier is not associated with the renderer.
Sep 09, 2013 5:33:55 PM org.eclipse.birt.chart.device.swt.SwtRendererImpl enableInteraction
INFO: Cannot enable interaction if an IUpdateNotifier is not associated with the renderer.
Sep 09, 2013 5:33:55 PM org.eclipse.birt.chart.device.swt.SwtRendererImpl enableInteraction
INFO: Cannot enable interaction if an IUpdateNotifier is not associated with the renderer.
Sep 09, 2013 5:33:55 PM org.eclipse.birt.chart.device.swt.SwtRendererImpl enableInteraction
INFO: Cannot enable interaction if an IUpdateNotifier is not associated with the renderer.
Sep 09, 2013 5:33:55 PM org.eclipse.birt.chart.device.swt.SwtRendererImpl enableInteraction
INFO: Cannot enable interaction if an IUpdateNotifier is not associated with the renderer.
Sep 09, 2013 5:33:55 PM org.eclipse.birt.chart.device.swt.SwtRendererImpl enableInteraction
INFO: Cannot enable interaction if an IUpdateNotifier is not associated with the renderer.
Sep 09, 2013 5:33:55 PM org.eclipse.birt.chart.device.swt.SwtRendererImpl enableInteraction
INFO: Cannot enable interaction if an IUpdateNotifier is not associated with the renderer.
Sep 09, 2013 5:33:55 PM org.eclipse.birt.chart.device.swt.SwtRendererImpl enableInteraction
INFO: Cannot enable interaction if an IUpdateNotifier is not associated with the renderer.
Sep 09, 2013 5:33:55 PM org.eclipse.birt.chart.device.swt.SwtRendererImpl enableInteraction
INFO: Cannot enable interaction if an IUpdateNotifier is not associated with the renderer.
Sep 09, 2013 5:33:55 PM org.eclipse.birt.chart.device.swt.SwtRendererImpl enableInteraction
INFO: Cannot enable interaction if an IUpdateNotifier is not associated with the renderer.
Sep 09, 2013 5:33:55 PM org.eclipse.birt.chart.device.swt.SwtRendererImpl enableInteraction
INFO: Cannot enable interaction if an IUpdateNotifier is not associated with the renderer.
Sep 09, 2013 5:34:07 PM org.eclipse.birt.chart.device.swt.SwtDisplayServer <init>
INFO: SWT Display Server: win32 v4,236
Sep 09, 2013 5:34:07 PM org.eclipse.birt.chart.device.swt.SwtRendererImpl setProperty
INFO: Using graphics context org.eclipse.swt.graphics.GC@GC {234951464}
Sep 09, 2013 5:34:07 PM org.eclipse.birt.chart.render.EmptyWithAxes renderSeries
INFO: org.eclipse.birt.chart.render.EmptyWithAxes: renderSeries() [1/2]
Sep 09, 2013 5:34:07 PM org.eclipse.birt.chart.device.swt.SwtRendererImpl enableInteraction
INFO: Cannot enable interaction if an IUpdateNotifier is not associated with the renderer.
Sep 09, 2013 5:34:07 PM org.eclipse.birt.chart.device.swt.SwtRendererImpl enableInteraction
INFO: Cannot enable interaction if an IUpdateNotifier is not associated with the renderer.
Sep 09, 2013 5:34:07 PM org.eclipse.birt.chart.device.swt.SwtRendererImpl enableInteraction
INFO: Cannot enable interaction if an IUpdateNotifier is not associated with the renderer.
Sep 09, 2013 5:34:07 PM org.eclipse.birt.chart.device.swt.SwtRendererImpl enableInteraction
INFO: Cannot enable interaction if an IUpdateNotifier is not associated with the renderer.
Sep 09, 2013 5:34:07 PM org.eclipse.birt.chart.device.swt.SwtRendererImpl enableInteraction
INFO: Cannot enable interaction if an IUpdateNotifier is not associated with the renderer.
Sep 09, 2013 5:34:07 PM org.eclipse.birt.chart.device.swt.SwtRendererImpl enableInteraction
INFO: Cannot enable interaction if an IUpdateNotifier is not associated with the renderer.
Sep 09, 2013 5:34:07 PM org.eclipse.birt.chart.device.swt.SwtRendererImpl enableInteraction
INFO: Cannot enable interaction if an IUpdateNotifier is not associated with the renderer.
Sep 09, 2013 5:34:07 PM org.eclipse.birt.chart.device.swt.SwtRendererImpl enableInteraction
INFO: Cannot enable interaction if an IUpdateNotifier is not associated with the renderer.
Sep 09, 2013 5:34:07 PM org.eclipse.birt.chart.device.swt.SwtRendererImpl enableInteraction
INFO: Cannot enable interaction if an IUpdateNotifier is not associated with the renderer.
Sep 09, 2013 5:34:07 PM org.eclipse.birt.chart.device.swt.SwtRendererImpl setProperty
INFO: Using graphics context org.eclipse.swt.graphics.GC@GC {234951464}
Sep 09, 2013 5:34:07 PM org.eclipse.birt.chart.render.EmptyWithAxes renderSeries
INFO: org.eclipse.birt.chart.render.EmptyWithAxes: renderSeries() [1/2]
Sep 09, 2013 5:34:07 PM org.eclipse.birt.chart.device.swt.SwtRendererImpl enableInteraction
INFO: Cannot enable interaction if an IUpdateNotifier is not associated with the renderer.
Sep 09, 2013 5:34:07 PM org.eclipse.birt.chart.device.swt.SwtRendererImpl enableInteraction
INFO: Cannot enable interaction if an IUpdateNotifier is not associated with the renderer.
Sep 09, 2013 5:34:07 PM org.eclipse.birt.chart.device.swt.SwtRendererImpl enableInteraction
INFO: Cannot enable interaction if an IUpdateNotifier is not associated with the renderer.
Sep 09, 2013 5:34:07 PM org.eclipse.birt.chart.device.swt.SwtRendererImpl enableInteraction
INFO: Cannot enable interaction if an IUpdateNotifier is not associated with the renderer.
Sep 09, 2013 5:34:07 PM org.eclipse.birt.chart.device.swt.SwtRendererImpl enableInteraction
INFO: Cannot enable interaction if an IUpdateNotifier is not associated with the renderer.
Sep 09, 2013 5:34:07 PM org.eclipse.birt.chart.device.swt.SwtRendererImpl enableInteraction
INFO: Cannot enable interaction if an IUpdateNotifier is not associated with the renderer.
Sep 09, 2013 5:34:07 PM org.eclipse.birt.chart.device.swt.SwtRendererImpl enableInteraction
INFO: Cannot enable interaction if an IUpdateNotifier is not associated with the renderer.
Sep 09, 2013 5:34:07 PM org.eclipse.birt.chart.device.swt.SwtRendererImpl enableInteraction
INFO: Cannot enable interaction if an IUpdateNotifier is not associated with the renderer.
Sep 09, 2013 5:34:07 PM org.eclipse.birt.chart.device.swt.SwtRendererImpl enableInteraction
INFO: Cannot enable interaction if an IUpdateNotifier is not associated with the renderer.
Sep 09, 2013 5:34:20 PM org.eclipse.birt.chart.device.swing.SwingDisplayServer <init>
INFO: SWING Display Server: Oracle Corporation v1.7.0_03
Sep 09, 2013 5:34:21 PM org.eclipse.birt.chart.device.swing.SwingRendererImpl prepareGraphicsContext
INFO: Using graphics context sun.java2d.SunGraphics2D[font=java.awt.Font[family=Dialog,name=Dialog,style=plain,size=12],color=java.awt.Color[r=255,g=255,b=255]]
Sep 09, 2013 5:34:21 PM org.eclipse.birt.chart.render.EmptyWithAxes renderSeries
INFO: org.eclipse.birt.chart.render.EmptyWithAxes: renderSeries() [1/2]
Sep 09, 2013 5:37:32 PM org.eclipse.birt.chart.device.swt.SwtRendererImpl setProperty
INFO: Using graphics context org.eclipse.swt.graphics.GC@GC {234951464}
Sep 09, 2013 5:37:32 PM org.eclipse.birt.chart.render.EmptyWithAxes renderSeries
INFO: org.eclipse.birt.chart.render.EmptyWithAxes: renderSeries() [1/2]
Sep 09, 2013 5:37:32 PM org.eclipse.birt.chart.device.swt.SwtRendererImpl enableInteraction
INFO: Cannot enable interaction if an IUpdateNotifier is not associated with the renderer.
Sep 09, 2013 5:37:32 PM org.eclipse.birt.chart.device.swt.SwtRendererImpl enableInteraction
INFO: Cannot enable interaction if an IUpdateNotifier is not associated with the renderer.
Sep 09, 2013 5:37:32 PM org.eclipse.birt.chart.device.swt.SwtRendererImpl enableInteraction
INFO: Cannot enable interaction if an IUpdateNotifier is not associated with the renderer.
Sep 09, 2013 5:37:32 PM org.eclipse.birt.chart.device.swt.SwtRendererImpl enableInteraction
INFO: Cannot enable interaction if an IUpdateNotifier is not associated with the renderer.
Sep 09, 2013 5:37:32 PM org.eclipse.birt.chart.device.swt.SwtRendererImpl enableInteraction
INFO: Cannot enable interaction if an IUpdateNotifier is not associated with the renderer.
Sep 09, 2013 5:37:32 PM org.eclipse.birt.chart.device.swt.SwtRendererImpl enableInteraction
INFO: Cannot enable interaction if an IUpdateNotifier is not associated with the renderer.
Sep 09, 2013 5:37:32 PM org.eclipse.birt.chart.device.swt.SwtRendererImpl enableInteraction
INFO: Cannot enable interaction if an IUpdateNotifier is not associated with the renderer.
Sep 09, 2013 5:37:32 PM org.eclipse.birt.chart.device.swt.SwtRendererImpl enableInteraction
INFO: Cannot enable interaction if an IUpdateNotifier is not associated with the renderer.
Sep 09, 2013 5:37:32 PM org.eclipse.birt.chart.device.swt.SwtRendererImpl enableInteraction
INFO: Cannot enable interaction if an IUpdateNotifier is not associated with the renderer.
Sep 09, 2013 5:37:36 PM org.eclipse.birt.chart.device.swt.SwtRendererImpl setProperty
INFO: Using graphics context org.eclipse.swt.graphics.GC@GC {234951464}
Sep 09, 2013 5:37:36 PM org.eclipse.birt.chart.render.EmptyWithAxes renderSeries
INFO: org.eclipse.birt.chart.render.EmptyWithAxes: renderSeries() [1/2]
Sep 09, 2013 5:37:36 PM org.eclipse.birt.chart.device.swt.SwtRendererImpl enableInteraction
INFO: Cannot enable interaction if an IUpdateNotifier is not associated with the renderer.
Sep 09, 2013 5:37:36 PM org.eclipse.birt.chart.device.swt.SwtRendererImpl enableInteraction
INFO: Cannot enable interaction if an IUpdateNotifier is not associated with the renderer.
Sep 09, 2013 5:37:36 PM org.eclipse.birt.chart.device.swt.SwtRendererImpl enableInteraction
INFO: Cannot enable interaction if an IUpdateNotifier is not associated with the renderer.
Sep 09, 2013 5:37:36 PM org.eclipse.birt.chart.device.swt.SwtRendererImpl enableInteraction
INFO: Cannot enable interaction if an IUpdateNotifier is not associated with the renderer.
Sep 09, 2013 5:37:36 PM org.eclipse.birt.chart.device.swt.SwtRendererImpl enableInteraction
INFO: Cannot enable interaction if an IUpdateNotifier is not associated with the renderer.
Sep 09, 2013 5:37:36 PM org.eclipse.birt.chart.device.swt.SwtRendererImpl enableInteraction
INFO: Cannot enable interaction if an IUpdateNotifier is not associated with the renderer.
Sep 09, 2013 5:37:36 PM org.eclipse.birt.chart.device.swt.SwtRendererImpl enableInteraction
INFO: Cannot enable interaction if an IUpdateNotifier is not associated with the renderer.
Sep 09, 2013 5:37:36 PM org.eclipse.birt.chart.device.swt.SwtRendererImpl enableInteraction
INFO: Cannot enable interaction if an IUpdateNotifier is not associated with the renderer.
Sep 09, 2013 5:37:36 PM org.eclipse.birt.chart.device.swt.SwtRendererImpl enableInteraction
INFO: Cannot enable interaction if an IUpdateNotifier is not associated with the renderer.
Sep 09, 2013 5:37:58 PM org.eclipse.birt.chart.device.swt.SwtDisplayServer <init>
INFO: SWT Display Server: win32 v4,236
Sep 09, 2013 5:37:58 PM org.eclipse.birt.chart.device.swt.SwtRendererImpl setProperty
INFO: Using graphics context org.eclipse.swt.graphics.GC@GC {100738579}
Sep 09, 2013 5:37:58 PM org.eclipse.birt.chart.render.EmptyWithAxes renderSeries
INFO: org.eclipse.birt.chart.render.EmptyWithAxes: renderSeries() [1/2]
Sep 09, 2013 5:37:58 PM org.eclipse.birt.chart.extension.render.Bar renderSeries
INFO: org.eclipse.birt.chart.extension.render.Bar: renderSeries() [2/2]
Sep 09, 2013 5:37:58 PM org.eclipse.birt.chart.device.swt.SwtRendererImpl enableInteraction
INFO: Cannot enable interaction if an IUpdateNotifier is not associated with the renderer.
Sep 09, 2013 5:37:58 PM org.eclipse.birt.chart.device.swt.SwtRendererImpl enableInteraction
INFO: Cannot enable interaction if an IUpdateNotifier is not associated with the renderer.
Sep 09, 2013 5:37:58 PM org.eclipse.birt.chart.device.swt.SwtRendererImpl enableInteraction
INFO: Cannot enable interaction if an IUpdateNotifier is not associated with the renderer.
Sep 09, 2013 5:37:58 PM org.eclipse.birt.chart.device.swt.SwtRendererImpl enableInteraction
INFO: Cannot enable interaction if an IUpdateNotifier is not associated with the renderer.
Sep 09, 2013 5:37:58 PM org.eclipse.birt.chart.device.swt.SwtRendererImpl enableInteraction
INFO: Cannot enable interaction if an IUpdateNotifier is not associated with the renderer.
Sep 09, 2013 5:37:58 PM org.eclipse.birt.chart.device.swt.SwtRendererImpl enableInteraction
INFO: Cannot enable interaction if an IUpdateNotifier is not associated with the renderer.
Sep 09, 2013 5:37:58 PM org.eclipse.birt.chart.device.swt.SwtRendererImpl enableInteraction
INFO: Cannot enable interaction if an IUpdateNotifier is not associated with the renderer.
Sep 09, 2013 5:37:58 PM org.eclipse.birt.chart.device.swt.SwtRendererImpl enableInteraction
INFO: Cannot enable interaction if an IUpdateNotifier is not associated with the renderer.
Sep 09, 2013 5:37:58 PM org.eclipse.birt.chart.device.swt.SwtRendererImpl enableInteraction
INFO: Cannot enable interaction if an IUpdateNotifier is not associated with the renderer.
Sep 09, 2013 5:37:58 PM org.eclipse.birt.chart.device.swt.SwtRendererImpl enableInteraction
INFO: Cannot enable interaction if an IUpdateNotifier is not associated with the renderer.
Sep 09, 2013 5:37:58 PM org.eclipse.birt.chart.device.swt.SwtRendererImpl enableInteraction
INFO: Cannot enable interaction if an IUpdateNotifier is not associated with the renderer.
Sep 09, 2013 5:37:58 PM org.eclipse.birt.chart.device.swt.SwtRendererImpl enableInteraction
INFO: Cannot enable interaction if an IUpdateNotifier is not associated with the renderer.
Sep 09, 2013 5:37:58 PM org.eclipse.birt.chart.device.swt.SwtRendererImpl enableInteraction
INFO: Cannot enable interaction if an IUpdateNotifier is not associated with the renderer.
Sep 09, 2013 5:37:58 PM org.eclipse.birt.chart.device.swt.SwtRendererImpl enableInteraction
INFO: Cannot enable interaction if an IUpdateNotifier is not associated with the renderer.
Sep 09, 2013 5:37:58 PM org.eclipse.birt.chart.device.swt.SwtRendererImpl enableInteraction
INFO: Cannot enable interaction if an IUpdateNotifier is not associated with the renderer.
Sep 09, 2013 5:37:58 PM org.eclipse.birt.chart.device.swt.SwtRendererImpl enableInteraction
INFO: Cannot enable interaction if an IUpdateNotifier is not associated with the renderer.
Sep 09, 2013 5:37:58 PM org.eclipse.birt.chart.device.swt.SwtRendererImpl enableInteraction
INFO: Cannot enable interaction if an IUpdateNotifier is not associated with the renderer.
Sep 09, 2013 5:38:02 PM org.eclipse.birt.chart.device.swt.SwtDisplayServer <init>
INFO: SWT Display Server: win32 v4,236
Sep 09, 2013 5:38:02 PM org.eclipse.birt.chart.device.swt.SwtRendererImpl setProperty
INFO: Using graphics context org.eclipse.swt.graphics.GC@GC {-1107221025}
Sep 09, 2013 5:38:02 PM org.eclipse.birt.chart.render.EmptyWithAxes renderSeries
INFO: org.eclipse.birt.chart.render.EmptyWithAxes: renderSeries() [1/2]
Sep 09, 2013 5:38:02 PM org.eclipse.birt.chart.device.swt.SwtRendererImpl enableInteraction
INFO: Cannot enable interaction if an IUpdateNotifier is not associated with the renderer.
Sep 09, 2013 5:38:02 PM org.eclipse.birt.chart.device.swt.SwtRendererImpl enableInteraction
INFO: Cannot enable interaction if an IUpdateNotifier is not associated with the renderer.
Sep 09, 2013 5:38:02 PM org.eclipse.birt.chart.device.swt.SwtRendererImpl enableInteraction
INFO: Cannot enable interaction if an IUpdateNotifier is not associated with the renderer.
Sep 09, 2013 5:38:02 PM org.eclipse.birt.chart.device.swt.SwtRendererImpl enableInteraction
INFO: Cannot enable interaction if an IUpdateNotifier is not associated with the renderer.
Sep 09, 2013 5:38:02 PM org.eclipse.birt.chart.device.swt.SwtRendererImpl enableInteraction
INFO: Cannot enable interaction if an IUpdateNotifier is not associated with the renderer.
Sep 09, 2013 5:38:02 PM org.eclipse.birt.chart.device.swt.SwtRendererImpl enableInteraction
INFO: Cannot enable interaction if an IUpdateNotifier is not associated with the renderer.
Sep 09, 2013 5:38:02 PM org.eclipse.birt.chart.device.swt.SwtRendererImpl enableInteraction
INFO: Cannot enable interaction if an IUpdateNotifier is not associated with the renderer.
Sep 09, 2013 5:38:02 PM org.eclipse.birt.chart.device.swt.SwtRendererImpl enableInteraction
INFO: Cannot enable interaction if an IUpdateNotifier is not associated with the renderer.
Sep 09, 2013 5:38:02 PM org.eclipse.birt.chart.device.swt.SwtRendererImpl enableInteraction
INFO: Cannot enable interaction if an IUpdateNotifier is not associated with the renderer.
Sep 09, 2013 5:38:02 PM org.eclipse.birt.chart.device.swt.SwtRendererImpl enableInteraction
INFO: Cannot enable interaction if an IUpdateNotifier is not associated with the renderer.
Sep 09, 2013 5:38:02 PM org.eclipse.birt.chart.device.swt.SwtRendererImpl enableInteraction
INFO: Cannot enable interaction if an IUpdateNotifier is not associated with the renderer.
Sep 09, 2013 5:38:04 PM org.eclipse.birt.chart.device.swt.SwtDisplayServer <init>
INFO: SWT Display Server: win32 v4,236
Sep 09, 2013 5:38:04 PM org.eclipse.birt.chart.device.swt.SwtRendererImpl setProperty
INFO: Using graphics context org.eclipse.swt.graphics.GC@GC {1140925959}
Sep 09, 2013 5:38:04 PM org.eclipse.birt.chart.render.EmptyWithAxes renderSeries
INFO: org.eclipse.birt.chart.render.EmptyWithAxes: renderSeries() [1/2]
Sep 09, 2013 5:38:04 PM org.eclipse.birt.chart.device.swt.SwtRendererImpl enableInteraction
INFO: Cannot enable interaction if an IUpdateNotifier is not associated with the renderer.
Sep 09, 2013 5:38:04 PM org.eclipse.birt.chart.device.swt.SwtRendererImpl enableInteraction
INFO: Cannot enable interaction if an IUpdateNotifier is not associated with the renderer.
Sep 09, 2013 5:38:04 PM org.eclipse.birt.chart.device.swt.SwtRendererImpl enableInteraction
INFO: Cannot enable interaction if an IUpdateNotifier is not associated with the renderer.
Sep 09, 2013 5:38:04 PM org.eclipse.birt.chart.device.swt.SwtRendererImpl enableInteraction
INFO: Cannot enable interaction if an IUpdateNotifier is not associated with the renderer.
Sep 09, 2013 5:38:04 PM org.eclipse.birt.chart.device.swt.SwtRendererImpl enableInteraction
INFO: Cannot enable interaction if an IUpdateNotifier is not associated with the renderer.
Sep 09, 2013 5:38:04 PM org.eclipse.birt.chart.device.swt.SwtRendererImpl enableInteraction
INFO: Cannot enable interaction if an IUpdateNotifier is not associated with the renderer.
Sep 09, 2013 5:38:04 PM org.eclipse.birt.chart.device.swt.SwtRendererImpl enableInteraction
INFO: Cannot enable interaction if an IUpdateNotifier is not associated with the renderer.
Sep 09, 2013 5:38:04 PM org.eclipse.birt.chart.device.swt.SwtRendererImpl enableInteraction
INFO: Cannot enable interaction if an IUpdateNotifier is not associated with the renderer.
Sep 09, 2013 5:38:04 PM org.eclipse.birt.chart.device.swt.SwtRendererImpl enableInteraction
INFO: Cannot enable interaction if an IUpdateNotifier is not associated with the renderer.
Sep 09, 2013 5:38:04 PM org.eclipse.birt.chart.device.swt.SwtRendererImpl enableInteraction
INFO: Cannot enable interaction if an IUpdateNotifier is not associated with the renderer.
Sep 09, 2013 5:38:04 PM org.eclipse.birt.chart.device.swt.SwtRendererImpl enableInteraction
INFO: Cannot enable interaction if an IUpdateNotifier is not associated with the renderer.
Sep 09, 2013 5:38:15 PM org.eclipse.birt.chart.ui.swt.wizard.ChartAdapter notifyChanged
INFO: ChartAdapter: Notification received for org.eclipse.birt.chart.model.data.impl.QueryImpl
Sep 09, 2013 5:38:15 PM org.eclipse.birt.chart.ui.swt.wizard.ChartAdapter notifyChanged
INFO: ChartAdapter: New Value is row["Label"]
Sep 09, 2013 5:38:15 PM org.eclipse.birt.chart.device.swt.SwtDisplayServer <init>
INFO: SWT Display Server: win32 v4,236
Sep 09, 2013 5:38:15 PM org.eclipse.birt.chart.device.swt.SwtRendererImpl setProperty
INFO: Using graphics context org.eclipse.swt.graphics.GC@GC {1610687899}
Sep 09, 2013 5:38:15 PM org.eclipse.birt.chart.render.EmptyWithAxes renderSeries
INFO: org.eclipse.birt.chart.render.EmptyWithAxes: renderSeries() [1/2]
Sep 09, 2013 5:38:15 PM org.eclipse.birt.chart.device.swt.SwtRendererImpl enableInteraction
INFO: Cannot enable interaction if an IUpdateNotifier is not associated with the renderer.
Sep 09, 2013 5:38:15 PM org.eclipse.birt.chart.device.swt.SwtRendererImpl enableInteraction
INFO: Cannot enable interaction if an IUpdateNotifier is not associated with the renderer.
Sep 09, 2013 5:38:15 PM org.eclipse.birt.chart.device.swt.SwtRendererImpl enableInteraction
INFO: Cannot enable interaction if an IUpdateNotifier is not associated with the renderer.
Sep 09, 2013 5:38:15 PM org.eclipse.birt.chart.device.swt.SwtRendererImpl enableInteraction
INFO: Cannot enable interaction if an IUpdateNotifier is not associated with the renderer.
Sep 09, 2013 5:38:15 PM org.eclipse.birt.chart.device.swt.SwtRendererImpl enableInteraction
INFO: Cannot enable interaction if an IUpdateNotifier is not associated with the renderer.
Sep 09, 2013 5:38:15 PM org.eclipse.birt.chart.device.swt.SwtRendererImpl enableInteraction
INFO: Cannot enable interaction if an IUpdateNotifier is not associated with the renderer.
Sep 09, 2013 5:38:15 PM org.eclipse.birt.chart.device.swt.SwtRendererImpl enableInteraction
INFO: Cannot enable interaction if an IUpdateNotifier is not associated with the renderer.
Sep 09, 2013 5:38:15 PM org.eclipse.birt.chart.device.swt.SwtRendererImpl enableInteraction
INFO: Cannot enable interaction if an IUpdateNotifier is not associated with the renderer.
Sep 09, 2013 5:38:15 PM org.eclipse.birt.chart.device.swt.SwtRendererImpl enableInteraction
INFO: Cannot enable interaction if an IUpdateNotifier is not associated with the renderer.
Sep 09, 2013 5:38:15 PM org.eclipse.birt.chart.device.swt.SwtRendererImpl enableInteraction
INFO: Cannot enable interaction if an IUpdateNotifier is not associated with the renderer.
Sep 09, 2013 5:38:15 PM org.eclipse.birt.chart.device.swt.SwtRendererImpl enableInteraction
INFO: Cannot enable interaction if an IUpdateNotifier is not associated with the renderer.
Sep 09, 2013 5:38:23 PM org.eclipse.birt.chart.ui.swt.wizard.ChartAdapter notifyChanged
INFO: ChartAdapter: Notification received for org.eclipse.birt.chart.model.data.impl.QueryImpl
Sep 09, 2013 5:38:23 PM org.eclipse.birt.chart.ui.swt.wizard.ChartAdapter notifyChanged
INFO: ChartAdapter: New Value is row["LEVEL"]
Sep 09, 2013 5:38:24 PM org.eclipse.birt.chart.device.swt.SwtDisplayServer <init>
INFO: SWT Display Server: win32 v4,236
Sep 09, 2013 5:38:24 PM org.eclipse.birt.chart.device.swt.SwtRendererImpl setProperty
INFO: Using graphics context org.eclipse.swt.graphics.GC@GC {-1090443727}
Sep 09, 2013 5:38:24 PM org.eclipse.birt.chart.render.EmptyWithAxes renderSeries
INFO: org.eclipse.birt.chart.render.EmptyWithAxes: renderSeries() [1/2]
Sep 09, 2013 5:38:24 PM org.eclipse.birt.chart.device.swt.SwtRendererImpl enableInteraction
INFO: Cannot enable interaction if an IUpdateNotifier is not associated with the renderer.
Sep 09, 2013 5:38:24 PM org.eclipse.birt.chart.device.swt.SwtRendererImpl enableInteraction
INFO: Cannot enable interaction if an IUpdateNotifier is not associated with the renderer.
Sep 09, 2013 5:38:24 PM org.eclipse.birt.chart.device.swt.SwtRendererImpl enableInteraction
INFO: Cannot enable interaction if an IUpdateNotifier is not associated with the renderer.
Sep 09, 2013 5:38:24 PM org.eclipse.birt.chart.device.swt.SwtRendererImpl enableInteraction
INFO: Cannot enable interaction if an IUpdateNotifier is not associated with the renderer.
Sep 09, 2013 5:38:24 PM org.eclipse.birt.chart.device.swt.SwtRendererImpl enableInteraction
INFO: Cannot enable interaction if an IUpdateNotifier is not associated with the renderer.
Sep 09, 2013 5:38:24 PM org.eclipse.birt.chart.device.swt.SwtRendererImpl enableInteraction
INFO: Cannot enable interaction if an IUpdateNotifier is not associated with the renderer.
Sep 09, 2013 5:38:24 PM org.eclipse.birt.chart.device.swt.SwtRendererImpl enableInteraction
INFO: Cannot enable interaction if an IUpdateNotifier is not associated with the renderer.
Sep 09, 2013 5:38:24 PM org.eclipse.birt.chart.device.swt.SwtRendererImpl enableInteraction
INFO: Cannot enable interaction if an IUpdateNotifier is not associated with the renderer.
Sep 09, 2013 5:38:24 PM org.eclipse.birt.chart.device.swt.SwtRendererImpl enableInteraction
INFO: Cannot enable interaction if an IUpdateNotifier is not associated with the renderer.
Sep 09, 2013 5:38:24 PM org.eclipse.birt.chart.device.swt.SwtRendererImpl enableInteraction
INFO: Cannot enable interaction if an IUpdateNotifier is not associated with the renderer.
Sep 09, 2013 5:38:24 PM org.eclipse.birt.chart.device.swt.SwtRendererImpl enableInteraction
INFO: Cannot enable interaction if an IUpdateNotifier is not associated with the renderer.
Sep 09, 2013 5:38:34 PM org.eclipse.birt.chart.ui.swt.wizard.ChartAdapter notifyChanged
INFO: ChartAdapter: Notification received for org.eclipse.birt.chart.model.data.impl.QueryImpl
Sep 09, 2013 5:38:34 PM org.eclipse.birt.chart.ui.swt.wizard.ChartAdapter notifyChanged
INFO: ChartAdapter: New Value is row["Time"]
Sep 09, 2013 5:38:34 PM org.eclipse.birt.chart.reportitem.BaseGroupedQueryResultSetEvaluator next
WARNING: Exception
org.eclipse.birt.data.engine.core.DataException: A BIRT exception occurred. See next exception for more information.
Can not convert the value of STRING to Double type.
	at org.eclipse.birt.data.engine.core.DataException.wrap(DataException.java:123)
	at org.eclipse.birt.data.aggregation.calculator.StringCalculator.toDouble(StringCalculator.java:140)
	at org.eclipse.birt.data.aggregation.calculator.StringCalculator.convert(StringCalculator.java:108)
	at org.eclipse.birt.data.aggregation.calculator.StringCalculator.add(StringCalculator.java:39)
	at org.eclipse.birt.data.aggregation.impl.TotalSum$MyAccumulator.onRow(TotalSum.java:118)
	at org.eclipse.birt.data.engine.executor.aggregation.AggregationHelper.onRow(AggregationHelper.java:358)
	at org.eclipse.birt.data.engine.executor.aggregation.AggregationHelper.pass(AggregationHelper.java:185)
	at org.eclipse.birt.data.engine.executor.aggregation.AggregationHelper.calculate(AggregationHelper.java:148)
	at org.eclipse.birt.data.engine.executor.aggregation.AggregationHelper.populateAggregations(AggregationHelper.java:110)
	at org.eclipse.birt.data.engine.executor.aggregation.AggregationHelper.<init>(AggregationHelper.java:86)
	at org.eclipse.birt.data.engine.executor.transform.pass.ResultSetProcessUtil.populateAggregationInBinding(ResultSetProcessUtil.java:254)
	at org.eclipse.birt.data.engine.executor.transform.pass.ResultSetProcessUtil.populateAggregation(ResultSetProcessUtil.java:221)
	at org.eclipse.birt.data.engine.executor.transform.pass.ResultSetProcessUtil.populateResultSet(ResultSetProcessUtil.java:177)
	at org.eclipse.birt.data.engine.executor.transform.pass.ResultSetProcessUtil.doPopulate(ResultSetProcessUtil.java:95)
	at org.eclipse.birt.data.engine.executor.transform.pass.PassManager.prepareQueryResultSet(PassManager.java:108)
	at org.eclipse.birt.data.engine.executor.transform.pass.PassManager.pass(PassManager.java:135)
	at org.eclipse.birt.data.engine.executor.transform.pass.PassManager.populateResultSet(PassManager.java:74)
	at org.eclipse.birt.data.engine.executor.transform.ResultSetPopulator.populateResultSet(ResultSetPopulator.java:218)
	at org.eclipse.birt.data.engine.executor.transform.CachedResultSet.<init>(CachedResultSet.java:171)
	at org.eclipse.birt.data.engine.executor.dscache.DataSourceQuery.execute(DataSourceQuery.java:186)
	at org.eclipse.birt.data.engine.impl.PreparedOdaDSQuery$OdaDSQueryExecutor.executeOdiQuery(PreparedOdaDSQuery.java:445)
	at org.eclipse.birt.data.engine.impl.QueryExecutor.execute(QueryExecutor.java:1208)
	at org.eclipse.birt.data.engine.impl.ServiceForQueryResults.executeQuery(ServiceForQueryResults.java:232)
	at org.eclipse.birt.data.engine.impl.QueryResults.getResultIterator(QueryResults.java:178)
	at org.eclipse.birt.chart.reportitem.ui.ReportDataServiceProvider.createBaseEvaluator(ReportDataServiceProvider.java:1597)
	at org.eclipse.birt.chart.reportitem.ui.ReportDataServiceProvider.prepareRowExpressionEvaluator(ReportDataServiceProvider.java:1530)
	at org.eclipse.birt.chart.ui.util.ChartUIUtil.doLivePreview(ChartUIUtil.java:577)
	at org.eclipse.birt.chart.ui.util.ChartUIUtil.prepareLivePreview(ChartUIUtil.java:1728)
	at org.eclipse.birt.chart.ui.swt.wizard.TaskSelectData$1.run(TaskSelectData.java:840)
	at org.eclipse.birt.chart.ui.swt.wizard.preview.ChartLivePreviewThread.run(ChartLivePreviewThread.java:200)
Caused by: org.eclipse.birt.core.exception.CoreException: Can not convert the value of STRING to Double type.
	... 29 more

Sep 09, 2013 5:38:34 PM org.eclipse.birt.chart.device.swt.SwtDisplayServer <init>
INFO: SWT Display Server: win32 v4,236
Sep 09, 2013 5:38:34 PM org.eclipse.birt.chart.device.swt.SwtRendererImpl setProperty
INFO: Using graphics context org.eclipse.swt.graphics.GC@GC {-1342102117}
Sep 09, 2013 5:38:34 PM org.eclipse.birt.chart.render.EmptyWithAxes renderSeries
INFO: org.eclipse.birt.chart.render.EmptyWithAxes: renderSeries() [1/2]
Sep 09, 2013 5:38:34 PM org.eclipse.birt.chart.device.swt.SwtRendererImpl enableInteraction
INFO: Cannot enable interaction if an IUpdateNotifier is not associated with the renderer.
Sep 09, 2013 5:38:34 PM org.eclipse.birt.chart.device.swt.SwtRendererImpl enableInteraction
INFO: Cannot enable interaction if an IUpdateNotifier is not associated with the renderer.
Sep 09, 2013 5:38:34 PM org.eclipse.birt.chart.device.swt.SwtRendererImpl enableInteraction
INFO: Cannot enable interaction if an IUpdateNotifier is not associated with the renderer.
Sep 09, 2013 5:38:34 PM org.eclipse.birt.chart.device.swt.SwtRendererImpl enableInteraction
INFO: Cannot enable interaction if an IUpdateNotifier is not associated with the renderer.
Sep 09, 2013 5:38:34 PM org.eclipse.birt.chart.device.swt.SwtRendererImpl enableInteraction
INFO: Cannot enable interaction if an IUpdateNotifier is not associated with the renderer.
Sep 09, 2013 5:38:34 PM org.eclipse.birt.chart.device.swt.SwtRendererImpl enableInteraction
INFO: Cannot enable interaction if an IUpdateNotifier is not associated with the renderer.
Sep 09, 2013 5:38:34 PM org.eclipse.birt.chart.device.swt.SwtRendererImpl enableInteraction
INFO: Cannot enable interaction if an IUpdateNotifier is not associated with the renderer.
Sep 09, 2013 5:38:34 PM org.eclipse.birt.chart.device.swt.SwtRendererImpl enableInteraction
INFO: Cannot enable interaction if an IUpdateNotifier is not associated with the renderer.
Sep 09, 2013 5:38:34 PM org.eclipse.birt.chart.device.swt.SwtRendererImpl enableInteraction
INFO: Cannot enable interaction if an IUpdateNotifier is not associated with the renderer.
Sep 09, 2013 5:38:34 PM org.eclipse.birt.chart.device.swt.SwtRendererImpl enableInteraction
INFO: Cannot enable interaction if an IUpdateNotifier is not associated with the renderer.
Sep 09, 2013 5:38:40 PM org.eclipse.birt.chart.reportitem.BaseGroupedQueryResultSetEvaluator next
WARNING: Exception
org.eclipse.birt.data.engine.core.DataException: A BIRT exception occurred. See next exception for more information.
Can not convert the value of STRING to Double type.
	at org.eclipse.birt.data.engine.core.DataException.wrap(DataException.java:123)
	at org.eclipse.birt.data.aggregation.calculator.StringCalculator.toDouble(StringCalculator.java:140)
	at org.eclipse.birt.data.aggregation.calculator.StringCalculator.convert(StringCalculator.java:108)
	at org.eclipse.birt.data.aggregation.calculator.StringCalculator.add(StringCalculator.java:39)
	at org.eclipse.birt.data.aggregation.impl.TotalSum$MyAccumulator.onRow(TotalSum.java:118)
	at org.eclipse.birt.data.engine.executor.aggregation.AggregationHelper.onRow(AggregationHelper.java:358)
	at org.eclipse.birt.data.engine.executor.aggregation.AggregationHelper.pass(AggregationHelper.java:185)
	at org.eclipse.birt.data.engine.executor.aggregation.AggregationHelper.calculate(AggregationHelper.java:148)
	at org.eclipse.birt.data.engine.executor.aggregation.AggregationHelper.populateAggregations(AggregationHelper.java:110)
	at org.eclipse.birt.data.engine.executor.aggregation.AggregationHelper.<init>(AggregationHelper.java:86)
	at org.eclipse.birt.data.engine.executor.transform.pass.ResultSetProcessUtil.populateAggregationInBinding(ResultSetProcessUtil.java:254)
	at org.eclipse.birt.data.engine.executor.transform.pass.ResultSetProcessUtil.populateAggregation(ResultSetProcessUtil.java:221)
	at org.eclipse.birt.data.engine.executor.transform.pass.ResultSetProcessUtil.populateResultSet(ResultSetProcessUtil.java:177)
	at org.eclipse.birt.data.engine.executor.transform.pass.ResultSetProcessUtil.doPopulate(ResultSetProcessUtil.java:95)
	at org.eclipse.birt.data.engine.executor.transform.pass.PassManager.prepareQueryResultSet(PassManager.java:108)
	at org.eclipse.birt.data.engine.executor.transform.pass.PassManager.pass(PassManager.java:135)
	at org.eclipse.birt.data.engine.executor.transform.pass.PassManager.populateResultSet(PassManager.java:74)
	at org.eclipse.birt.data.engine.executor.transform.ResultSetPopulator.populateResultSet(ResultSetPopulator.java:218)
	at org.eclipse.birt.data.engine.executor.transform.CachedResultSet.<init>(CachedResultSet.java:171)
	at org.eclipse.birt.data.engine.executor.dscache.DataSourceQuery.execute(DataSourceQuery.java:186)
	at org.eclipse.birt.data.engine.impl.PreparedOdaDSQuery$OdaDSQueryExecutor.executeOdiQuery(PreparedOdaDSQuery.java:445)
	at org.eclipse.birt.data.engine.impl.QueryExecutor.execute(QueryExecutor.java:1208)
	at org.eclipse.birt.data.engine.impl.ServiceForQueryResults.executeQuery(ServiceForQueryResults.java:232)
	at org.eclipse.birt.data.engine.impl.QueryResults.getResultIterator(QueryResults.java:178)
	at org.eclipse.birt.chart.reportitem.ui.ReportDataServiceProvider.createBaseEvaluator(ReportDataServiceProvider.java:1597)
	at org.eclipse.birt.chart.reportitem.ui.ReportDataServiceProvider.prepareRowExpressionEvaluator(ReportDataServiceProvider.java:1530)
	at org.eclipse.birt.chart.ui.util.ChartUIUtil.doLivePreview(ChartUIUtil.java:577)
	at org.eclipse.birt.chart.ui.util.ChartUIUtil.prepareLivePreview(ChartUIUtil.java:1728)
	at org.eclipse.birt.chart.ui.swt.wizard.TaskFormatChart$3.run(TaskFormatChart.java:1102)
	at org.eclipse.birt.chart.ui.swt.wizard.preview.ChartLivePreviewThread.run(ChartLivePreviewThread.java:200)
Caused by: org.eclipse.birt.core.exception.CoreException: Can not convert the value of STRING to Double type.
	... 29 more

Sep 09, 2013 5:38:56 PM org.eclipse.birt.chart.device.swt.SwtDisplayServer <init>
INFO: SWT Display Server: win32 v4,236
Sep 09, 2013 5:38:56 PM org.eclipse.birt.chart.device.swt.SwtRendererImpl setProperty
INFO: Using graphics context org.eclipse.swt.graphics.GC@GC {1476470311}
Sep 09, 2013 5:38:56 PM org.eclipse.birt.chart.render.EmptyWithAxes renderSeries
INFO: org.eclipse.birt.chart.render.EmptyWithAxes: renderSeries() [1/2]
Sep 09, 2013 5:38:56 PM org.eclipse.birt.chart.device.swt.SwtRendererImpl enableInteraction
INFO: Cannot enable interaction if an IUpdateNotifier is not associated with the renderer.
Sep 09, 2013 5:38:56 PM org.eclipse.birt.chart.device.swt.SwtRendererImpl enableInteraction
INFO: Cannot enable interaction if an IUpdateNotifier is not associated with the renderer.
Sep 09, 2013 5:38:56 PM org.eclipse.birt.chart.device.swt.SwtRendererImpl enableInteraction
INFO: Cannot enable interaction if an IUpdateNotifier is not associated with the renderer.
Sep 09, 2013 5:38:56 PM org.eclipse.birt.chart.device.swt.SwtRendererImpl enableInteraction
INFO: Cannot enable interaction if an IUpdateNotifier is not associated with the renderer.
Sep 09, 2013 5:38:56 PM org.eclipse.birt.chart.device.swt.SwtRendererImpl enableInteraction
INFO: Cannot enable interaction if an IUpdateNotifier is not associated with the renderer.
Sep 09, 2013 5:38:56 PM org.eclipse.birt.chart.device.swt.SwtRendererImpl enableInteraction
INFO: Cannot enable interaction if an IUpdateNotifier is not associated with the renderer.
Sep 09, 2013 5:38:56 PM org.eclipse.birt.chart.device.swt.SwtRendererImpl enableInteraction
INFO: Cannot enable interaction if an IUpdateNotifier is not associated with the renderer.
Sep 09, 2013 5:38:56 PM org.eclipse.birt.chart.device.swt.SwtRendererImpl enableInteraction
INFO: Cannot enable interaction if an IUpdateNotifier is not associated with the renderer.
Sep 09, 2013 5:38:56 PM org.eclipse.birt.chart.device.swt.SwtRendererImpl enableInteraction
INFO: Cannot enable interaction if an IUpdateNotifier is not associated with the renderer.
Sep 09, 2013 5:38:56 PM org.eclipse.birt.chart.device.swt.SwtRendererImpl setProperty
INFO: Using graphics context org.eclipse.swt.graphics.GC@GC {1476470311}
Sep 09, 2013 5:38:56 PM org.eclipse.birt.chart.render.EmptyWithAxes renderSeries
INFO: org.eclipse.birt.chart.render.EmptyWithAxes: renderSeries() [1/2]
Sep 09, 2013 5:38:56 PM org.eclipse.birt.chart.device.swt.SwtRendererImpl enableInteraction
INFO: Cannot enable interaction if an IUpdateNotifier is not associated with the renderer.
Sep 09, 2013 5:38:56 PM org.eclipse.birt.chart.device.swt.SwtRendererImpl enableInteraction
INFO: Cannot enable interaction if an IUpdateNotifier is not associated with the renderer.
Sep 09, 2013 5:38:56 PM org.eclipse.birt.chart.device.swt.SwtRendererImpl enableInteraction
INFO: Cannot enable interaction if an IUpdateNotifier is not associated with the renderer.
Sep 09, 2013 5:38:56 PM org.eclipse.birt.chart.device.swt.SwtRendererImpl enableInteraction
INFO: Cannot enable interaction if an IUpdateNotifier is not associated with the renderer.
Sep 09, 2013 5:38:56 PM org.eclipse.birt.chart.device.swt.SwtRendererImpl enableInteraction
INFO: Cannot enable interaction if an IUpdateNotifier is not associated with the renderer.
Sep 09, 2013 5:38:56 PM org.eclipse.birt.chart.device.swt.SwtRendererImpl enableInteraction
INFO: Cannot enable interaction if an IUpdateNotifier is not associated with the renderer.
Sep 09, 2013 5:38:56 PM org.eclipse.birt.chart.device.swt.SwtRendererImpl enableInteraction
INFO: Cannot enable interaction if an IUpdateNotifier is not associated with the renderer.
Sep 09, 2013 5:38:56 PM org.eclipse.birt.chart.device.swt.SwtRendererImpl enableInteraction
INFO: Cannot enable interaction if an IUpdateNotifier is not associated with the renderer.
Sep 09, 2013 5:38:56 PM org.eclipse.birt.chart.device.swt.SwtRendererImpl enableInteraction
INFO: Cannot enable interaction if an IUpdateNotifier is not associated with the renderer.
Sep 09, 2013 5:39:00 PM org.eclipse.birt.chart.device.swing.SwingDisplayServer <init>
INFO: SWING Display Server: Oracle Corporation v1.7.0_03
Sep 09, 2013 5:39:00 PM org.eclipse.birt.chart.device.swing.SwingRendererImpl prepareGraphicsContext
INFO: Using graphics context sun.java2d.SunGraphics2D[font=java.awt.Font[family=Dialog,name=Dialog,style=plain,size=12],color=java.awt.Color[r=255,g=255,b=255]]
Sep 09, 2013 5:39:00 PM org.eclipse.birt.chart.render.EmptyWithAxes renderSeries
INFO: org.eclipse.birt.chart.render.EmptyWithAxes: renderSeries() [1/2]
Sep 09, 2013 5:39:16 PM org.eclipse.birt.chart.device.swing.SwingDisplayServer <init>
INFO: SWING Display Server: Oracle Corporation v1.7.0_03
Sep 09, 2013 5:39:16 PM org.eclipse.birt.chart.device.swing.SwingRendererImpl prepareGraphicsContext
INFO: Using graphics context sun.java2d.SunGraphics2D[font=java.awt.Font[family=Dialog,name=Dialog,style=plain,size=12],color=java.awt.Color[r=255,g=255,b=255]]
Sep 09, 2013 5:39:16 PM org.eclipse.birt.chart.render.EmptyWithAxes renderSeries
INFO: org.eclipse.birt.chart.render.EmptyWithAxes: renderSeries() [1/2]
Sep 09, 2013 5:48:46 PM org.eclipse.birt.chart.device.swing.SwingDisplayServer <init>
INFO: SWING Display Server: Oracle Corporation v1.7.0_03
Sep 09, 2013 5:48:46 PM org.eclipse.birt.chart.device.swing.SwingRendererImpl prepareGraphicsContext
INFO: Using graphics context sun.java2d.SunGraphics2D[font=java.awt.Font[family=Dialog,name=Dialog,style=plain,size=12],color=java.awt.Color[r=255,g=255,b=255]]
Sep 09, 2013 5:48:46 PM org.eclipse.birt.chart.render.EmptyWithAxes renderSeries
INFO: org.eclipse.birt.chart.render.EmptyWithAxes: renderSeries() [1/2]
