Sep 10, 2013 11:59:45 AM org.eclipse.birt.chart.device.swt.SwtDisplayServer <init>
INFO: SWT Display Server: win32 v4,236
Sep 10, 2013 11:59:45 AM org.eclipse.birt.chart.device.swt.SwtDisplayServer <init>
INFO: SWT Display Server: win32 v4,236
Sep 10, 2013 11:59:46 AM org.eclipse.birt.chart.device.swt.R31Enhance <clinit>
INFO: Advanced SWT graphics functions enabled.
Sep 10, 2013 11:59:46 AM org.eclipse.birt.chart.device.swt.SwtRendererImpl setProperty
INFO: Using graphics context org.eclipse.swt.graphics.GC@GC {1526799272}
Sep 10, 2013 11:59:47 AM org.eclipse.birt.chart.render.EmptyWithAxes renderSeries
INFO: org.eclipse.birt.chart.render.EmptyWithAxes: renderSeries() [1/2]
Sep 10, 2013 11:59:47 AM org.eclipse.birt.chart.device.swt.SwtRendererImpl enableInteraction
INFO: Cannot enable interaction if an IUpdateNotifier is not associated with the renderer.
Sep 10, 2013 11:59:47 AM org.eclipse.birt.chart.device.swt.SwtRendererImpl enableInteraction
INFO: Cannot enable interaction if an IUpdateNotifier is not associated with the renderer.
Sep 10, 2013 11:59:47 AM org.eclipse.birt.chart.device.swt.SwtRendererImpl enableInteraction
INFO: Cannot enable interaction if an IUpdateNotifier is not associated with the renderer.
Sep 10, 2013 11:59:47 AM org.eclipse.birt.chart.device.swt.SwtRendererImpl enableInteraction
INFO: Cannot enable interaction if an IUpdateNotifier is not associated with the renderer.
Sep 10, 2013 11:59:47 AM org.eclipse.birt.chart.device.swt.SwtRendererImpl enableInteraction
INFO: Cannot enable interaction if an IUpdateNotifier is not associated with the renderer.
Sep 10, 2013 11:59:47 AM org.eclipse.birt.chart.device.swt.SwtRendererImpl enableInteraction
INFO: Cannot enable interaction if an IUpdateNotifier is not associated with the renderer.
Sep 10, 2013 11:59:47 AM org.eclipse.birt.chart.device.swt.SwtRendererImpl enableInteraction
INFO: Cannot enable interaction if an IUpdateNotifier is not associated with the renderer.
Sep 10, 2013 11:59:47 AM org.eclipse.birt.chart.device.swt.SwtRendererImpl enableInteraction
INFO: Cannot enable interaction if an IUpdateNotifier is not associated with the renderer.
Sep 10, 2013 11:59:47 AM org.eclipse.birt.chart.device.swt.SwtRendererImpl enableInteraction
INFO: Cannot enable interaction if an IUpdateNotifier is not associated with the renderer.
Sep 10, 2013 11:59:47 AM org.eclipse.birt.chart.device.swt.SwtRendererImpl setProperty
INFO: Using graphics context org.eclipse.swt.graphics.GC@GC {1526799272}
Sep 10, 2013 11:59:47 AM org.eclipse.birt.chart.render.EmptyWithAxes renderSeries
INFO: org.eclipse.birt.chart.render.EmptyWithAxes: renderSeries() [1/2]
Sep 10, 2013 11:59:47 AM org.eclipse.birt.chart.device.swt.SwtRendererImpl enableInteraction
INFO: Cannot enable interaction if an IUpdateNotifier is not associated with the renderer.
Sep 10, 2013 11:59:47 AM org.eclipse.birt.chart.device.swt.SwtRendererImpl enableInteraction
INFO: Cannot enable interaction if an IUpdateNotifier is not associated with the renderer.
Sep 10, 2013 11:59:47 AM org.eclipse.birt.chart.device.swt.SwtRendererImpl enableInteraction
INFO: Cannot enable interaction if an IUpdateNotifier is not associated with the renderer.
Sep 10, 2013 11:59:47 AM org.eclipse.birt.chart.device.swt.SwtRendererImpl enableInteraction
INFO: Cannot enable interaction if an IUpdateNotifier is not associated with the renderer.
Sep 10, 2013 11:59:47 AM org.eclipse.birt.chart.device.swt.SwtRendererImpl enableInteraction
INFO: Cannot enable interaction if an IUpdateNotifier is not associated with the renderer.
Sep 10, 2013 11:59:47 AM org.eclipse.birt.chart.device.swt.SwtRendererImpl enableInteraction
INFO: Cannot enable interaction if an IUpdateNotifier is not associated with the renderer.
Sep 10, 2013 11:59:47 AM org.eclipse.birt.chart.device.swt.SwtRendererImpl enableInteraction
INFO: Cannot enable interaction if an IUpdateNotifier is not associated with the renderer.
Sep 10, 2013 11:59:47 AM org.eclipse.birt.chart.device.swt.SwtRendererImpl enableInteraction
INFO: Cannot enable interaction if an IUpdateNotifier is not associated with the renderer.
Sep 10, 2013 11:59:47 AM org.eclipse.birt.chart.device.swt.SwtRendererImpl enableInteraction
INFO: Cannot enable interaction if an IUpdateNotifier is not associated with the renderer.
Sep 10, 2013 12:01:49 PM org.eclipse.birt.chart.ui.util.UIHelper createImage
WARNING: Exception
java.io.FileNotFoundException: /icons/obj16/CosmoIcon.gif
	at org.eclipse.osgi.framework.internal.protocol.bundleentry.Handler.findBundleEntry(Handler.java:44)
	at org.eclipse.osgi.framework.internal.core.BundleResourceHandler.openConnection(BundleResourceHandler.java:175)
	at java.net.URL.openConnection(Unknown Source)
	at java.net.URL.openStream(Unknown Source)
	at org.eclipse.birt.chart.ui.util.UIHelper.createImage(UIHelper.java:139)
	at org.eclipse.birt.chart.ui.util.UIHelper.getImage(UIHelper.java:180)
	at org.eclipse.birt.chart.piecewiseconstant.ui.type.PiecewiseConstantChart.getImage(TimeView.java:108)
	at org.eclipse.birt.chart.ui.swt.wizard.TaskSelectType.populateChartTypes(TaskSelectType.java:602)
	at org.eclipse.birt.chart.ui.swt.wizard.TaskSelectType.createBottomTypeArea(TaskSelectType.java:364)
	at org.eclipse.birt.chart.ui.swt.wizard.TaskSelectType.placeComponents(TaskSelectType.java:289)
	at org.eclipse.birt.chart.ui.swt.wizard.TaskSelectType.createControl(TaskSelectType.java:243)
	at org.eclipse.birt.core.ui.frameworks.taskwizard.WizardBaseDialog.switchTask(WizardBaseDialog.java:353)
	at org.eclipse.birt.core.ui.frameworks.taskwizard.WizardBase.switchTo(WizardBase.java:257)
	at org.eclipse.birt.chart.ui.swt.wizard.ChartWizard.switchTo(ChartWizard.java:299)
	at org.eclipse.birt.core.ui.frameworks.taskwizard.WizardBaseDialog.initializeBounds(WizardBaseDialog.java:180)
	at org.eclipse.jface.window.Window.create(Window.java:435)
	at org.eclipse.jface.dialogs.Dialog.create(Dialog.java:1089)
	at org.eclipse.birt.core.ui.frameworks.taskwizard.WizardBaseDialog.create(WizardBaseDialog.java:190)
	at org.eclipse.jface.window.Window.open(Window.java:790)
	at org.eclipse.birt.core.ui.frameworks.taskwizard.WizardBase.open(WizardBase.java:95)
	at org.eclipse.birt.chart.ui.swt.wizard.ChartWizard.open(ChartWizard.java:237)
	at org.eclipse.birt.chart.reportitem.ui.ChartReportItemBuilderImpl.open(ChartReportItemBuilderImpl.java:283)
	at org.eclipse.birt.chart.reportitem.ui.ChartReportItemBuilderProxy.open(ChartReportItemBuilderProxy.java:58)
	at org.eclipse.birt.report.designer.internal.ui.editors.schematic.extensions.ExtendedElementToolExtends.postHandleCreation(ExtendedElementToolExtends.java:51)
	at org.eclipse.birt.report.designer.internal.ui.editors.schematic.tools.ReportCreationTool.performCreation(ReportCreationTool.java:105)
	at org.eclipse.gef.tools.CreationTool.handleButtonUp(CreationTool.java:189)
	at org.eclipse.gef.tools.AbstractTool.mouseUp(AbstractTool.java:1200)
	at org.eclipse.gef.EditDomain.mouseUp(EditDomain.java:301)
	at org.eclipse.gef.ui.parts.DomainEventDispatcher.dispatchMouseReleased(DomainEventDispatcher.java:380)
	at org.eclipse.draw2d.LightweightSystem$EventHandler.mouseUp(LightweightSystem.java:548)
	at org.eclipse.swt.widgets.TypedListener.handleEvent(TypedListener.java:220)
	at org.eclipse.swt.widgets.EventTable.sendEvent(EventTable.java:84)
	at org.eclipse.swt.widgets.Widget.sendEvent(Widget.java:1053)
	at org.eclipse.swt.widgets.Display.runDeferredEvents(Display.java:4169)
	at org.eclipse.swt.widgets.Display.readAndDispatch(Display.java:3758)
	at org.eclipse.e4.ui.internal.workbench.swt.PartRenderingEngine$9.run(PartRenderingEngine.java:1053)
	at org.eclipse.core.databinding.observable.Realm.runWithDefault(Realm.java:332)
	at org.eclipse.e4.ui.internal.workbench.swt.PartRenderingEngine.run(PartRenderingEngine.java:942)
	at org.eclipse.e4.ui.internal.workbench.E4Workbench.createAndRunUI(E4Workbench.java:86)
	at org.eclipse.ui.internal.Workbench$5.run(Workbench.java:588)
	at org.eclipse.core.databinding.observable.Realm.runWithDefault(Realm.java:332)
	at org.eclipse.ui.internal.Workbench.createAndRunWorkbench(Workbench.java:543)
	at org.eclipse.ui.PlatformUI.createAndRunWorkbench(PlatformUI.java:149)
	at org.eclipse.ui.internal.ide.application.IDEApplication.start(IDEApplication.java:124)
	at org.eclipse.equinox.internal.app.EclipseAppHandle.run(EclipseAppHandle.java:196)
	at org.eclipse.core.runtime.internal.adaptor.EclipseAppLauncher.runApplication(EclipseAppLauncher.java:110)
	at org.eclipse.core.runtime.internal.adaptor.EclipseAppLauncher.start(EclipseAppLauncher.java:79)
	at org.eclipse.core.runtime.adaptor.EclipseStarter.run(EclipseStarter.java:353)
	at org.eclipse.core.runtime.adaptor.EclipseStarter.run(EclipseStarter.java:180)
	at sun.reflect.NativeMethodAccessorImpl.invoke0(Native Method)
	at sun.reflect.NativeMethodAccessorImpl.invoke(Unknown Source)
	at sun.reflect.DelegatingMethodAccessorImpl.invoke(Unknown Source)
	at java.lang.reflect.Method.invoke(Unknown Source)
	at org.eclipse.equinox.launcher.Main.invokeFramework(Main.java:629)
	at org.eclipse.equinox.launcher.Main.basicRun(Main.java:584)
	at org.eclipse.equinox.launcher.Main.run(Main.java:1438)
	at org.eclipse.equinox.launcher.Main.main(Main.java:1414)

Sep 10, 2013 12:01:50 PM org.eclipse.birt.chart.device.swt.SwtDisplayServer <init>
INFO: SWT Display Server: win32 v4,236
Sep 10, 2013 12:01:50 PM org.eclipse.birt.chart.device.swt.SwtRendererImpl setProperty
INFO: Using graphics context org.eclipse.swt.graphics.GC@GC {704716004}
Sep 10, 2013 12:01:50 PM org.eclipse.birt.chart.render.EmptyWithAxes renderSeries
INFO: org.eclipse.birt.chart.render.EmptyWithAxes: renderSeries() [1/2]
Sep 10, 2013 12:01:50 PM org.eclipse.birt.chart.extension.render.Bar renderSeries
INFO: org.eclipse.birt.chart.extension.render.Bar: renderSeries() [2/2]
Sep 10, 2013 12:01:50 PM org.eclipse.birt.chart.device.swt.SwtRendererImpl enableInteraction
INFO: Cannot enable interaction if an IUpdateNotifier is not associated with the renderer.
Sep 10, 2013 12:01:50 PM org.eclipse.birt.chart.device.swt.SwtRendererImpl enableInteraction
INFO: Cannot enable interaction if an IUpdateNotifier is not associated with the renderer.
Sep 10, 2013 12:01:50 PM org.eclipse.birt.chart.device.swt.SwtRendererImpl enableInteraction
INFO: Cannot enable interaction if an IUpdateNotifier is not associated with the renderer.
Sep 10, 2013 12:01:50 PM org.eclipse.birt.chart.device.swt.SwtRendererImpl enableInteraction
INFO: Cannot enable interaction if an IUpdateNotifier is not associated with the renderer.
Sep 10, 2013 12:01:50 PM org.eclipse.birt.chart.device.swt.SwtRendererImpl enableInteraction
INFO: Cannot enable interaction if an IUpdateNotifier is not associated with the renderer.
Sep 10, 2013 12:01:50 PM org.eclipse.birt.chart.device.swt.SwtRendererImpl enableInteraction
INFO: Cannot enable interaction if an IUpdateNotifier is not associated with the renderer.
Sep 10, 2013 12:01:50 PM org.eclipse.birt.chart.device.swt.SwtRendererImpl enableInteraction
INFO: Cannot enable interaction if an IUpdateNotifier is not associated with the renderer.
Sep 10, 2013 12:01:50 PM org.eclipse.birt.chart.device.swt.SwtRendererImpl enableInteraction
INFO: Cannot enable interaction if an IUpdateNotifier is not associated with the renderer.
Sep 10, 2013 12:01:50 PM org.eclipse.birt.chart.device.swt.SwtRendererImpl enableInteraction
INFO: Cannot enable interaction if an IUpdateNotifier is not associated with the renderer.
Sep 10, 2013 12:01:50 PM org.eclipse.birt.chart.device.swt.SwtRendererImpl enableInteraction
INFO: Cannot enable interaction if an IUpdateNotifier is not associated with the renderer.
Sep 10, 2013 12:01:50 PM org.eclipse.birt.chart.device.swt.SwtRendererImpl enableInteraction
INFO: Cannot enable interaction if an IUpdateNotifier is not associated with the renderer.
Sep 10, 2013 12:01:50 PM org.eclipse.birt.chart.device.swt.SwtRendererImpl enableInteraction
INFO: Cannot enable interaction if an IUpdateNotifier is not associated with the renderer.
Sep 10, 2013 12:01:50 PM org.eclipse.birt.chart.device.swt.SwtRendererImpl enableInteraction
INFO: Cannot enable interaction if an IUpdateNotifier is not associated with the renderer.
Sep 10, 2013 12:01:50 PM org.eclipse.birt.chart.device.swt.SwtRendererImpl enableInteraction
INFO: Cannot enable interaction if an IUpdateNotifier is not associated with the renderer.
Sep 10, 2013 12:01:50 PM org.eclipse.birt.chart.device.swt.SwtRendererImpl enableInteraction
INFO: Cannot enable interaction if an IUpdateNotifier is not associated with the renderer.
Sep 10, 2013 12:01:50 PM org.eclipse.birt.chart.device.swt.SwtRendererImpl enableInteraction
INFO: Cannot enable interaction if an IUpdateNotifier is not associated with the renderer.
Sep 10, 2013 12:01:50 PM org.eclipse.birt.chart.device.swt.SwtRendererImpl enableInteraction
INFO: Cannot enable interaction if an IUpdateNotifier is not associated with the renderer.
Sep 10, 2013 12:02:05 PM org.eclipse.birt.chart.device.swt.SwtDisplayServer <init>
INFO: SWT Display Server: win32 v4,236
Sep 10, 2013 12:02:05 PM org.eclipse.birt.chart.device.swt.SwtRendererImpl setProperty
INFO: Using graphics context org.eclipse.swt.graphics.GC@GC {-167699400}
Sep 10, 2013 12:02:05 PM org.eclipse.birt.chart.render.EmptyWithAxes renderSeries
INFO: org.eclipse.birt.chart.render.EmptyWithAxes: renderSeries() [1/2]
Sep 10, 2013 12:02:05 PM org.eclipse.birt.chart.device.swt.SwtRendererImpl enableInteraction
INFO: Cannot enable interaction if an IUpdateNotifier is not associated with the renderer.
Sep 10, 2013 12:02:05 PM org.eclipse.birt.chart.device.swt.SwtRendererImpl enableInteraction
INFO: Cannot enable interaction if an IUpdateNotifier is not associated with the renderer.
Sep 10, 2013 12:02:05 PM org.eclipse.birt.chart.device.swt.SwtRendererImpl enableInteraction
INFO: Cannot enable interaction if an IUpdateNotifier is not associated with the renderer.
Sep 10, 2013 12:02:05 PM org.eclipse.birt.chart.device.swt.SwtRendererImpl enableInteraction
INFO: Cannot enable interaction if an IUpdateNotifier is not associated with the renderer.
Sep 10, 2013 12:02:05 PM org.eclipse.birt.chart.device.swt.SwtRendererImpl enableInteraction
INFO: Cannot enable interaction if an IUpdateNotifier is not associated with the renderer.
Sep 10, 2013 12:02:05 PM org.eclipse.birt.chart.device.swt.SwtRendererImpl enableInteraction
INFO: Cannot enable interaction if an IUpdateNotifier is not associated with the renderer.
Sep 10, 2013 12:02:05 PM org.eclipse.birt.chart.device.swt.SwtRendererImpl enableInteraction
INFO: Cannot enable interaction if an IUpdateNotifier is not associated with the renderer.
Sep 10, 2013 12:02:05 PM org.eclipse.birt.chart.device.swt.SwtRendererImpl enableInteraction
INFO: Cannot enable interaction if an IUpdateNotifier is not associated with the renderer.
Sep 10, 2013 12:02:05 PM org.eclipse.birt.chart.device.swt.SwtRendererImpl enableInteraction
INFO: Cannot enable interaction if an IUpdateNotifier is not associated with the renderer.
Sep 10, 2013 12:02:05 PM org.eclipse.birt.chart.device.swt.SwtRendererImpl enableInteraction
INFO: Cannot enable interaction if an IUpdateNotifier is not associated with the renderer.
Sep 10, 2013 12:02:05 PM org.eclipse.birt.chart.device.swt.SwtRendererImpl enableInteraction
INFO: Cannot enable interaction if an IUpdateNotifier is not associated with the renderer.
Sep 10, 2013 12:02:11 PM org.eclipse.birt.chart.device.swt.SwtDisplayServer <init>
INFO: SWT Display Server: win32 v4,236
Sep 10, 2013 12:02:11 PM org.eclipse.birt.chart.device.swt.SwtRendererImpl setProperty
INFO: Using graphics context org.eclipse.swt.graphics.GC@GC {-67035917}
Sep 10, 2013 12:02:11 PM org.eclipse.birt.chart.render.EmptyWithAxes renderSeries
INFO: org.eclipse.birt.chart.render.EmptyWithAxes: renderSeries() [1/2]
Sep 10, 2013 12:02:11 PM org.eclipse.birt.chart.device.swt.SwtRendererImpl enableInteraction
INFO: Cannot enable interaction if an IUpdateNotifier is not associated with the renderer.
Sep 10, 2013 12:02:11 PM org.eclipse.birt.chart.device.swt.SwtRendererImpl enableInteraction
INFO: Cannot enable interaction if an IUpdateNotifier is not associated with the renderer.
Sep 10, 2013 12:02:11 PM org.eclipse.birt.chart.device.swt.SwtRendererImpl enableInteraction
INFO: Cannot enable interaction if an IUpdateNotifier is not associated with the renderer.
Sep 10, 2013 12:02:11 PM org.eclipse.birt.chart.device.swt.SwtRendererImpl enableInteraction
INFO: Cannot enable interaction if an IUpdateNotifier is not associated with the renderer.
Sep 10, 2013 12:02:11 PM org.eclipse.birt.chart.device.swt.SwtRendererImpl enableInteraction
INFO: Cannot enable interaction if an IUpdateNotifier is not associated with the renderer.
Sep 10, 2013 12:02:11 PM org.eclipse.birt.chart.device.swt.SwtRendererImpl enableInteraction
INFO: Cannot enable interaction if an IUpdateNotifier is not associated with the renderer.
Sep 10, 2013 12:02:11 PM org.eclipse.birt.chart.device.swt.SwtRendererImpl enableInteraction
INFO: Cannot enable interaction if an IUpdateNotifier is not associated with the renderer.
Sep 10, 2013 12:02:11 PM org.eclipse.birt.chart.device.swt.SwtRendererImpl enableInteraction
INFO: Cannot enable interaction if an IUpdateNotifier is not associated with the renderer.
Sep 10, 2013 12:02:11 PM org.eclipse.birt.chart.device.swt.SwtRendererImpl enableInteraction
INFO: Cannot enable interaction if an IUpdateNotifier is not associated with the renderer.
Sep 10, 2013 12:02:11 PM org.eclipse.birt.chart.device.swt.SwtRendererImpl enableInteraction
INFO: Cannot enable interaction if an IUpdateNotifier is not associated with the renderer.
Sep 10, 2013 12:02:11 PM org.eclipse.birt.chart.device.swt.SwtRendererImpl enableInteraction
INFO: Cannot enable interaction if an IUpdateNotifier is not associated with the renderer.
Sep 10, 2013 12:02:12 PM org.eclipse.birt.chart.device.swt.SwtDisplayServer <init>
INFO: SWT Display Server: win32 v4,236
Sep 10, 2013 12:02:12 PM org.eclipse.birt.chart.device.swt.SwtRendererImpl setProperty
INFO: Using graphics context org.eclipse.swt.graphics.GC@GC {-1308549905}
Sep 10, 2013 12:02:12 PM org.eclipse.birt.chart.render.EmptyWithAxes renderSeries
INFO: org.eclipse.birt.chart.render.EmptyWithAxes: renderSeries() [1/2]
Sep 10, 2013 12:02:12 PM org.eclipse.birt.chart.device.swt.SwtRendererImpl enableInteraction
INFO: Cannot enable interaction if an IUpdateNotifier is not associated with the renderer.
Sep 10, 2013 12:02:12 PM org.eclipse.birt.chart.device.swt.SwtRendererImpl enableInteraction
INFO: Cannot enable interaction if an IUpdateNotifier is not associated with the renderer.
Sep 10, 2013 12:02:12 PM org.eclipse.birt.chart.device.swt.SwtRendererImpl enableInteraction
INFO: Cannot enable interaction if an IUpdateNotifier is not associated with the renderer.
Sep 10, 2013 12:02:12 PM org.eclipse.birt.chart.device.swt.SwtRendererImpl enableInteraction
INFO: Cannot enable interaction if an IUpdateNotifier is not associated with the renderer.
Sep 10, 2013 12:02:12 PM org.eclipse.birt.chart.device.swt.SwtRendererImpl enableInteraction
INFO: Cannot enable interaction if an IUpdateNotifier is not associated with the renderer.
Sep 10, 2013 12:02:12 PM org.eclipse.birt.chart.device.swt.SwtRendererImpl enableInteraction
INFO: Cannot enable interaction if an IUpdateNotifier is not associated with the renderer.
Sep 10, 2013 12:02:12 PM org.eclipse.birt.chart.device.swt.SwtRendererImpl enableInteraction
INFO: Cannot enable interaction if an IUpdateNotifier is not associated with the renderer.
Sep 10, 2013 12:02:12 PM org.eclipse.birt.chart.device.swt.SwtRendererImpl enableInteraction
INFO: Cannot enable interaction if an IUpdateNotifier is not associated with the renderer.
Sep 10, 2013 12:02:12 PM org.eclipse.birt.chart.device.swt.SwtRendererImpl enableInteraction
INFO: Cannot enable interaction if an IUpdateNotifier is not associated with the renderer.
Sep 10, 2013 12:02:12 PM org.eclipse.birt.chart.device.swt.SwtRendererImpl enableInteraction
INFO: Cannot enable interaction if an IUpdateNotifier is not associated with the renderer.
Sep 10, 2013 12:02:12 PM org.eclipse.birt.chart.device.swt.SwtRendererImpl enableInteraction
INFO: Cannot enable interaction if an IUpdateNotifier is not associated with the renderer.
Sep 10, 2013 12:02:17 PM org.eclipse.birt.chart.device.swt.SwtDisplayServer <init>
INFO: SWT Display Server: win32 v4,236
Sep 10, 2013 12:02:17 PM org.eclipse.birt.chart.device.swt.SwtRendererImpl setProperty
INFO: Using graphics context org.eclipse.swt.graphics.GC@GC {2063670495}
Sep 10, 2013 12:02:17 PM org.eclipse.birt.chart.render.EmptyWithAxes renderSeries
INFO: org.eclipse.birt.chart.render.EmptyWithAxes: renderSeries() [1/2]
Sep 10, 2013 12:02:17 PM org.eclipse.birt.chart.device.swt.SwtRendererImpl enableInteraction
INFO: Cannot enable interaction if an IUpdateNotifier is not associated with the renderer.
Sep 10, 2013 12:02:17 PM org.eclipse.birt.chart.device.swt.SwtRendererImpl enableInteraction
INFO: Cannot enable interaction if an IUpdateNotifier is not associated with the renderer.
Sep 10, 2013 12:02:17 PM org.eclipse.birt.chart.device.swt.SwtRendererImpl enableInteraction
INFO: Cannot enable interaction if an IUpdateNotifier is not associated with the renderer.
Sep 10, 2013 12:02:17 PM org.eclipse.birt.chart.device.swt.SwtRendererImpl enableInteraction
INFO: Cannot enable interaction if an IUpdateNotifier is not associated with the renderer.
Sep 10, 2013 12:02:17 PM org.eclipse.birt.chart.device.swt.SwtRendererImpl enableInteraction
INFO: Cannot enable interaction if an IUpdateNotifier is not associated with the renderer.
Sep 10, 2013 12:02:17 PM org.eclipse.birt.chart.device.swt.SwtRendererImpl enableInteraction
INFO: Cannot enable interaction if an IUpdateNotifier is not associated with the renderer.
Sep 10, 2013 12:02:17 PM org.eclipse.birt.chart.device.swt.SwtRendererImpl enableInteraction
INFO: Cannot enable interaction if an IUpdateNotifier is not associated with the renderer.
Sep 10, 2013 12:02:17 PM org.eclipse.birt.chart.device.swt.SwtRendererImpl enableInteraction
INFO: Cannot enable interaction if an IUpdateNotifier is not associated with the renderer.
Sep 10, 2013 12:02:17 PM org.eclipse.birt.chart.device.swt.SwtRendererImpl enableInteraction
INFO: Cannot enable interaction if an IUpdateNotifier is not associated with the renderer.
Sep 10, 2013 12:02:17 PM org.eclipse.birt.chart.device.swt.SwtRendererImpl enableInteraction
INFO: Cannot enable interaction if an IUpdateNotifier is not associated with the renderer.
Sep 10, 2013 12:02:17 PM org.eclipse.birt.chart.device.swt.SwtRendererImpl enableInteraction
INFO: Cannot enable interaction if an IUpdateNotifier is not associated with the renderer.
Sep 10, 2013 12:02:30 PM org.eclipse.birt.chart.ui.swt.wizard.ChartAdapter notifyChanged
INFO: ChartAdapter: Notification received for org.eclipse.birt.chart.model.data.impl.QueryImpl
Sep 10, 2013 12:02:30 PM org.eclipse.birt.chart.ui.swt.wizard.ChartAdapter notifyChanged
INFO: ChartAdapter: New Value is row["Label"}
Sep 10, 2013 12:02:30 PM org.eclipse.birt.chart.device.swt.SwtDisplayServer <init>
INFO: SWT Display Server: win32 v4,236
Sep 10, 2013 12:02:30 PM org.eclipse.birt.chart.device.swt.SwtRendererImpl setProperty
INFO: Using graphics context org.eclipse.swt.graphics.GC@GC {-301916968}
Sep 10, 2013 12:02:31 PM org.eclipse.birt.chart.render.EmptyWithAxes renderSeries
INFO: org.eclipse.birt.chart.render.EmptyWithAxes: renderSeries() [1/2]
Sep 10, 2013 12:02:31 PM org.eclipse.birt.chart.device.swt.SwtRendererImpl enableInteraction
INFO: Cannot enable interaction if an IUpdateNotifier is not associated with the renderer.
Sep 10, 2013 12:02:31 PM org.eclipse.birt.chart.device.swt.SwtRendererImpl enableInteraction
INFO: Cannot enable interaction if an IUpdateNotifier is not associated with the renderer.
Sep 10, 2013 12:02:31 PM org.eclipse.birt.chart.device.swt.SwtRendererImpl enableInteraction
INFO: Cannot enable interaction if an IUpdateNotifier is not associated with the renderer.
Sep 10, 2013 12:02:31 PM org.eclipse.birt.chart.device.swt.SwtRendererImpl enableInteraction
INFO: Cannot enable interaction if an IUpdateNotifier is not associated with the renderer.
Sep 10, 2013 12:02:31 PM org.eclipse.birt.chart.device.swt.SwtRendererImpl enableInteraction
INFO: Cannot enable interaction if an IUpdateNotifier is not associated with the renderer.
Sep 10, 2013 12:02:31 PM org.eclipse.birt.chart.device.swt.SwtRendererImpl enableInteraction
INFO: Cannot enable interaction if an IUpdateNotifier is not associated with the renderer.
Sep 10, 2013 12:02:31 PM org.eclipse.birt.chart.device.swt.SwtRendererImpl enableInteraction
INFO: Cannot enable interaction if an IUpdateNotifier is not associated with the renderer.
Sep 10, 2013 12:02:31 PM org.eclipse.birt.chart.device.swt.SwtRendererImpl enableInteraction
INFO: Cannot enable interaction if an IUpdateNotifier is not associated with the renderer.
Sep 10, 2013 12:02:31 PM org.eclipse.birt.chart.device.swt.SwtRendererImpl enableInteraction
INFO: Cannot enable interaction if an IUpdateNotifier is not associated with the renderer.
Sep 10, 2013 12:02:31 PM org.eclipse.birt.chart.device.swt.SwtRendererImpl enableInteraction
INFO: Cannot enable interaction if an IUpdateNotifier is not associated with the renderer.
Sep 10, 2013 12:02:31 PM org.eclipse.birt.chart.device.swt.SwtRendererImpl enableInteraction
INFO: Cannot enable interaction if an IUpdateNotifier is not associated with the renderer.
Sep 10, 2013 12:02:36 PM org.eclipse.birt.chart.ui.swt.wizard.ChartAdapter notifyChanged
INFO: ChartAdapter: Notification received for org.eclipse.birt.chart.model.data.impl.QueryImpl
Sep 10, 2013 12:02:36 PM org.eclipse.birt.chart.ui.swt.wizard.ChartAdapter notifyChanged
INFO: ChartAdapter: New Value is row["LEVEL"]
Sep 10, 2013 12:02:36 PM org.eclipse.birt.chart.device.swt.SwtDisplayServer <init>
INFO: SWT Display Server: win32 v4,236
Sep 10, 2013 12:02:36 PM org.eclipse.birt.chart.device.swt.SwtRendererImpl setProperty
INFO: Using graphics context org.eclipse.swt.graphics.GC@GC {-1811866652}
Sep 10, 2013 12:02:36 PM org.eclipse.birt.chart.render.EmptyWithAxes renderSeries
INFO: org.eclipse.birt.chart.render.EmptyWithAxes: renderSeries() [1/2]
Sep 10, 2013 12:02:37 PM org.eclipse.birt.chart.device.swt.SwtRendererImpl enableInteraction
INFO: Cannot enable interaction if an IUpdateNotifier is not associated with the renderer.
Sep 10, 2013 12:02:37 PM org.eclipse.birt.chart.device.swt.SwtRendererImpl enableInteraction
INFO: Cannot enable interaction if an IUpdateNotifier is not associated with the renderer.
Sep 10, 2013 12:02:37 PM org.eclipse.birt.chart.device.swt.SwtRendererImpl enableInteraction
INFO: Cannot enable interaction if an IUpdateNotifier is not associated with the renderer.
Sep 10, 2013 12:02:37 PM org.eclipse.birt.chart.device.swt.SwtRendererImpl enableInteraction
INFO: Cannot enable interaction if an IUpdateNotifier is not associated with the renderer.
Sep 10, 2013 12:02:37 PM org.eclipse.birt.chart.device.swt.SwtRendererImpl enableInteraction
INFO: Cannot enable interaction if an IUpdateNotifier is not associated with the renderer.
Sep 10, 2013 12:02:37 PM org.eclipse.birt.chart.device.swt.SwtRendererImpl enableInteraction
INFO: Cannot enable interaction if an IUpdateNotifier is not associated with the renderer.
Sep 10, 2013 12:02:37 PM org.eclipse.birt.chart.device.swt.SwtRendererImpl enableInteraction
INFO: Cannot enable interaction if an IUpdateNotifier is not associated with the renderer.
Sep 10, 2013 12:02:37 PM org.eclipse.birt.chart.device.swt.SwtRendererImpl enableInteraction
INFO: Cannot enable interaction if an IUpdateNotifier is not associated with the renderer.
Sep 10, 2013 12:02:37 PM org.eclipse.birt.chart.device.swt.SwtRendererImpl enableInteraction
INFO: Cannot enable interaction if an IUpdateNotifier is not associated with the renderer.
Sep 10, 2013 12:02:37 PM org.eclipse.birt.chart.device.swt.SwtRendererImpl enableInteraction
INFO: Cannot enable interaction if an IUpdateNotifier is not associated with the renderer.
Sep 10, 2013 12:02:37 PM org.eclipse.birt.chart.device.swt.SwtRendererImpl enableInteraction
INFO: Cannot enable interaction if an IUpdateNotifier is not associated with the renderer.
Sep 10, 2013 12:02:42 PM org.eclipse.birt.chart.ui.swt.wizard.ChartAdapter notifyChanged
INFO: ChartAdapter: Notification received for org.eclipse.birt.chart.model.data.impl.QueryImpl
Sep 10, 2013 12:02:42 PM org.eclipse.birt.chart.ui.swt.wizard.ChartAdapter notifyChanged
INFO: ChartAdapter: New Value is row["Time"]
Sep 10, 2013 12:02:43 PM org.eclipse.birt.chart.device.swt.SwtDisplayServer <init>
INFO: SWT Display Server: win32 v4,236
Sep 10, 2013 12:02:43 PM org.eclipse.birt.chart.device.swt.SwtRendererImpl setProperty
INFO: Using graphics context org.eclipse.swt.graphics.GC@GC {83958841}
Sep 10, 2013 12:02:43 PM org.eclipse.birt.chart.render.EmptyWithAxes renderSeries
INFO: org.eclipse.birt.chart.render.EmptyWithAxes: renderSeries() [1/2]
Sep 10, 2013 12:02:43 PM org.eclipse.birt.chart.device.swt.SwtRendererImpl enableInteraction
INFO: Cannot enable interaction if an IUpdateNotifier is not associated with the renderer.
Sep 10, 2013 12:02:43 PM org.eclipse.birt.chart.device.swt.SwtRendererImpl enableInteraction
INFO: Cannot enable interaction if an IUpdateNotifier is not associated with the renderer.
Sep 10, 2013 12:02:43 PM org.eclipse.birt.chart.device.swt.SwtRendererImpl enableInteraction
INFO: Cannot enable interaction if an IUpdateNotifier is not associated with the renderer.
Sep 10, 2013 12:02:43 PM org.eclipse.birt.chart.device.swt.SwtRendererImpl enableInteraction
INFO: Cannot enable interaction if an IUpdateNotifier is not associated with the renderer.
Sep 10, 2013 12:02:43 PM org.eclipse.birt.chart.device.swt.SwtRendererImpl enableInteraction
INFO: Cannot enable interaction if an IUpdateNotifier is not associated with the renderer.
Sep 10, 2013 12:02:43 PM org.eclipse.birt.chart.device.swt.SwtRendererImpl enableInteraction
INFO: Cannot enable interaction if an IUpdateNotifier is not associated with the renderer.
Sep 10, 2013 12:02:43 PM org.eclipse.birt.chart.device.swt.SwtRendererImpl enableInteraction
INFO: Cannot enable interaction if an IUpdateNotifier is not associated with the renderer.
Sep 10, 2013 12:02:43 PM org.eclipse.birt.chart.device.swt.SwtRendererImpl enableInteraction
INFO: Cannot enable interaction if an IUpdateNotifier is not associated with the renderer.
Sep 10, 2013 12:02:43 PM org.eclipse.birt.chart.device.swt.SwtRendererImpl enableInteraction
INFO: Cannot enable interaction if an IUpdateNotifier is not associated with the renderer.
Sep 10, 2013 12:02:43 PM org.eclipse.birt.chart.device.swt.SwtRendererImpl enableInteraction
INFO: Cannot enable interaction if an IUpdateNotifier is not associated with the renderer.
Sep 10, 2013 12:02:43 PM org.eclipse.birt.chart.device.swt.SwtRendererImpl enableInteraction
INFO: Cannot enable interaction if an IUpdateNotifier is not associated with the renderer.
Sep 10, 2013 12:03:27 PM org.eclipse.birt.chart.ui.swt.wizard.ChartAdapter notifyChanged
INFO: ChartAdapter: Notification received for org.eclipse.birt.chart.model.data.impl.SeriesGroupingImpl
Sep 10, 2013 12:03:27 PM org.eclipse.birt.chart.ui.swt.wizard.ChartAdapter notifyChanged
INFO: ChartAdapter: New Value is true
Sep 10, 2013 12:03:27 PM org.eclipse.birt.chart.device.swt.SwtDisplayServer <init>
INFO: SWT Display Server: win32 v4,236
Sep 10, 2013 12:03:27 PM org.eclipse.birt.chart.device.swt.SwtRendererImpl setProperty
INFO: Using graphics context org.eclipse.swt.graphics.GC@GC {-2046747345}
Sep 10, 2013 12:03:27 PM org.eclipse.birt.chart.render.EmptyWithAxes renderSeries
INFO: org.eclipse.birt.chart.render.EmptyWithAxes: renderSeries() [1/2]
Sep 10, 2013 12:03:27 PM org.eclipse.birt.chart.device.swt.SwtRendererImpl enableInteraction
INFO: Cannot enable interaction if an IUpdateNotifier is not associated with the renderer.
Sep 10, 2013 12:03:27 PM org.eclipse.birt.chart.device.swt.SwtRendererImpl enableInteraction
INFO: Cannot enable interaction if an IUpdateNotifier is not associated with the renderer.
Sep 10, 2013 12:03:27 PM org.eclipse.birt.chart.device.swt.SwtRendererImpl enableInteraction
INFO: Cannot enable interaction if an IUpdateNotifier is not associated with the renderer.
Sep 10, 2013 12:03:27 PM org.eclipse.birt.chart.device.swt.SwtRendererImpl enableInteraction
INFO: Cannot enable interaction if an IUpdateNotifier is not associated with the renderer.
Sep 10, 2013 12:03:27 PM org.eclipse.birt.chart.device.swt.SwtRendererImpl enableInteraction
INFO: Cannot enable interaction if an IUpdateNotifier is not associated with the renderer.
Sep 10, 2013 12:03:27 PM org.eclipse.birt.chart.device.swt.SwtRendererImpl enableInteraction
INFO: Cannot enable interaction if an IUpdateNotifier is not associated with the renderer.
Sep 10, 2013 12:03:27 PM org.eclipse.birt.chart.device.swt.SwtRendererImpl enableInteraction
INFO: Cannot enable interaction if an IUpdateNotifier is not associated with the renderer.
Sep 10, 2013 12:03:27 PM org.eclipse.birt.chart.device.swt.SwtRendererImpl enableInteraction
INFO: Cannot enable interaction if an IUpdateNotifier is not associated with the renderer.
Sep 10, 2013 12:03:27 PM org.eclipse.birt.chart.device.swt.SwtRendererImpl enableInteraction
INFO: Cannot enable interaction if an IUpdateNotifier is not associated with the renderer.
Sep 10, 2013 12:03:27 PM org.eclipse.birt.chart.device.swt.SwtRendererImpl enableInteraction
INFO: Cannot enable interaction if an IUpdateNotifier is not associated with the renderer.
Sep 10, 2013 12:03:27 PM org.eclipse.birt.chart.device.swt.SwtRendererImpl enableInteraction
INFO: Cannot enable interaction if an IUpdateNotifier is not associated with the renderer.
Sep 10, 2013 12:03:47 PM org.eclipse.birt.chart.ui.swt.wizard.ChartAdapter notifyChanged
INFO: ChartAdapter: Notification received for org.eclipse.birt.chart.model.data.impl.QueryImpl
Sep 10, 2013 12:03:47 PM org.eclipse.birt.chart.ui.swt.wizard.ChartAdapter notifyChanged
INFO: ChartAdapter: New Value is row["Label"]
Sep 10, 2013 12:03:47 PM org.eclipse.birt.chart.device.swt.SwtDisplayServer <init>
INFO: SWT Display Server: win32 v4,236
Sep 10, 2013 12:03:47 PM org.eclipse.birt.chart.device.swt.SwtRendererImpl setProperty
INFO: Using graphics context org.eclipse.swt.graphics.GC@GC {-1224664320}
Sep 10, 2013 12:03:47 PM org.eclipse.birt.chart.render.EmptyWithAxes renderSeries
INFO: org.eclipse.birt.chart.render.EmptyWithAxes: renderSeries() [1/2]
Sep 10, 2013 12:03:47 PM org.eclipse.birt.chart.device.swt.SwtRendererImpl enableInteraction
INFO: Cannot enable interaction if an IUpdateNotifier is not associated with the renderer.
Sep 10, 2013 12:03:47 PM org.eclipse.birt.chart.device.swt.SwtRendererImpl enableInteraction
INFO: Cannot enable interaction if an IUpdateNotifier is not associated with the renderer.
Sep 10, 2013 12:03:47 PM org.eclipse.birt.chart.device.swt.SwtRendererImpl enableInteraction
INFO: Cannot enable interaction if an IUpdateNotifier is not associated with the renderer.
Sep 10, 2013 12:03:47 PM org.eclipse.birt.chart.device.swt.SwtRendererImpl enableInteraction
INFO: Cannot enable interaction if an IUpdateNotifier is not associated with the renderer.
Sep 10, 2013 12:03:47 PM org.eclipse.birt.chart.device.swt.SwtRendererImpl enableInteraction
INFO: Cannot enable interaction if an IUpdateNotifier is not associated with the renderer.
Sep 10, 2013 12:03:47 PM org.eclipse.birt.chart.device.swt.SwtRendererImpl enableInteraction
INFO: Cannot enable interaction if an IUpdateNotifier is not associated with the renderer.
Sep 10, 2013 12:03:47 PM org.eclipse.birt.chart.device.swt.SwtRendererImpl enableInteraction
INFO: Cannot enable interaction if an IUpdateNotifier is not associated with the renderer.
Sep 10, 2013 12:03:47 PM org.eclipse.birt.chart.device.swt.SwtRendererImpl enableInteraction
INFO: Cannot enable interaction if an IUpdateNotifier is not associated with the renderer.
Sep 10, 2013 12:03:47 PM org.eclipse.birt.chart.device.swt.SwtRendererImpl enableInteraction
INFO: Cannot enable interaction if an IUpdateNotifier is not associated with the renderer.
Sep 10, 2013 12:03:47 PM org.eclipse.birt.chart.device.swt.SwtRendererImpl enableInteraction
INFO: Cannot enable interaction if an IUpdateNotifier is not associated with the renderer.
Sep 10, 2013 12:05:17 PM org.eclipse.birt.chart.device.swt.SwtDisplayServer <init>
INFO: SWT Display Server: win32 v4,236
Sep 10, 2013 12:05:17 PM org.eclipse.birt.chart.device.swt.SwtRendererImpl setProperty
INFO: Using graphics context org.eclipse.swt.graphics.GC@GC {1644239846}
Sep 10, 2013 12:05:17 PM org.eclipse.birt.chart.render.EmptyWithAxes renderSeries
INFO: org.eclipse.birt.chart.render.EmptyWithAxes: renderSeries() [1/2]
Sep 10, 2013 12:05:17 PM org.eclipse.birt.chart.device.swt.SwtRendererImpl enableInteraction
INFO: Cannot enable interaction if an IUpdateNotifier is not associated with the renderer.
Sep 10, 2013 12:05:17 PM org.eclipse.birt.chart.device.swt.SwtRendererImpl enableInteraction
INFO: Cannot enable interaction if an IUpdateNotifier is not associated with the renderer.
Sep 10, 2013 12:05:17 PM org.eclipse.birt.chart.device.swt.SwtRendererImpl enableInteraction
INFO: Cannot enable interaction if an IUpdateNotifier is not associated with the renderer.
Sep 10, 2013 12:05:17 PM org.eclipse.birt.chart.device.swt.SwtRendererImpl enableInteraction
INFO: Cannot enable interaction if an IUpdateNotifier is not associated with the renderer.
Sep 10, 2013 12:05:17 PM org.eclipse.birt.chart.device.swt.SwtRendererImpl enableInteraction
INFO: Cannot enable interaction if an IUpdateNotifier is not associated with the renderer.
Sep 10, 2013 12:05:17 PM org.eclipse.birt.chart.device.swt.SwtRendererImpl enableInteraction
INFO: Cannot enable interaction if an IUpdateNotifier is not associated with the renderer.
Sep 10, 2013 12:05:17 PM org.eclipse.birt.chart.device.swt.SwtRendererImpl enableInteraction
INFO: Cannot enable interaction if an IUpdateNotifier is not associated with the renderer.
Sep 10, 2013 12:05:17 PM org.eclipse.birt.chart.device.swt.SwtRendererImpl enableInteraction
INFO: Cannot enable interaction if an IUpdateNotifier is not associated with the renderer.
Sep 10, 2013 12:05:17 PM org.eclipse.birt.chart.device.swt.SwtRendererImpl enableInteraction
INFO: Cannot enable interaction if an IUpdateNotifier is not associated with the renderer.
Sep 10, 2013 12:05:17 PM org.eclipse.birt.chart.device.swt.SwtRendererImpl enableInteraction
INFO: Cannot enable interaction if an IUpdateNotifier is not associated with the renderer.
Sep 10, 2013 12:05:17 PM org.eclipse.birt.chart.device.swt.SwtRendererImpl enableInteraction
INFO: Cannot enable interaction if an IUpdateNotifier is not associated with the renderer.
Sep 10, 2013 12:05:17 PM org.eclipse.birt.chart.device.swt.SwtRendererImpl enableInteraction
INFO: Cannot enable interaction if an IUpdateNotifier is not associated with the renderer.
Sep 10, 2013 12:05:17 PM org.eclipse.birt.chart.device.swt.SwtRendererImpl enableInteraction
INFO: Cannot enable interaction if an IUpdateNotifier is not associated with the renderer.
Sep 10, 2013 12:05:17 PM org.eclipse.birt.chart.device.swt.SwtRendererImpl enableInteraction
INFO: Cannot enable interaction if an IUpdateNotifier is not associated with the renderer.
Sep 10, 2013 12:28:57 PM org.eclipse.birt.chart.device.swt.SwtDisplayServer <init>
INFO: SWT Display Server: win32 v4,236
Sep 10, 2013 12:28:57 PM org.eclipse.birt.chart.device.swt.SwtRendererImpl setProperty
INFO: Using graphics context org.eclipse.swt.graphics.GC@GC {-218031814}
Sep 10, 2013 12:28:57 PM org.eclipse.birt.chart.render.EmptyWithAxes renderSeries
INFO: org.eclipse.birt.chart.render.EmptyWithAxes: renderSeries() [1/2]
Sep 10, 2013 12:28:57 PM org.eclipse.birt.chart.device.swt.SwtRendererImpl enableInteraction
INFO: Cannot enable interaction if an IUpdateNotifier is not associated with the renderer.
Sep 10, 2013 12:28:57 PM org.eclipse.birt.chart.device.swt.SwtRendererImpl enableInteraction
INFO: Cannot enable interaction if an IUpdateNotifier is not associated with the renderer.
Sep 10, 2013 12:28:57 PM org.eclipse.birt.chart.device.swt.SwtRendererImpl enableInteraction
INFO: Cannot enable interaction if an IUpdateNotifier is not associated with the renderer.
Sep 10, 2013 12:28:57 PM org.eclipse.birt.chart.device.swt.SwtRendererImpl enableInteraction
INFO: Cannot enable interaction if an IUpdateNotifier is not associated with the renderer.
Sep 10, 2013 12:28:57 PM org.eclipse.birt.chart.device.swt.SwtRendererImpl enableInteraction
INFO: Cannot enable interaction if an IUpdateNotifier is not associated with the renderer.
Sep 10, 2013 12:28:57 PM org.eclipse.birt.chart.device.swt.SwtRendererImpl enableInteraction
INFO: Cannot enable interaction if an IUpdateNotifier is not associated with the renderer.
Sep 10, 2013 12:28:57 PM org.eclipse.birt.chart.device.swt.SwtRendererImpl enableInteraction
INFO: Cannot enable interaction if an IUpdateNotifier is not associated with the renderer.
Sep 10, 2013 12:28:57 PM org.eclipse.birt.chart.device.swt.SwtRendererImpl enableInteraction
INFO: Cannot enable interaction if an IUpdateNotifier is not associated with the renderer.
Sep 10, 2013 12:28:57 PM org.eclipse.birt.chart.device.swt.SwtRendererImpl enableInteraction
INFO: Cannot enable interaction if an IUpdateNotifier is not associated with the renderer.
Sep 10, 2013 12:28:57 PM org.eclipse.birt.chart.device.swt.SwtRendererImpl enableInteraction
INFO: Cannot enable interaction if an IUpdateNotifier is not associated with the renderer.
Sep 10, 2013 12:28:57 PM org.eclipse.birt.chart.device.swt.SwtRendererImpl enableInteraction
INFO: Cannot enable interaction if an IUpdateNotifier is not associated with the renderer.
Sep 10, 2013 12:28:57 PM org.eclipse.birt.chart.device.swt.SwtRendererImpl enableInteraction
INFO: Cannot enable interaction if an IUpdateNotifier is not associated with the renderer.
Sep 10, 2013 12:28:57 PM org.eclipse.birt.chart.device.swt.SwtRendererImpl enableInteraction
INFO: Cannot enable interaction if an IUpdateNotifier is not associated with the renderer.
Sep 10, 2013 12:28:57 PM org.eclipse.birt.chart.device.swt.SwtRendererImpl enableInteraction
INFO: Cannot enable interaction if an IUpdateNotifier is not associated with the renderer.
