Sep 10, 2013 4:43:06 PM org.eclipse.birt.data.engine.olap.impl.query.CubeQueryResults getCubeCursor
SEVERE: Failed to load cube:"{0}".
Fail to load cube "null" from document. The document object does not exist.
org.eclipse.birt.data.engine.core.DataException: Failed to load cube:"{0}".
Fail to load cube "null" from document. The document object does not exist.
	at org.eclipse.birt.data.engine.olap.impl.query.CubeQueryResults.createCursor(CubeQueryResults.java:294)
	at org.eclipse.birt.data.engine.olap.impl.query.CubeQueryResults.getCubeCursor(CubeQueryResults.java:161)
	at org.eclipse.birt.report.engine.data.dte.CubeResultSet.<init>(CubeResultSet.java:78)
	at org.eclipse.birt.report.engine.data.dte.DteDataEngine.doExecuteCube(DteDataEngine.java:249)
	at org.eclipse.birt.report.engine.data.dte.AbstractDataEngine.execute(AbstractDataEngine.java:272)
	at org.eclipse.birt.report.engine.executor.ExecutorManager$ExecutorContext.executeQuery(ExecutorManager.java:447)
	at org.eclipse.birt.report.item.crosstab.core.re.executor.BaseCrosstabExecutor.executeQuery(BaseCrosstabExecutor.java:122)
	at org.eclipse.birt.report.item.crosstab.core.re.executor.CrosstabReportItemExecutor.execute(CrosstabReportItemExecutor.java:102)
	at org.eclipse.birt.report.engine.executor.ExtendedItemExecutor.execute(ExtendedItemExecutor.java:62)
	at org.eclipse.birt.report.engine.internal.executor.dup.SuppressDuplicateItemExecutor.execute(SuppressDuplicateItemExecutor.java:43)
	at org.eclipse.birt.report.engine.internal.executor.wrap.WrappedReportItemExecutor.execute(WrappedReportItemExecutor.java:46)
	at org.eclipse.birt.report.engine.internal.executor.l18n.LocalizedReportItemExecutor.execute(LocalizedReportItemExecutor.java:34)
	at org.eclipse.birt.report.engine.layout.html.HTMLBlockStackingLM.layoutNodes(HTMLBlockStackingLM.java:65)
	at org.eclipse.birt.report.engine.layout.html.HTMLPageLM.layout(HTMLPageLM.java:92)
	at org.eclipse.birt.report.engine.layout.html.HTMLReportLayoutEngine.layout(HTMLReportLayoutEngine.java:100)
	at org.eclipse.birt.report.engine.api.impl.RunAndRenderTask.doRun(RunAndRenderTask.java:181)
	at org.eclipse.birt.report.engine.api.impl.RunAndRenderTask.run(RunAndRenderTask.java:77)
	at org.eclipse.birt.report.service.ReportEngineService.runAndRenderReport(ReportEngineService.java:937)
	at org.eclipse.birt.report.service.BirtViewerReportService.runAndRenderReport(BirtViewerReportService.java:973)
	at org.eclipse.birt.report.service.actionhandler.BirtGetPageAllActionHandler.__execute(BirtGetPageAllActionHandler.java:131)
	at org.eclipse.birt.report.service.actionhandler.AbstractBaseActionHandler.execute(AbstractBaseActionHandler.java:90)
	at org.eclipse.birt.report.soapengine.processor.AbstractBaseDocumentProcessor.__executeAction(AbstractBaseDocumentProcessor.java:47)
	at org.eclipse.birt.report.soapengine.processor.AbstractBaseComponentProcessor.executeAction(AbstractBaseComponentProcessor.java:143)
	at org.eclipse.birt.report.soapengine.processor.BirtDocumentProcessor.handleGetPageAll(BirtDocumentProcessor.java:183)
	at sun.reflect.NativeMethodAccessorImpl.invoke0(Native Method)
	at sun.reflect.NativeMethodAccessorImpl.invoke(Unknown Source)
	at sun.reflect.DelegatingMethodAccessorImpl.invoke(Unknown Source)
	at java.lang.reflect.Method.invoke(Unknown Source)
	at org.eclipse.birt.report.soapengine.processor.AbstractBaseComponentProcessor.process(AbstractBaseComponentProcessor.java:112)
	at org.eclipse.birt.report.soapengine.endpoint.BirtSoapBindingImpl.getUpdatedObjects(BirtSoapBindingImpl.java:66)
	at sun.reflect.NativeMethodAccessorImpl.invoke0(Native Method)
	at sun.reflect.NativeMethodAccessorImpl.invoke(Unknown Source)
	at sun.reflect.DelegatingMethodAccessorImpl.invoke(Unknown Source)
	at java.lang.reflect.Method.invoke(Unknown Source)
	at org.apache.axis.providers.java.RPCProvider.invokeMethod(RPCProvider.java:397)
	at org.apache.axis.providers.java.RPCProvider.processMessage(RPCProvider.java:186)
	at org.apache.axis.providers.java.JavaProvider.invoke(JavaProvider.java:323)
	at org.apache.axis.strategies.InvocationStrategy.visit(InvocationStrategy.java:32)
	at org.apache.axis.SimpleChain.doVisiting(SimpleChain.java:118)
	at org.apache.axis.SimpleChain.invoke(SimpleChain.java:83)
	at org.apache.axis.handlers.soap.SOAPService.invoke(SOAPService.java:454)
	at org.apache.axis.server.AxisServer.invoke(AxisServer.java:281)
	at org.apache.axis.transport.http.AxisServlet.doPost(AxisServlet.java:699)
	at org.eclipse.birt.report.servlet.BirtSoapMessageDispatcherServlet.doPost(BirtSoapMessageDispatcherServlet.java:265)
	at javax.servlet.http.HttpServlet.service(HttpServlet.java:755)
	at org.apache.axis.transport.http.AxisServletBase.service(AxisServletBase.java:327)
	at javax.servlet.http.HttpServlet.service(HttpServlet.java:848)
	at org.eclipse.birt.report.servlet.BirtSoapMessageDispatcherServlet.service(BirtSoapMessageDispatcherServlet.java:122)
	at org.eclipse.equinox.http.registry.internal.ServletManager$ServletWrapper.service(ServletManager.java:180)
	at org.eclipse.equinox.http.servlet.internal.ServletRegistration.service(ServletRegistration.java:61)
	at org.eclipse.equinox.http.servlet.internal.ProxyServlet.processAlias(ProxyServlet.java:128)
	at org.eclipse.equinox.http.servlet.internal.ProxyServlet.service(ProxyServlet.java:60)
	at javax.servlet.http.HttpServlet.service(HttpServlet.java:848)
	at org.eclipse.equinox.http.jetty.internal.HttpServerManager$InternalHttpServiceServlet.service(HttpServerManager.java:386)
	at org.eclipse.jetty.servlet.ServletHolder.handle(ServletHolder.java:598)
	at org.eclipse.jetty.servlet.ServletHandler.doHandle(ServletHandler.java:486)
	at org.eclipse.jetty.server.session.SessionHandler.doHandle(SessionHandler.java:231)
	at org.eclipse.jetty.server.handler.ContextHandler.doHandle(ContextHandler.java:1065)
	at org.eclipse.jetty.servlet.ServletHandler.doScope(ServletHandler.java:413)
	at org.eclipse.jetty.server.session.SessionHandler.doScope(SessionHandler.java:192)
	at org.eclipse.jetty.server.handler.ContextHandler.doScope(ContextHandler.java:999)
	at org.eclipse.jetty.server.handler.ScopedHandler.handle(ScopedHandler.java:117)
	at org.eclipse.jetty.server.handler.HandlerWrapper.handle(HandlerWrapper.java:111)
	at org.eclipse.jetty.server.Server.handle(Server.java:350)
	at org.eclipse.jetty.server.AbstractHttpConnection.handleRequest(AbstractHttpConnection.java:454)
	at org.eclipse.jetty.server.AbstractHttpConnection.content(AbstractHttpConnection.java:900)
	at org.eclipse.jetty.server.AbstractHttpConnection$RequestHandler.content(AbstractHttpConnection.java:954)
	at org.eclipse.jetty.http.HttpParser.parseNext(HttpParser.java:851)
	at org.eclipse.jetty.http.HttpParser.parseAvailable(HttpParser.java:230)
	at org.eclipse.jetty.server.AsyncHttpConnection.handle(AsyncHttpConnection.java:77)
	at org.eclipse.jetty.io.nio.SelectChannelEndPoint.handle(SelectChannelEndPoint.java:606)
	at org.eclipse.jetty.io.nio.SelectChannelEndPoint$1.run(SelectChannelEndPoint.java:46)
	at org.eclipse.jetty.util.thread.QueuedThreadPool.runJob(QueuedThreadPool.java:603)
	at org.eclipse.jetty.util.thread.QueuedThreadPool$3.run(QueuedThreadPool.java:538)
	at java.lang.Thread.run(Unknown Source)
Caused by: org.eclipse.birt.data.engine.core.DataException: Fail to load cube "null" from document. The document object does not exist.
	at org.eclipse.birt.data.engine.olap.data.impl.Cube.load(Cube.java:178)
	at org.eclipse.birt.data.engine.olap.data.api.CubeQueryExecutorHelper.loadCube(CubeQueryExecutorHelper.java:181)
	at org.eclipse.birt.data.engine.olap.impl.query.CubeQueryResults.loadCube(CubeQueryResults.java:373)
	at org.eclipse.birt.data.engine.olap.impl.query.CubeQueryResults.createCursor(CubeQueryResults.java:290)
	... 74 more

Sep 10, 2013 4:43:06 PM org.eclipse.birt.report.item.crosstab.core.re.executor.CrosstabReportItemExecutor execute
SEVERE: The cube result for crosstab is invalid(=null).
