Sep 10, 2013 11:27:34 AM org.eclipse.birt.chart.device.swt.SwtDisplayServer <init>
INFO: SWT Display Server: win32 v4,236
Sep 10, 2013 11:27:35 AM org.eclipse.birt.chart.ui.util.UIHelper createImage
WARNING: Exception
java.io.FileNotFoundException: /icons/obj16/CosmoIcon.gif
	at org.eclipse.osgi.framework.internal.protocol.bundleentry.Handler.findBundleEntry(Handler.java:44)
	at org.eclipse.osgi.framework.internal.core.BundleResourceHandler.openConnection(BundleResourceHandler.java:175)
	at java.net.URL.openConnection(Unknown Source)
	at java.net.URL.openStream(Unknown Source)
	at org.eclipse.birt.chart.ui.util.UIHelper.createImage(UIHelper.java:139)
	at org.eclipse.birt.chart.ui.util.UIHelper.getImage(UIHelper.java:180)
	at org.eclipse.birt.chart.piecewiseconstant.ui.type.PiecewiseConstantChart.getImage(TimeView.java:108)
	at org.eclipse.birt.chart.ui.swt.wizard.TaskSelectType.populateChartTypes(TaskSelectType.java:602)
	at org.eclipse.birt.chart.ui.swt.wizard.TaskSelectType.createBottomTypeArea(TaskSelectType.java:364)
	at org.eclipse.birt.chart.ui.swt.wizard.TaskSelectType.placeComponents(TaskSelectType.java:289)
	at org.eclipse.birt.chart.ui.swt.wizard.TaskSelectType.createControl(TaskSelectType.java:243)
	at org.eclipse.birt.core.ui.frameworks.taskwizard.WizardBaseDialog.switchTask(WizardBaseDialog.java:353)
	at org.eclipse.birt.core.ui.frameworks.taskwizard.WizardBase.switchTo(WizardBase.java:257)
	at org.eclipse.birt.chart.ui.swt.wizard.ChartWizard.switchTo(ChartWizard.java:299)
	at org.eclipse.birt.core.ui.frameworks.taskwizard.WizardBaseDialog.initializeBounds(WizardBaseDialog.java:180)
	at org.eclipse.jface.window.Window.create(Window.java:435)
	at org.eclipse.jface.dialogs.Dialog.create(Dialog.java:1089)
	at org.eclipse.birt.core.ui.frameworks.taskwizard.WizardBaseDialog.create(WizardBaseDialog.java:190)
	at org.eclipse.jface.window.Window.open(Window.java:790)
	at org.eclipse.birt.core.ui.frameworks.taskwizard.WizardBase.open(WizardBase.java:95)
	at org.eclipse.birt.chart.ui.swt.wizard.ChartWizard.open(ChartWizard.java:237)
	at org.eclipse.birt.chart.reportitem.ui.ChartReportItemBuilderImpl.open(ChartReportItemBuilderImpl.java:283)
	at org.eclipse.birt.chart.reportitem.ui.ChartReportItemBuilderProxy.open(ChartReportItemBuilderProxy.java:58)
	at org.eclipse.birt.report.designer.internal.ui.editors.schematic.extensions.ExtendedElementToolExtends.postHandleCreation(ExtendedElementToolExtends.java:51)
	at org.eclipse.birt.report.designer.internal.ui.palette.ReportTemplateTransferDropTargetListener.handleDrop(ReportTemplateTransferDropTargetListener.java:310)
	at org.eclipse.gef.dnd.AbstractTransferDropTargetListener.drop(AbstractTransferDropTargetListener.java:183)
	at org.eclipse.jface.util.DelegatingDropAdapter$3.run(DelegatingDropAdapter.java:211)
	at org.eclipse.core.runtime.SafeRunner.run(SafeRunner.java:42)
	at org.eclipse.ui.internal.JFaceUtil$1.run(JFaceUtil.java:49)
	at org.eclipse.jface.util.SafeRunnable.run(SafeRunnable.java:175)
	at org.eclipse.jface.util.DelegatingDropAdapter.drop(DelegatingDropAdapter.java:209)
	at org.eclipse.swt.dnd.DNDListener.handleEvent(DNDListener.java:90)
	at org.eclipse.swt.widgets.EventTable.sendEvent(EventTable.java:84)
	at org.eclipse.swt.widgets.Widget.sendEvent(Widget.java:1053)
	at org.eclipse.swt.widgets.Widget.sendEvent(Widget.java:1077)
	at org.eclipse.swt.widgets.Widget.sendEvent(Widget.java:1062)
	at org.eclipse.swt.widgets.Widget.notifyListeners(Widget.java:774)
	at org.eclipse.swt.dnd.DropTarget.Drop(DropTarget.java:456)
	at org.eclipse.swt.dnd.DropTarget$3.method6(DropTarget.java:258)
	at org.eclipse.swt.internal.ole.win32.COMObject.callback6(COMObject.java:119)
	at org.eclipse.swt.internal.ole.win32.COM.DoDragDrop(Native Method)
	at org.eclipse.swt.dnd.DragSource.drag(DragSource.java:363)
	at org.eclipse.swt.dnd.DragSource.access$0(DragSource.java:289)
	at org.eclipse.swt.dnd.DragSource$1.handleEvent(DragSource.java:172)
	at org.eclipse.swt.widgets.EventTable.sendEvent(EventTable.java:84)
	at org.eclipse.swt.widgets.Widget.sendEvent(Widget.java:1053)
	at org.eclipse.swt.widgets.Display.runDeferredEvents(Display.java:4169)
	at org.eclipse.swt.widgets.Display.readAndDispatch(Display.java:3758)
	at org.eclipse.e4.ui.internal.workbench.swt.PartRenderingEngine$9.run(PartRenderingEngine.java:1053)
	at org.eclipse.core.databinding.observable.Realm.runWithDefault(Realm.java:332)
	at org.eclipse.e4.ui.internal.workbench.swt.PartRenderingEngine.run(PartRenderingEngine.java:942)
	at org.eclipse.e4.ui.internal.workbench.E4Workbench.createAndRunUI(E4Workbench.java:86)
	at org.eclipse.ui.internal.Workbench$5.run(Workbench.java:588)
	at org.eclipse.core.databinding.observable.Realm.runWithDefault(Realm.java:332)
	at org.eclipse.ui.internal.Workbench.createAndRunWorkbench(Workbench.java:543)
	at org.eclipse.ui.PlatformUI.createAndRunWorkbench(PlatformUI.java:149)
	at org.eclipse.ui.internal.ide.application.IDEApplication.start(IDEApplication.java:124)
	at org.eclipse.equinox.internal.app.EclipseAppHandle.run(EclipseAppHandle.java:196)
	at org.eclipse.core.runtime.internal.adaptor.EclipseAppLauncher.runApplication(EclipseAppLauncher.java:110)
	at org.eclipse.core.runtime.internal.adaptor.EclipseAppLauncher.start(EclipseAppLauncher.java:79)
	at org.eclipse.core.runtime.adaptor.EclipseStarter.run(EclipseStarter.java:353)
	at org.eclipse.core.runtime.adaptor.EclipseStarter.run(EclipseStarter.java:180)
	at sun.reflect.NativeMethodAccessorImpl.invoke0(Native Method)
	at sun.reflect.NativeMethodAccessorImpl.invoke(Unknown Source)
	at sun.reflect.DelegatingMethodAccessorImpl.invoke(Unknown Source)
	at java.lang.reflect.Method.invoke(Unknown Source)
	at org.eclipse.equinox.launcher.Main.invokeFramework(Main.java:629)
	at org.eclipse.equinox.launcher.Main.basicRun(Main.java:584)
	at org.eclipse.equinox.launcher.Main.run(Main.java:1438)
	at org.eclipse.equinox.launcher.Main.main(Main.java:1414)

Sep 10, 2013 11:27:35 AM org.eclipse.birt.chart.device.swt.SwtDisplayServer <init>
INFO: SWT Display Server: win32 v4,236
Sep 10, 2013 11:27:35 AM org.eclipse.birt.chart.device.swt.R31Enhance <clinit>
INFO: Advanced SWT graphics functions enabled.
Sep 10, 2013 11:27:35 AM org.eclipse.birt.chart.device.swt.SwtRendererImpl setProperty
INFO: Using graphics context org.eclipse.swt.graphics.GC@GC {-1493099939}
Sep 10, 2013 11:27:35 AM org.eclipse.birt.chart.render.EmptyWithAxes renderSeries
INFO: org.eclipse.birt.chart.render.EmptyWithAxes: renderSeries() [1/2]
Sep 10, 2013 11:27:35 AM org.eclipse.birt.chart.extension.render.Bar renderSeries
INFO: org.eclipse.birt.chart.extension.render.Bar: renderSeries() [2/2]
Sep 10, 2013 11:27:35 AM org.eclipse.birt.chart.device.swt.SwtRendererImpl enableInteraction
INFO: Cannot enable interaction if an IUpdateNotifier is not associated with the renderer.
Sep 10, 2013 11:27:35 AM org.eclipse.birt.chart.device.swt.SwtRendererImpl enableInteraction
INFO: Cannot enable interaction if an IUpdateNotifier is not associated with the renderer.
Sep 10, 2013 11:27:35 AM org.eclipse.birt.chart.device.swt.SwtRendererImpl enableInteraction
INFO: Cannot enable interaction if an IUpdateNotifier is not associated with the renderer.
Sep 10, 2013 11:27:35 AM org.eclipse.birt.chart.device.swt.SwtRendererImpl enableInteraction
INFO: Cannot enable interaction if an IUpdateNotifier is not associated with the renderer.
Sep 10, 2013 11:27:35 AM org.eclipse.birt.chart.device.swt.SwtRendererImpl enableInteraction
INFO: Cannot enable interaction if an IUpdateNotifier is not associated with the renderer.
Sep 10, 2013 11:27:35 AM org.eclipse.birt.chart.device.swt.SwtRendererImpl enableInteraction
INFO: Cannot enable interaction if an IUpdateNotifier is not associated with the renderer.
Sep 10, 2013 11:27:35 AM org.eclipse.birt.chart.device.swt.SwtRendererImpl enableInteraction
INFO: Cannot enable interaction if an IUpdateNotifier is not associated with the renderer.
Sep 10, 2013 11:27:36 AM org.eclipse.birt.chart.device.swt.SwtRendererImpl enableInteraction
INFO: Cannot enable interaction if an IUpdateNotifier is not associated with the renderer.
Sep 10, 2013 11:27:36 AM org.eclipse.birt.chart.device.swt.SwtRendererImpl enableInteraction
INFO: Cannot enable interaction if an IUpdateNotifier is not associated with the renderer.
Sep 10, 2013 11:27:36 AM org.eclipse.birt.chart.device.swt.SwtRendererImpl enableInteraction
INFO: Cannot enable interaction if an IUpdateNotifier is not associated with the renderer.
Sep 10, 2013 11:27:36 AM org.eclipse.birt.chart.device.swt.SwtRendererImpl enableInteraction
INFO: Cannot enable interaction if an IUpdateNotifier is not associated with the renderer.
Sep 10, 2013 11:27:36 AM org.eclipse.birt.chart.device.swt.SwtRendererImpl enableInteraction
INFO: Cannot enable interaction if an IUpdateNotifier is not associated with the renderer.
Sep 10, 2013 11:27:36 AM org.eclipse.birt.chart.device.swt.SwtRendererImpl enableInteraction
INFO: Cannot enable interaction if an IUpdateNotifier is not associated with the renderer.
Sep 10, 2013 11:27:36 AM org.eclipse.birt.chart.device.swt.SwtRendererImpl enableInteraction
INFO: Cannot enable interaction if an IUpdateNotifier is not associated with the renderer.
Sep 10, 2013 11:27:36 AM org.eclipse.birt.chart.device.swt.SwtRendererImpl enableInteraction
INFO: Cannot enable interaction if an IUpdateNotifier is not associated with the renderer.
Sep 10, 2013 11:27:36 AM org.eclipse.birt.chart.device.swt.SwtRendererImpl enableInteraction
INFO: Cannot enable interaction if an IUpdateNotifier is not associated with the renderer.
Sep 10, 2013 11:27:36 AM org.eclipse.birt.chart.device.swt.SwtRendererImpl enableInteraction
INFO: Cannot enable interaction if an IUpdateNotifier is not associated with the renderer.
Sep 10, 2013 11:27:38 AM org.eclipse.birt.chart.device.swt.SwtDisplayServer <init>
INFO: SWT Display Server: win32 v4,236
Sep 10, 2013 11:27:38 AM org.eclipse.birt.chart.device.swt.SwtRendererImpl setProperty
INFO: Using graphics context org.eclipse.swt.graphics.GC@GC {-100590999}
Sep 10, 2013 11:27:39 AM org.eclipse.birt.chart.render.EmptyWithAxes renderSeries
INFO: org.eclipse.birt.chart.render.EmptyWithAxes: renderSeries() [1/2]
Sep 10, 2013 11:27:39 AM org.eclipse.birt.chart.device.swt.SwtRendererImpl enableInteraction
INFO: Cannot enable interaction if an IUpdateNotifier is not associated with the renderer.
Sep 10, 2013 11:27:39 AM org.eclipse.birt.chart.device.swt.SwtRendererImpl enableInteraction
INFO: Cannot enable interaction if an IUpdateNotifier is not associated with the renderer.
Sep 10, 2013 11:27:39 AM org.eclipse.birt.chart.device.swt.SwtRendererImpl enableInteraction
INFO: Cannot enable interaction if an IUpdateNotifier is not associated with the renderer.
Sep 10, 2013 11:27:39 AM org.eclipse.birt.chart.device.swt.SwtRendererImpl enableInteraction
INFO: Cannot enable interaction if an IUpdateNotifier is not associated with the renderer.
Sep 10, 2013 11:27:39 AM org.eclipse.birt.chart.device.swt.SwtRendererImpl enableInteraction
INFO: Cannot enable interaction if an IUpdateNotifier is not associated with the renderer.
Sep 10, 2013 11:27:39 AM org.eclipse.birt.chart.device.swt.SwtRendererImpl enableInteraction
INFO: Cannot enable interaction if an IUpdateNotifier is not associated with the renderer.
Sep 10, 2013 11:27:39 AM org.eclipse.birt.chart.device.swt.SwtRendererImpl enableInteraction
INFO: Cannot enable interaction if an IUpdateNotifier is not associated with the renderer.
Sep 10, 2013 11:27:39 AM org.eclipse.birt.chart.device.swt.SwtRendererImpl enableInteraction
INFO: Cannot enable interaction if an IUpdateNotifier is not associated with the renderer.
Sep 10, 2013 11:27:39 AM org.eclipse.birt.chart.device.swt.SwtRendererImpl enableInteraction
INFO: Cannot enable interaction if an IUpdateNotifier is not associated with the renderer.
Sep 10, 2013 11:27:39 AM org.eclipse.birt.chart.device.swt.SwtRendererImpl enableInteraction
INFO: Cannot enable interaction if an IUpdateNotifier is not associated with the renderer.
Sep 10, 2013 11:27:39 AM org.eclipse.birt.chart.device.swt.SwtRendererImpl enableInteraction
INFO: Cannot enable interaction if an IUpdateNotifier is not associated with the renderer.
Sep 10, 2013 11:28:06 AM org.eclipse.birt.chart.device.swt.SwtDisplayServer <init>
INFO: SWT Display Server: win32 v4,236
Sep 10, 2013 11:28:06 AM org.eclipse.birt.chart.device.swt.SwtRendererImpl setProperty
INFO: Using graphics context org.eclipse.swt.graphics.GC@GC {234953459}
Sep 10, 2013 11:28:06 AM org.eclipse.birt.chart.render.EmptyWithAxes renderSeries
INFO: org.eclipse.birt.chart.render.EmptyWithAxes: renderSeries() [1/2]
Sep 10, 2013 11:28:06 AM org.eclipse.birt.chart.device.swt.SwtRendererImpl enableInteraction
INFO: Cannot enable interaction if an IUpdateNotifier is not associated with the renderer.
Sep 10, 2013 11:28:06 AM org.eclipse.birt.chart.device.swt.SwtRendererImpl enableInteraction
INFO: Cannot enable interaction if an IUpdateNotifier is not associated with the renderer.
Sep 10, 2013 11:28:06 AM org.eclipse.birt.chart.device.swt.SwtRendererImpl enableInteraction
INFO: Cannot enable interaction if an IUpdateNotifier is not associated with the renderer.
Sep 10, 2013 11:28:06 AM org.eclipse.birt.chart.device.swt.SwtRendererImpl enableInteraction
INFO: Cannot enable interaction if an IUpdateNotifier is not associated with the renderer.
Sep 10, 2013 11:28:06 AM org.eclipse.birt.chart.device.swt.SwtRendererImpl enableInteraction
INFO: Cannot enable interaction if an IUpdateNotifier is not associated with the renderer.
Sep 10, 2013 11:28:06 AM org.eclipse.birt.chart.device.swt.SwtRendererImpl enableInteraction
INFO: Cannot enable interaction if an IUpdateNotifier is not associated with the renderer.
Sep 10, 2013 11:28:06 AM org.eclipse.birt.chart.device.swt.SwtRendererImpl enableInteraction
INFO: Cannot enable interaction if an IUpdateNotifier is not associated with the renderer.
Sep 10, 2013 11:28:06 AM org.eclipse.birt.chart.device.swt.SwtRendererImpl enableInteraction
INFO: Cannot enable interaction if an IUpdateNotifier is not associated with the renderer.
Sep 10, 2013 11:28:06 AM org.eclipse.birt.chart.device.swt.SwtRendererImpl enableInteraction
INFO: Cannot enable interaction if an IUpdateNotifier is not associated with the renderer.
Sep 10, 2013 11:28:06 AM org.eclipse.birt.chart.device.swt.SwtRendererImpl enableInteraction
INFO: Cannot enable interaction if an IUpdateNotifier is not associated with the renderer.
Sep 10, 2013 11:28:06 AM org.eclipse.birt.chart.device.swt.SwtRendererImpl enableInteraction
INFO: Cannot enable interaction if an IUpdateNotifier is not associated with the renderer.
Sep 10, 2013 11:28:12 AM org.eclipse.birt.chart.device.swt.SwtDisplayServer <init>
INFO: SWT Display Server: win32 v4,236
Sep 10, 2013 11:28:12 AM org.eclipse.birt.chart.device.swt.SwtRendererImpl setProperty
INFO: Using graphics context org.eclipse.swt.graphics.GC@GC {151067392}
Sep 10, 2013 11:28:12 AM org.eclipse.birt.chart.render.EmptyWithAxes renderSeries
INFO: org.eclipse.birt.chart.render.EmptyWithAxes: renderSeries() [1/2]
Sep 10, 2013 11:28:12 AM org.eclipse.birt.chart.device.swt.SwtRendererImpl enableInteraction
INFO: Cannot enable interaction if an IUpdateNotifier is not associated with the renderer.
Sep 10, 2013 11:28:12 AM org.eclipse.birt.chart.device.swt.SwtRendererImpl enableInteraction
INFO: Cannot enable interaction if an IUpdateNotifier is not associated with the renderer.
Sep 10, 2013 11:29:06 AM org.eclipse.birt.chart.ui.swt.wizard.ChartAdapter notifyChanged
INFO: ChartAdapter: Notification received for org.eclipse.birt.chart.model.data.impl.SeriesGroupingImpl
Sep 10, 2013 11:29:06 AM org.eclipse.birt.chart.ui.swt.wizard.ChartAdapter notifyChanged
INFO: ChartAdapter: New Value is true
Sep 10, 2013 11:29:06 AM org.eclipse.birt.chart.device.swt.SwtDisplayServer <init>
INFO: SWT Display Server: win32 v4,236
Sep 10, 2013 11:29:06 AM org.eclipse.birt.chart.device.swt.SwtRendererImpl setProperty
INFO: Using graphics context org.eclipse.swt.graphics.GC@GC {1795234153}
Sep 10, 2013 11:29:06 AM org.eclipse.birt.chart.render.EmptyWithAxes renderSeries
INFO: org.eclipse.birt.chart.render.EmptyWithAxes: renderSeries() [1/2]
Sep 10, 2013 11:29:06 AM org.eclipse.birt.chart.device.swt.SwtRendererImpl enableInteraction
INFO: Cannot enable interaction if an IUpdateNotifier is not associated with the renderer.
Sep 10, 2013 11:29:06 AM org.eclipse.birt.chart.device.swt.SwtRendererImpl enableInteraction
INFO: Cannot enable interaction if an IUpdateNotifier is not associated with the renderer.
Sep 10, 2013 11:29:20 AM org.eclipse.birt.chart.ui.swt.wizard.ChartAdapter notifyChanged
INFO: ChartAdapter: Notification received for org.eclipse.birt.chart.model.data.impl.QueryImpl
Sep 10, 2013 11:29:20 AM org.eclipse.birt.chart.ui.swt.wizard.ChartAdapter notifyChanged
INFO: ChartAdapter: New Value is row["Label"]
Sep 10, 2013 11:29:20 AM org.eclipse.birt.chart.device.swt.SwtDisplayServer <init>
INFO: SWT Display Server: win32 v4,236
Sep 10, 2013 11:29:21 AM org.eclipse.birt.chart.device.swt.SwtRendererImpl setProperty
INFO: Using graphics context org.eclipse.swt.graphics.GC@GC {-1308550267}
Sep 10, 2013 11:29:21 AM org.eclipse.birt.chart.render.EmptyWithAxes renderSeries
INFO: org.eclipse.birt.chart.render.EmptyWithAxes: renderSeries() [1/2]
Sep 10, 2013 11:29:21 AM org.eclipse.birt.chart.device.swt.SwtRendererImpl enableInteraction
INFO: Cannot enable interaction if an IUpdateNotifier is not associated with the renderer.
Sep 10, 2013 11:29:21 AM org.eclipse.birt.chart.device.swt.SwtRendererImpl enableInteraction
INFO: Cannot enable interaction if an IUpdateNotifier is not associated with the renderer.
Sep 10, 2013 11:29:31 AM org.eclipse.birt.chart.ui.swt.wizard.ChartAdapter notifyChanged
INFO: ChartAdapter: Notification received for org.eclipse.birt.chart.model.data.impl.QueryImpl
Sep 10, 2013 11:29:31 AM org.eclipse.birt.chart.ui.swt.wizard.ChartAdapter notifyChanged
INFO: ChartAdapter: New Value is row["LEVEL"]
Sep 10, 2013 11:29:31 AM org.eclipse.birt.chart.device.swt.SwtDisplayServer <init>
INFO: SWT Display Server: win32 v4,236
Sep 10, 2013 11:29:31 AM org.eclipse.birt.chart.device.swt.SwtRendererImpl setProperty
INFO: Using graphics context org.eclipse.swt.graphics.GC@GC {-788456869}
Sep 10, 2013 11:29:31 AM org.eclipse.birt.chart.render.EmptyWithAxes renderSeries
INFO: org.eclipse.birt.chart.render.EmptyWithAxes: renderSeries() [1/2]
Sep 10, 2013 11:29:31 AM org.eclipse.birt.chart.device.swt.SwtRendererImpl enableInteraction
INFO: Cannot enable interaction if an IUpdateNotifier is not associated with the renderer.
Sep 10, 2013 11:29:31 AM org.eclipse.birt.chart.device.swt.SwtRendererImpl enableInteraction
INFO: Cannot enable interaction if an IUpdateNotifier is not associated with the renderer.
Sep 10, 2013 11:29:43 AM org.eclipse.birt.chart.ui.swt.wizard.ChartAdapter notifyChanged
INFO: ChartAdapter: Notification received for org.eclipse.birt.chart.model.data.impl.QueryImpl
Sep 10, 2013 11:29:43 AM org.eclipse.birt.chart.ui.swt.wizard.ChartAdapter notifyChanged
INFO: ChartAdapter: New Value is row["Time"]
Sep 10, 2013 11:29:43 AM org.eclipse.birt.chart.ui.swt.wizard.ChartAdapter notifyChanged
INFO: ChartAdapter: Notification received for org.eclipse.birt.chart.model.component.impl.AxisImpl
Sep 10, 2013 11:29:43 AM org.eclipse.birt.chart.ui.swt.wizard.ChartAdapter notifyChanged
INFO: ChartAdapter: New Value is Linear
Sep 10, 2013 11:29:43 AM org.eclipse.birt.chart.device.swt.SwtDisplayServer <init>
INFO: SWT Display Server: win32 v4,236
Sep 10, 2013 11:29:43 AM org.eclipse.birt.chart.device.swt.SwtRendererImpl setProperty
INFO: Using graphics context org.eclipse.swt.graphics.GC@GC {1275140679}
Sep 10, 2013 11:29:43 AM org.eclipse.birt.chart.render.EmptyWithAxes renderSeries
INFO: org.eclipse.birt.chart.render.EmptyWithAxes: renderSeries() [1/2]
Sep 10, 2013 11:29:43 AM org.eclipse.birt.chart.device.swt.SwtRendererImpl enableInteraction
INFO: Cannot enable interaction if an IUpdateNotifier is not associated with the renderer.
Sep 10, 2013 11:29:43 AM org.eclipse.birt.chart.device.swt.SwtRendererImpl enableInteraction
INFO: Cannot enable interaction if an IUpdateNotifier is not associated with the renderer.
Sep 10, 2013 11:29:55 AM org.eclipse.birt.chart.device.swt.SwtDisplayServer <init>
INFO: SWT Display Server: win32 v4,236
Sep 10, 2013 11:29:55 AM org.eclipse.birt.chart.device.swt.SwtRendererImpl setProperty
INFO: Using graphics context org.eclipse.swt.graphics.GC@GC {-1358882114}
Sep 10, 2013 11:29:55 AM org.eclipse.birt.chart.render.EmptyWithAxes renderSeries
INFO: org.eclipse.birt.chart.render.EmptyWithAxes: renderSeries() [1/2]
Sep 10, 2013 11:29:55 AM org.eclipse.birt.chart.device.swt.SwtRendererImpl enableInteraction
INFO: Cannot enable interaction if an IUpdateNotifier is not associated with the renderer.
Sep 10, 2013 11:29:55 AM org.eclipse.birt.chart.device.swt.SwtRendererImpl enableInteraction
INFO: Cannot enable interaction if an IUpdateNotifier is not associated with the renderer.
Sep 10, 2013 11:29:55 AM org.eclipse.birt.chart.device.swt.SwtRendererImpl enableInteraction
INFO: Cannot enable interaction if an IUpdateNotifier is not associated with the renderer.
Sep 10, 2013 11:29:55 AM org.eclipse.birt.chart.device.swt.SwtRendererImpl enableInteraction
INFO: Cannot enable interaction if an IUpdateNotifier is not associated with the renderer.
Sep 10, 2013 11:29:55 AM org.eclipse.birt.chart.device.swt.SwtRendererImpl enableInteraction
INFO: Cannot enable interaction if an IUpdateNotifier is not associated with the renderer.
Sep 10, 2013 11:29:55 AM org.eclipse.birt.chart.device.swt.SwtRendererImpl enableInteraction
INFO: Cannot enable interaction if an IUpdateNotifier is not associated with the renderer.
Sep 10, 2013 11:29:55 AM org.eclipse.birt.chart.device.swt.SwtRendererImpl enableInteraction
INFO: Cannot enable interaction if an IUpdateNotifier is not associated with the renderer.
Sep 10, 2013 11:29:55 AM org.eclipse.birt.chart.device.swt.SwtRendererImpl enableInteraction
INFO: Cannot enable interaction if an IUpdateNotifier is not associated with the renderer.
Sep 10, 2013 11:29:55 AM org.eclipse.birt.chart.device.swt.SwtRendererImpl enableInteraction
INFO: Cannot enable interaction if an IUpdateNotifier is not associated with the renderer.
Sep 10, 2013 11:29:55 AM org.eclipse.birt.chart.device.swt.SwtRendererImpl enableInteraction
INFO: Cannot enable interaction if an IUpdateNotifier is not associated with the renderer.
Sep 10, 2013 11:29:55 AM org.eclipse.birt.chart.device.swt.SwtRendererImpl enableInteraction
INFO: Cannot enable interaction if an IUpdateNotifier is not associated with the renderer.
Sep 10, 2013 11:29:55 AM org.eclipse.birt.chart.device.swt.SwtRendererImpl enableInteraction
INFO: Cannot enable interaction if an IUpdateNotifier is not associated with the renderer.
Sep 10, 2013 11:29:55 AM org.eclipse.birt.chart.device.swt.SwtRendererImpl enableInteraction
INFO: Cannot enable interaction if an IUpdateNotifier is not associated with the renderer.
Sep 10, 2013 11:29:55 AM org.eclipse.birt.chart.device.swt.SwtRendererImpl enableInteraction
INFO: Cannot enable interaction if an IUpdateNotifier is not associated with the renderer.
Sep 10, 2013 11:30:02 AM org.eclipse.birt.chart.device.swt.SwtDisplayServer <init>
INFO: SWT Display Server: win32 v4,236
Sep 10, 2013 11:30:02 AM org.eclipse.birt.chart.device.swt.SwtRendererImpl setProperty
INFO: Using graphics context org.eclipse.swt.graphics.GC@GC {989928216}
Sep 10, 2013 11:30:02 AM org.eclipse.birt.chart.render.EmptyWithAxes renderSeries
INFO: org.eclipse.birt.chart.render.EmptyWithAxes: renderSeries() [1/2]
Sep 10, 2013 11:30:02 AM org.eclipse.birt.chart.device.swt.SwtRendererImpl enableInteraction
INFO: Cannot enable interaction if an IUpdateNotifier is not associated with the renderer.
Sep 10, 2013 11:30:02 AM org.eclipse.birt.chart.device.swt.SwtRendererImpl enableInteraction
INFO: Cannot enable interaction if an IUpdateNotifier is not associated with the renderer.
Sep 10, 2013 11:30:02 AM org.eclipse.birt.chart.device.swt.SwtRendererImpl enableInteraction
INFO: Cannot enable interaction if an IUpdateNotifier is not associated with the renderer.
Sep 10, 2013 11:30:17 AM org.eclipse.birt.chart.device.swt.SwtDisplayServer <init>
INFO: SWT Display Server: win32 v4,236
Sep 10, 2013 11:30:17 AM org.eclipse.birt.chart.device.swt.SwtDisplayServer <init>
INFO: SWT Display Server: win32 v4,236
Sep 10, 2013 11:30:17 AM org.eclipse.birt.chart.device.swt.SwtRendererImpl setProperty
INFO: Using graphics context org.eclipse.swt.graphics.GC@GC {-1677649669}
Sep 10, 2013 11:30:17 AM org.eclipse.birt.chart.render.EmptyWithAxes renderSeries
INFO: org.eclipse.birt.chart.render.EmptyWithAxes: renderSeries() [1/2]
Sep 10, 2013 11:30:17 AM org.eclipse.birt.chart.device.swt.SwtRendererImpl enableInteraction
INFO: Cannot enable interaction if an IUpdateNotifier is not associated with the renderer.
Sep 10, 2013 11:30:17 AM org.eclipse.birt.chart.device.swt.SwtRendererImpl enableInteraction
INFO: Cannot enable interaction if an IUpdateNotifier is not associated with the renderer.
Sep 10, 2013 11:30:17 AM org.eclipse.birt.chart.device.swt.SwtRendererImpl enableInteraction
INFO: Cannot enable interaction if an IUpdateNotifier is not associated with the renderer.
Sep 10, 2013 11:30:17 AM org.eclipse.birt.chart.device.swt.SwtRendererImpl enableInteraction
INFO: Cannot enable interaction if an IUpdateNotifier is not associated with the renderer.
Sep 10, 2013 11:30:17 AM org.eclipse.birt.chart.device.swt.SwtRendererImpl enableInteraction
INFO: Cannot enable interaction if an IUpdateNotifier is not associated with the renderer.
Sep 10, 2013 11:30:17 AM org.eclipse.birt.chart.device.swt.SwtRendererImpl enableInteraction
INFO: Cannot enable interaction if an IUpdateNotifier is not associated with the renderer.
Sep 10, 2013 11:30:17 AM org.eclipse.birt.chart.device.swt.SwtRendererImpl enableInteraction
INFO: Cannot enable interaction if an IUpdateNotifier is not associated with the renderer.
Sep 10, 2013 11:30:17 AM org.eclipse.birt.chart.device.swt.SwtRendererImpl enableInteraction
INFO: Cannot enable interaction if an IUpdateNotifier is not associated with the renderer.
Sep 10, 2013 11:30:17 AM org.eclipse.birt.chart.device.swt.SwtRendererImpl enableInteraction
INFO: Cannot enable interaction if an IUpdateNotifier is not associated with the renderer.
Sep 10, 2013 11:30:17 AM org.eclipse.birt.chart.device.swt.SwtRendererImpl enableInteraction
INFO: Cannot enable interaction if an IUpdateNotifier is not associated with the renderer.
Sep 10, 2013 11:30:17 AM org.eclipse.birt.chart.device.swt.SwtRendererImpl enableInteraction
INFO: Cannot enable interaction if an IUpdateNotifier is not associated with the renderer.
Sep 10, 2013 11:30:17 AM org.eclipse.birt.chart.device.swt.SwtRendererImpl enableInteraction
INFO: Cannot enable interaction if an IUpdateNotifier is not associated with the renderer.
Sep 10, 2013 11:30:17 AM org.eclipse.birt.chart.device.swt.SwtRendererImpl enableInteraction
INFO: Cannot enable interaction if an IUpdateNotifier is not associated with the renderer.
Sep 10, 2013 11:30:17 AM org.eclipse.birt.chart.device.swt.SwtRendererImpl enableInteraction
INFO: Cannot enable interaction if an IUpdateNotifier is not associated with the renderer.
Sep 10, 2013 11:30:21 AM org.eclipse.birt.chart.ui.swt.wizard.ChartAdapter notifyChanged
INFO: ChartAdapter: Notification received for org.eclipse.birt.chart.model.component.impl.AxisImpl
Sep 10, 2013 11:30:21 AM org.eclipse.birt.chart.ui.swt.wizard.ChartAdapter notifyChanged
INFO: ChartAdapter: New Value is false
Sep 10, 2013 11:30:21 AM org.eclipse.birt.chart.ui.swt.wizard.ChartAdapter notifyChanged
INFO: ChartAdapter: Notification received for org.eclipse.birt.chart.model.impl.ChartWithAxesImpl
Sep 10, 2013 11:30:21 AM org.eclipse.birt.chart.ui.swt.wizard.ChartAdapter notifyChanged
INFO: ChartAdapter: New Value is false
Sep 10, 2013 11:30:21 AM org.eclipse.birt.chart.device.swt.SwtDisplayServer <init>
INFO: SWT Display Server: win32 v4,236
Sep 10, 2013 11:30:21 AM org.eclipse.birt.chart.device.swt.SwtRendererImpl setProperty
INFO: Using graphics context org.eclipse.swt.graphics.GC@GC {1275140369}
Sep 10, 2013 11:30:21 AM org.eclipse.birt.chart.render.EmptyWithAxes renderSeries
INFO: org.eclipse.birt.chart.render.EmptyWithAxes: renderSeries() [1/2]
Sep 10, 2013 11:30:21 AM org.eclipse.birt.chart.device.swt.SwtRendererImpl enableInteraction
INFO: Cannot enable interaction if an IUpdateNotifier is not associated with the renderer.
Sep 10, 2013 11:30:21 AM org.eclipse.birt.chart.device.swt.SwtRendererImpl enableInteraction
INFO: Cannot enable interaction if an IUpdateNotifier is not associated with the renderer.
Sep 10, 2013 11:30:21 AM org.eclipse.birt.chart.device.swt.SwtRendererImpl enableInteraction
INFO: Cannot enable interaction if an IUpdateNotifier is not associated with the renderer.
Sep 10, 2013 11:30:21 AM org.eclipse.birt.chart.device.swt.SwtRendererImpl enableInteraction
INFO: Cannot enable interaction if an IUpdateNotifier is not associated with the renderer.
Sep 10, 2013 11:30:21 AM org.eclipse.birt.chart.device.swt.SwtRendererImpl enableInteraction
INFO: Cannot enable interaction if an IUpdateNotifier is not associated with the renderer.
Sep 10, 2013 11:30:21 AM org.eclipse.birt.chart.device.swt.SwtRendererImpl enableInteraction
INFO: Cannot enable interaction if an IUpdateNotifier is not associated with the renderer.
Sep 10, 2013 11:30:21 AM org.eclipse.birt.chart.device.swt.SwtRendererImpl enableInteraction
INFO: Cannot enable interaction if an IUpdateNotifier is not associated with the renderer.
Sep 10, 2013 11:30:21 AM org.eclipse.birt.chart.device.swt.SwtRendererImpl enableInteraction
INFO: Cannot enable interaction if an IUpdateNotifier is not associated with the renderer.
Sep 10, 2013 11:30:21 AM org.eclipse.birt.chart.device.swt.SwtRendererImpl enableInteraction
INFO: Cannot enable interaction if an IUpdateNotifier is not associated with the renderer.
Sep 10, 2013 11:30:21 AM org.eclipse.birt.chart.device.swt.SwtRendererImpl enableInteraction
INFO: Cannot enable interaction if an IUpdateNotifier is not associated with the renderer.
Sep 10, 2013 11:30:21 AM org.eclipse.birt.chart.device.swt.SwtRendererImpl enableInteraction
INFO: Cannot enable interaction if an IUpdateNotifier is not associated with the renderer.
Sep 10, 2013 11:30:21 AM org.eclipse.birt.chart.device.swt.SwtRendererImpl enableInteraction
INFO: Cannot enable interaction if an IUpdateNotifier is not associated with the renderer.
Sep 10, 2013 11:30:21 AM org.eclipse.birt.chart.device.swt.SwtRendererImpl enableInteraction
INFO: Cannot enable interaction if an IUpdateNotifier is not associated with the renderer.
Sep 10, 2013 11:30:21 AM org.eclipse.birt.chart.device.swt.SwtRendererImpl enableInteraction
INFO: Cannot enable interaction if an IUpdateNotifier is not associated with the renderer.
Sep 10, 2013 11:30:21 AM org.eclipse.birt.chart.device.swt.SwtRendererImpl enableInteraction
INFO: Cannot enable interaction if an IUpdateNotifier is not associated with the renderer.
Sep 10, 2013 11:30:21 AM org.eclipse.birt.chart.device.swt.SwtRendererImpl enableInteraction
INFO: Cannot enable interaction if an IUpdateNotifier is not associated with the renderer.
Sep 10, 2013 11:30:21 AM org.eclipse.birt.chart.device.swt.SwtRendererImpl enableInteraction
INFO: Cannot enable interaction if an IUpdateNotifier is not associated with the renderer.
Sep 10, 2013 11:30:21 AM org.eclipse.birt.chart.device.swt.SwtRendererImpl enableInteraction
INFO: Cannot enable interaction if an IUpdateNotifier is not associated with the renderer.
Sep 10, 2013 11:30:21 AM org.eclipse.birt.chart.device.swt.SwtRendererImpl enableInteraction
INFO: Cannot enable interaction if an IUpdateNotifier is not associated with the renderer.
Sep 10, 2013 11:30:21 AM org.eclipse.birt.chart.device.swt.SwtRendererImpl enableInteraction
INFO: Cannot enable interaction if an IUpdateNotifier is not associated with the renderer.
Sep 10, 2013 11:30:21 AM org.eclipse.birt.chart.device.swt.SwtRendererImpl enableInteraction
INFO: Cannot enable interaction if an IUpdateNotifier is not associated with the renderer.
Sep 10, 2013 11:30:21 AM org.eclipse.birt.chart.device.swt.SwtRendererImpl enableInteraction
INFO: Cannot enable interaction if an IUpdateNotifier is not associated with the renderer.
Sep 10, 2013 11:30:21 AM org.eclipse.birt.chart.device.swt.SwtRendererImpl enableInteraction
INFO: Cannot enable interaction if an IUpdateNotifier is not associated with the renderer.
Sep 10, 2013 11:30:21 AM org.eclipse.birt.chart.device.swt.SwtRendererImpl enableInteraction
INFO: Cannot enable interaction if an IUpdateNotifier is not associated with the renderer.
Sep 10, 2013 11:30:21 AM org.eclipse.birt.chart.device.swt.SwtRendererImpl enableInteraction
INFO: Cannot enable interaction if an IUpdateNotifier is not associated with the renderer.
Sep 10, 2013 11:30:21 AM org.eclipse.birt.chart.device.swt.SwtRendererImpl enableInteraction
INFO: Cannot enable interaction if an IUpdateNotifier is not associated with the renderer.
Sep 10, 2013 11:30:21 AM org.eclipse.birt.chart.device.swt.SwtRendererImpl enableInteraction
INFO: Cannot enable interaction if an IUpdateNotifier is not associated with the renderer.
Sep 10, 2013 11:30:21 AM org.eclipse.birt.chart.device.swt.SwtRendererImpl enableInteraction
INFO: Cannot enable interaction if an IUpdateNotifier is not associated with the renderer.
Sep 10, 2013 11:30:21 AM org.eclipse.birt.chart.device.swt.SwtRendererImpl enableInteraction
INFO: Cannot enable interaction if an IUpdateNotifier is not associated with the renderer.
Sep 10, 2013 11:30:21 AM org.eclipse.birt.chart.device.swt.SwtRendererImpl enableInteraction
INFO: Cannot enable interaction if an IUpdateNotifier is not associated with the renderer.
Sep 10, 2013 11:30:21 AM org.eclipse.birt.chart.device.swt.SwtRendererImpl enableInteraction
INFO: Cannot enable interaction if an IUpdateNotifier is not associated with the renderer.
Sep 10, 2013 11:30:26 AM org.eclipse.birt.chart.device.swt.SwtDisplayServer <init>
INFO: SWT Display Server: win32 v4,236
Sep 10, 2013 11:30:26 AM org.eclipse.birt.chart.device.swt.SwtRendererImpl setProperty
INFO: Using graphics context org.eclipse.swt.graphics.GC@GC {419502451}
Sep 10, 2013 11:30:26 AM org.eclipse.birt.chart.render.EmptyWithAxes renderSeries
INFO: org.eclipse.birt.chart.render.EmptyWithAxes: renderSeries() [1/2]
Sep 10, 2013 11:30:26 AM org.eclipse.birt.chart.device.swt.SwtRendererImpl enableInteraction
INFO: Cannot enable interaction if an IUpdateNotifier is not associated with the renderer.
Sep 10, 2013 11:30:26 AM org.eclipse.birt.chart.device.swt.SwtRendererImpl enableInteraction
INFO: Cannot enable interaction if an IUpdateNotifier is not associated with the renderer.
Sep 10, 2013 11:30:26 AM org.eclipse.birt.chart.device.swt.SwtRendererImpl enableInteraction
INFO: Cannot enable interaction if an IUpdateNotifier is not associated with the renderer.
Sep 10, 2013 11:30:26 AM org.eclipse.birt.chart.device.swt.SwtRendererImpl enableInteraction
INFO: Cannot enable interaction if an IUpdateNotifier is not associated with the renderer.
Sep 10, 2013 11:30:26 AM org.eclipse.birt.chart.device.swt.SwtRendererImpl enableInteraction
INFO: Cannot enable interaction if an IUpdateNotifier is not associated with the renderer.
Sep 10, 2013 11:30:26 AM org.eclipse.birt.chart.device.swt.SwtRendererImpl enableInteraction
INFO: Cannot enable interaction if an IUpdateNotifier is not associated with the renderer.
Sep 10, 2013 11:30:26 AM org.eclipse.birt.chart.device.swt.SwtRendererImpl enableInteraction
INFO: Cannot enable interaction if an IUpdateNotifier is not associated with the renderer.
Sep 10, 2013 11:30:26 AM org.eclipse.birt.chart.device.swt.SwtRendererImpl enableInteraction
INFO: Cannot enable interaction if an IUpdateNotifier is not associated with the renderer.
Sep 10, 2013 11:30:26 AM org.eclipse.birt.chart.device.swt.SwtRendererImpl enableInteraction
INFO: Cannot enable interaction if an IUpdateNotifier is not associated with the renderer.
Sep 10, 2013 11:30:26 AM org.eclipse.birt.chart.device.swt.SwtRendererImpl enableInteraction
INFO: Cannot enable interaction if an IUpdateNotifier is not associated with the renderer.
Sep 10, 2013 11:30:26 AM org.eclipse.birt.chart.device.swt.SwtRendererImpl enableInteraction
INFO: Cannot enable interaction if an IUpdateNotifier is not associated with the renderer.
Sep 10, 2013 11:30:26 AM org.eclipse.birt.chart.device.swt.SwtRendererImpl enableInteraction
INFO: Cannot enable interaction if an IUpdateNotifier is not associated with the renderer.
Sep 10, 2013 11:30:26 AM org.eclipse.birt.chart.device.swt.SwtRendererImpl enableInteraction
INFO: Cannot enable interaction if an IUpdateNotifier is not associated with the renderer.
Sep 10, 2013 11:30:26 AM org.eclipse.birt.chart.device.swt.SwtRendererImpl enableInteraction
INFO: Cannot enable interaction if an IUpdateNotifier is not associated with the renderer.
Sep 10, 2013 11:30:26 AM org.eclipse.birt.chart.device.swt.SwtRendererImpl enableInteraction
INFO: Cannot enable interaction if an IUpdateNotifier is not associated with the renderer.
Sep 10, 2013 11:30:26 AM org.eclipse.birt.chart.device.swt.SwtRendererImpl enableInteraction
INFO: Cannot enable interaction if an IUpdateNotifier is not associated with the renderer.
Sep 10, 2013 11:30:26 AM org.eclipse.birt.chart.device.swt.SwtRendererImpl enableInteraction
INFO: Cannot enable interaction if an IUpdateNotifier is not associated with the renderer.
Sep 10, 2013 11:30:26 AM org.eclipse.birt.chart.device.swt.SwtRendererImpl enableInteraction
INFO: Cannot enable interaction if an IUpdateNotifier is not associated with the renderer.
Sep 10, 2013 11:30:26 AM org.eclipse.birt.chart.device.swt.SwtRendererImpl enableInteraction
INFO: Cannot enable interaction if an IUpdateNotifier is not associated with the renderer.
Sep 10, 2013 11:30:26 AM org.eclipse.birt.chart.device.swt.SwtRendererImpl enableInteraction
INFO: Cannot enable interaction if an IUpdateNotifier is not associated with the renderer.
Sep 10, 2013 11:30:26 AM org.eclipse.birt.chart.device.swt.SwtRendererImpl enableInteraction
INFO: Cannot enable interaction if an IUpdateNotifier is not associated with the renderer.
Sep 10, 2013 11:30:26 AM org.eclipse.birt.chart.device.swt.SwtRendererImpl enableInteraction
INFO: Cannot enable interaction if an IUpdateNotifier is not associated with the renderer.
Sep 10, 2013 11:30:26 AM org.eclipse.birt.chart.device.swt.SwtRendererImpl enableInteraction
INFO: Cannot enable interaction if an IUpdateNotifier is not associated with the renderer.
Sep 10, 2013 11:30:26 AM org.eclipse.birt.chart.device.swt.SwtRendererImpl enableInteraction
INFO: Cannot enable interaction if an IUpdateNotifier is not associated with the renderer.
Sep 10, 2013 11:30:26 AM org.eclipse.birt.chart.device.swt.SwtRendererImpl enableInteraction
INFO: Cannot enable interaction if an IUpdateNotifier is not associated with the renderer.
Sep 10, 2013 11:30:26 AM org.eclipse.birt.chart.device.swt.SwtRendererImpl enableInteraction
INFO: Cannot enable interaction if an IUpdateNotifier is not associated with the renderer.
Sep 10, 2013 11:30:26 AM org.eclipse.birt.chart.device.swt.SwtRendererImpl enableInteraction
INFO: Cannot enable interaction if an IUpdateNotifier is not associated with the renderer.
Sep 10, 2013 11:31:20 AM org.eclipse.birt.chart.device.swt.SwtDisplayServer <init>
INFO: SWT Display Server: win32 v4,236
Sep 10, 2013 11:31:20 AM org.eclipse.birt.chart.device.swt.SwtRendererImpl setProperty
INFO: Using graphics context org.eclipse.swt.graphics.GC@GC {-2147411590}
Sep 10, 2013 11:31:20 AM org.eclipse.birt.chart.render.EmptyWithAxes renderSeries
INFO: org.eclipse.birt.chart.render.EmptyWithAxes: renderSeries() [1/2]
Sep 10, 2013 11:31:20 AM org.eclipse.birt.chart.device.swt.SwtRendererImpl enableInteraction
INFO: Cannot enable interaction if an IUpdateNotifier is not associated with the renderer.
Sep 10, 2013 11:31:20 AM org.eclipse.birt.chart.device.swt.SwtRendererImpl enableInteraction
INFO: Cannot enable interaction if an IUpdateNotifier is not associated with the renderer.
Sep 10, 2013 11:31:20 AM org.eclipse.birt.chart.device.swt.SwtRendererImpl enableInteraction
INFO: Cannot enable interaction if an IUpdateNotifier is not associated with the renderer.
Sep 10, 2013 11:31:20 AM org.eclipse.birt.chart.device.swt.SwtRendererImpl enableInteraction
INFO: Cannot enable interaction if an IUpdateNotifier is not associated with the renderer.
Sep 10, 2013 11:31:20 AM org.eclipse.birt.chart.device.swt.SwtRendererImpl enableInteraction
INFO: Cannot enable interaction if an IUpdateNotifier is not associated with the renderer.
Sep 10, 2013 11:31:20 AM org.eclipse.birt.chart.device.swt.SwtRendererImpl enableInteraction
INFO: Cannot enable interaction if an IUpdateNotifier is not associated with the renderer.
Sep 10, 2013 11:31:20 AM org.eclipse.birt.chart.device.swt.SwtRendererImpl enableInteraction
INFO: Cannot enable interaction if an IUpdateNotifier is not associated with the renderer.
Sep 10, 2013 11:31:20 AM org.eclipse.birt.chart.device.swt.SwtRendererImpl enableInteraction
INFO: Cannot enable interaction if an IUpdateNotifier is not associated with the renderer.
Sep 10, 2013 11:31:20 AM org.eclipse.birt.chart.device.swt.SwtRendererImpl enableInteraction
INFO: Cannot enable interaction if an IUpdateNotifier is not associated with the renderer.
Sep 10, 2013 11:31:20 AM org.eclipse.birt.chart.device.swt.SwtRendererImpl enableInteraction
INFO: Cannot enable interaction if an IUpdateNotifier is not associated with the renderer.
Sep 10, 2013 11:31:20 AM org.eclipse.birt.chart.device.swt.SwtRendererImpl enableInteraction
INFO: Cannot enable interaction if an IUpdateNotifier is not associated with the renderer.
Sep 10, 2013 11:31:20 AM org.eclipse.birt.chart.device.swt.SwtRendererImpl setProperty
INFO: Using graphics context org.eclipse.swt.graphics.GC@GC {-2147411590}
Sep 10, 2013 11:31:21 AM org.eclipse.birt.chart.render.EmptyWithAxes renderSeries
INFO: org.eclipse.birt.chart.render.EmptyWithAxes: renderSeries() [1/2]
Sep 10, 2013 11:31:21 AM org.eclipse.birt.chart.device.swt.SwtRendererImpl enableInteraction
INFO: Cannot enable interaction if an IUpdateNotifier is not associated with the renderer.
Sep 10, 2013 11:31:21 AM org.eclipse.birt.chart.device.swt.SwtRendererImpl enableInteraction
INFO: Cannot enable interaction if an IUpdateNotifier is not associated with the renderer.
Sep 10, 2013 11:31:21 AM org.eclipse.birt.chart.device.swt.SwtRendererImpl enableInteraction
INFO: Cannot enable interaction if an IUpdateNotifier is not associated with the renderer.
Sep 10, 2013 11:31:21 AM org.eclipse.birt.chart.device.swt.SwtRendererImpl enableInteraction
INFO: Cannot enable interaction if an IUpdateNotifier is not associated with the renderer.
Sep 10, 2013 11:31:21 AM org.eclipse.birt.chart.device.swt.SwtRendererImpl enableInteraction
INFO: Cannot enable interaction if an IUpdateNotifier is not associated with the renderer.
Sep 10, 2013 11:31:21 AM org.eclipse.birt.chart.device.swt.SwtRendererImpl enableInteraction
INFO: Cannot enable interaction if an IUpdateNotifier is not associated with the renderer.
Sep 10, 2013 11:31:21 AM org.eclipse.birt.chart.device.swt.SwtRendererImpl enableInteraction
INFO: Cannot enable interaction if an IUpdateNotifier is not associated with the renderer.
Sep 10, 2013 11:31:21 AM org.eclipse.birt.chart.device.swt.SwtRendererImpl enableInteraction
INFO: Cannot enable interaction if an IUpdateNotifier is not associated with the renderer.
Sep 10, 2013 11:31:21 AM org.eclipse.birt.chart.device.swt.SwtRendererImpl enableInteraction
INFO: Cannot enable interaction if an IUpdateNotifier is not associated with the renderer.
Sep 10, 2013 11:31:21 AM org.eclipse.birt.chart.device.swt.SwtRendererImpl enableInteraction
INFO: Cannot enable interaction if an IUpdateNotifier is not associated with the renderer.
Sep 10, 2013 11:31:21 AM org.eclipse.birt.chart.device.swt.SwtRendererImpl enableInteraction
INFO: Cannot enable interaction if an IUpdateNotifier is not associated with the renderer.
Sep 10, 2013 11:31:31 AM org.eclipse.birt.chart.device.swing.SwingDisplayServer <init>
INFO: SWING Display Server: Oracle Corporation v1.7.0_03
Sep 10, 2013 11:31:32 AM org.eclipse.birt.chart.device.swing.SwingRendererImpl prepareGraphicsContext
INFO: Using graphics context sun.java2d.SunGraphics2D[font=java.awt.Font[family=Dialog,name=Dialog,style=plain,size=12],color=java.awt.Color[r=255,g=255,b=255]]
Sep 10, 2013 11:31:32 AM org.eclipse.birt.chart.render.EmptyWithAxes renderSeries
INFO: org.eclipse.birt.chart.render.EmptyWithAxes: renderSeries() [1/2]
Sep 10, 2013 11:31:32 AM org.eclipse.birt.chart.device.image.JavaxImageIOWriter after
INFO: Using {0} image writer {1}pngcom.sun.imageio.plugins.png.PNGImageWriter
Sep 10, 2013 11:32:25 AM org.eclipse.birt.chart.device.swing.SwingDisplayServer <init>
INFO: SWING Display Server: Oracle Corporation v1.7.0_03
Sep 10, 2013 11:32:25 AM org.eclipse.birt.chart.device.swing.SwingRendererImpl prepareGraphicsContext
INFO: Using graphics context sun.java2d.SunGraphics2D[font=java.awt.Font[family=Dialog,name=Dialog,style=plain,size=12],color=java.awt.Color[r=255,g=255,b=255]]
Sep 10, 2013 11:32:25 AM org.eclipse.birt.chart.render.EmptyWithAxes renderSeries
INFO: org.eclipse.birt.chart.render.EmptyWithAxes: renderSeries() [1/2]
Sep 10, 2013 11:32:25 AM org.eclipse.birt.chart.device.image.JavaxImageIOWriter after
INFO: Using {0} image writer {1}pngcom.sun.imageio.plugins.png.PNGImageWriter
Sep 10, 2013 11:52:17 AM org.eclipse.birt.chart.device.swt.SwtDisplayServer <init>
INFO: SWT Display Server: win32 v4,236
Sep 10, 2013 11:52:17 AM org.eclipse.birt.chart.device.swt.SwtRendererImpl setProperty
INFO: Using graphics context org.eclipse.swt.graphics.GC@GC {-1056890844}
Sep 10, 2013 11:52:17 AM org.eclipse.birt.chart.render.EmptyWithAxes renderSeries
INFO: org.eclipse.birt.chart.render.EmptyWithAxes: renderSeries() [1/2]
Sep 10, 2013 11:52:17 AM org.eclipse.birt.chart.extension.render.Bar renderSeries
INFO: org.eclipse.birt.chart.extension.render.Bar: renderSeries() [2/2]
Sep 10, 2013 11:52:17 AM org.eclipse.birt.chart.device.swt.SwtRendererImpl enableInteraction
INFO: Cannot enable interaction if an IUpdateNotifier is not associated with the renderer.
Sep 10, 2013 11:52:17 AM org.eclipse.birt.chart.device.swt.SwtRendererImpl enableInteraction
INFO: Cannot enable interaction if an IUpdateNotifier is not associated with the renderer.
Sep 10, 2013 11:52:17 AM org.eclipse.birt.chart.device.swt.SwtRendererImpl enableInteraction
INFO: Cannot enable interaction if an IUpdateNotifier is not associated with the renderer.
Sep 10, 2013 11:52:17 AM org.eclipse.birt.chart.device.swt.SwtRendererImpl enableInteraction
INFO: Cannot enable interaction if an IUpdateNotifier is not associated with the renderer.
Sep 10, 2013 11:52:17 AM org.eclipse.birt.chart.device.swt.SwtRendererImpl enableInteraction
INFO: Cannot enable interaction if an IUpdateNotifier is not associated with the renderer.
Sep 10, 2013 11:52:17 AM org.eclipse.birt.chart.device.swt.SwtRendererImpl enableInteraction
INFO: Cannot enable interaction if an IUpdateNotifier is not associated with the renderer.
Sep 10, 2013 11:52:17 AM org.eclipse.birt.chart.device.swt.SwtRendererImpl enableInteraction
INFO: Cannot enable interaction if an IUpdateNotifier is not associated with the renderer.
Sep 10, 2013 11:52:17 AM org.eclipse.birt.chart.device.swt.SwtRendererImpl enableInteraction
INFO: Cannot enable interaction if an IUpdateNotifier is not associated with the renderer.
Sep 10, 2013 11:52:17 AM org.eclipse.birt.chart.device.swt.SwtRendererImpl enableInteraction
INFO: Cannot enable interaction if an IUpdateNotifier is not associated with the renderer.
Sep 10, 2013 11:52:17 AM org.eclipse.birt.chart.device.swt.SwtRendererImpl enableInteraction
INFO: Cannot enable interaction if an IUpdateNotifier is not associated with the renderer.
Sep 10, 2013 11:52:17 AM org.eclipse.birt.chart.device.swt.SwtRendererImpl enableInteraction
INFO: Cannot enable interaction if an IUpdateNotifier is not associated with the renderer.
Sep 10, 2013 11:52:17 AM org.eclipse.birt.chart.device.swt.SwtRendererImpl enableInteraction
INFO: Cannot enable interaction if an IUpdateNotifier is not associated with the renderer.
Sep 10, 2013 11:52:17 AM org.eclipse.birt.chart.device.swt.SwtRendererImpl enableInteraction
INFO: Cannot enable interaction if an IUpdateNotifier is not associated with the renderer.
Sep 10, 2013 11:52:17 AM org.eclipse.birt.chart.device.swt.SwtRendererImpl enableInteraction
INFO: Cannot enable interaction if an IUpdateNotifier is not associated with the renderer.
Sep 10, 2013 11:52:17 AM org.eclipse.birt.chart.device.swt.SwtRendererImpl enableInteraction
INFO: Cannot enable interaction if an IUpdateNotifier is not associated with the renderer.
Sep 10, 2013 11:52:17 AM org.eclipse.birt.chart.device.swt.SwtRendererImpl enableInteraction
INFO: Cannot enable interaction if an IUpdateNotifier is not associated with the renderer.
Sep 10, 2013 11:52:17 AM org.eclipse.birt.chart.device.swt.SwtRendererImpl enableInteraction
INFO: Cannot enable interaction if an IUpdateNotifier is not associated with the renderer.
Sep 10, 2013 11:52:21 AM org.eclipse.birt.chart.device.swt.SwtDisplayServer <init>
INFO: SWT Display Server: win32 v4,236
Sep 10, 2013 11:52:21 AM org.eclipse.birt.chart.device.swt.SwtRendererImpl setProperty
INFO: Using graphics context org.eclipse.swt.graphics.GC@GC {-1342103528}
Sep 10, 2013 11:52:21 AM org.eclipse.birt.chart.render.EmptyWithAxes renderSeries
INFO: org.eclipse.birt.chart.render.EmptyWithAxes: renderSeries() [1/2]
Sep 10, 2013 11:52:21 AM org.eclipse.birt.chart.device.swt.SwtRendererImpl enableInteraction
INFO: Cannot enable interaction if an IUpdateNotifier is not associated with the renderer.
Sep 10, 2013 11:52:21 AM org.eclipse.birt.chart.device.swt.SwtRendererImpl enableInteraction
INFO: Cannot enable interaction if an IUpdateNotifier is not associated with the renderer.
Sep 10, 2013 11:52:21 AM org.eclipse.birt.chart.device.swt.SwtRendererImpl enableInteraction
INFO: Cannot enable interaction if an IUpdateNotifier is not associated with the renderer.
Sep 10, 2013 11:52:21 AM org.eclipse.birt.chart.device.swt.SwtRendererImpl enableInteraction
INFO: Cannot enable interaction if an IUpdateNotifier is not associated with the renderer.
Sep 10, 2013 11:52:21 AM org.eclipse.birt.chart.device.swt.SwtRendererImpl enableInteraction
INFO: Cannot enable interaction if an IUpdateNotifier is not associated with the renderer.
Sep 10, 2013 11:52:21 AM org.eclipse.birt.chart.device.swt.SwtRendererImpl enableInteraction
INFO: Cannot enable interaction if an IUpdateNotifier is not associated with the renderer.
Sep 10, 2013 11:52:21 AM org.eclipse.birt.chart.device.swt.SwtRendererImpl enableInteraction
INFO: Cannot enable interaction if an IUpdateNotifier is not associated with the renderer.
Sep 10, 2013 11:52:21 AM org.eclipse.birt.chart.device.swt.SwtRendererImpl enableInteraction
INFO: Cannot enable interaction if an IUpdateNotifier is not associated with the renderer.
Sep 10, 2013 11:52:21 AM org.eclipse.birt.chart.device.swt.SwtRendererImpl enableInteraction
INFO: Cannot enable interaction if an IUpdateNotifier is not associated with the renderer.
Sep 10, 2013 11:52:21 AM org.eclipse.birt.chart.device.swt.SwtRendererImpl enableInteraction
INFO: Cannot enable interaction if an IUpdateNotifier is not associated with the renderer.
Sep 10, 2013 11:52:21 AM org.eclipse.birt.chart.device.swt.SwtRendererImpl enableInteraction
INFO: Cannot enable interaction if an IUpdateNotifier is not associated with the renderer.
Sep 10, 2013 11:52:23 AM org.eclipse.birt.chart.device.swt.SwtDisplayServer <init>
INFO: SWT Display Server: win32 v4,236
Sep 10, 2013 11:52:23 AM org.eclipse.birt.chart.device.swt.SwtRendererImpl setProperty
INFO: Using graphics context org.eclipse.swt.graphics.GC@GC {1107370066}
Sep 10, 2013 11:52:24 AM org.eclipse.birt.chart.render.EmptyWithAxes renderSeries
INFO: org.eclipse.birt.chart.render.EmptyWithAxes: renderSeries() [1/2]
Sep 10, 2013 11:52:24 AM org.eclipse.birt.chart.device.swt.SwtRendererImpl enableInteraction
INFO: Cannot enable interaction if an IUpdateNotifier is not associated with the renderer.
Sep 10, 2013 11:52:24 AM org.eclipse.birt.chart.device.swt.SwtRendererImpl enableInteraction
INFO: Cannot enable interaction if an IUpdateNotifier is not associated with the renderer.
Sep 10, 2013 11:52:24 AM org.eclipse.birt.chart.device.swt.SwtRendererImpl enableInteraction
INFO: Cannot enable interaction if an IUpdateNotifier is not associated with the renderer.
Sep 10, 2013 11:52:24 AM org.eclipse.birt.chart.device.swt.SwtRendererImpl enableInteraction
INFO: Cannot enable interaction if an IUpdateNotifier is not associated with the renderer.
Sep 10, 2013 11:52:24 AM org.eclipse.birt.chart.device.swt.SwtRendererImpl enableInteraction
INFO: Cannot enable interaction if an IUpdateNotifier is not associated with the renderer.
Sep 10, 2013 11:52:24 AM org.eclipse.birt.chart.device.swt.SwtRendererImpl enableInteraction
INFO: Cannot enable interaction if an IUpdateNotifier is not associated with the renderer.
Sep 10, 2013 11:52:24 AM org.eclipse.birt.chart.device.swt.SwtRendererImpl enableInteraction
INFO: Cannot enable interaction if an IUpdateNotifier is not associated with the renderer.
Sep 10, 2013 11:52:24 AM org.eclipse.birt.chart.device.swt.SwtRendererImpl enableInteraction
INFO: Cannot enable interaction if an IUpdateNotifier is not associated with the renderer.
Sep 10, 2013 11:52:24 AM org.eclipse.birt.chart.device.swt.SwtRendererImpl enableInteraction
INFO: Cannot enable interaction if an IUpdateNotifier is not associated with the renderer.
Sep 10, 2013 11:52:24 AM org.eclipse.birt.chart.device.swt.SwtRendererImpl enableInteraction
INFO: Cannot enable interaction if an IUpdateNotifier is not associated with the renderer.
Sep 10, 2013 11:52:24 AM org.eclipse.birt.chart.device.swt.SwtRendererImpl enableInteraction
INFO: Cannot enable interaction if an IUpdateNotifier is not associated with the renderer.
Sep 10, 2013 11:52:24 AM org.eclipse.birt.chart.device.swt.SwtDisplayServer <init>
INFO: SWT Display Server: win32 v4,236
Sep 10, 2013 11:52:24 AM org.eclipse.birt.chart.device.swt.SwtRendererImpl setProperty
INFO: Using graphics context org.eclipse.swt.graphics.GC@GC {1174478930}
Sep 10, 2013 11:52:24 AM org.eclipse.birt.chart.render.EmptyWithAxes renderSeries
INFO: org.eclipse.birt.chart.render.EmptyWithAxes: renderSeries() [1/2]
Sep 10, 2013 11:52:24 AM org.eclipse.birt.chart.device.swt.SwtRendererImpl enableInteraction
INFO: Cannot enable interaction if an IUpdateNotifier is not associated with the renderer.
Sep 10, 2013 11:52:24 AM org.eclipse.birt.chart.device.swt.SwtRendererImpl enableInteraction
INFO: Cannot enable interaction if an IUpdateNotifier is not associated with the renderer.
Sep 10, 2013 11:52:24 AM org.eclipse.birt.chart.device.swt.SwtRendererImpl enableInteraction
INFO: Cannot enable interaction if an IUpdateNotifier is not associated with the renderer.
Sep 10, 2013 11:52:24 AM org.eclipse.birt.chart.device.swt.SwtRendererImpl enableInteraction
INFO: Cannot enable interaction if an IUpdateNotifier is not associated with the renderer.
Sep 10, 2013 11:52:24 AM org.eclipse.birt.chart.device.swt.SwtRendererImpl enableInteraction
INFO: Cannot enable interaction if an IUpdateNotifier is not associated with the renderer.
Sep 10, 2013 11:52:24 AM org.eclipse.birt.chart.device.swt.SwtRendererImpl enableInteraction
INFO: Cannot enable interaction if an IUpdateNotifier is not associated with the renderer.
Sep 10, 2013 11:52:24 AM org.eclipse.birt.chart.device.swt.SwtRendererImpl enableInteraction
INFO: Cannot enable interaction if an IUpdateNotifier is not associated with the renderer.
Sep 10, 2013 11:52:24 AM org.eclipse.birt.chart.device.swt.SwtRendererImpl enableInteraction
INFO: Cannot enable interaction if an IUpdateNotifier is not associated with the renderer.
Sep 10, 2013 11:52:24 AM org.eclipse.birt.chart.device.swt.SwtRendererImpl enableInteraction
INFO: Cannot enable interaction if an IUpdateNotifier is not associated with the renderer.
Sep 10, 2013 11:52:24 AM org.eclipse.birt.chart.device.swt.SwtRendererImpl enableInteraction
INFO: Cannot enable interaction if an IUpdateNotifier is not associated with the renderer.
Sep 10, 2013 11:52:24 AM org.eclipse.birt.chart.device.swt.SwtRendererImpl enableInteraction
INFO: Cannot enable interaction if an IUpdateNotifier is not associated with the renderer.
Sep 10, 2013 11:52:24 AM org.eclipse.birt.chart.device.swt.SwtDisplayServer <init>
INFO: SWT Display Server: win32 v4,236
Sep 10, 2013 11:52:24 AM org.eclipse.birt.chart.device.swt.SwtRendererImpl setProperty
INFO: Using graphics context org.eclipse.swt.graphics.GC@GC {1291919442}
Sep 10, 2013 11:52:24 AM org.eclipse.birt.chart.render.EmptyWithAxes renderSeries
INFO: org.eclipse.birt.chart.render.EmptyWithAxes: renderSeries() [1/2]
Sep 10, 2013 11:52:24 AM org.eclipse.birt.chart.device.swt.SwtRendererImpl enableInteraction
INFO: Cannot enable interaction if an IUpdateNotifier is not associated with the renderer.
Sep 10, 2013 11:52:24 AM org.eclipse.birt.chart.device.swt.SwtRendererImpl enableInteraction
INFO: Cannot enable interaction if an IUpdateNotifier is not associated with the renderer.
Sep 10, 2013 11:52:24 AM org.eclipse.birt.chart.device.swt.SwtRendererImpl enableInteraction
INFO: Cannot enable interaction if an IUpdateNotifier is not associated with the renderer.
Sep 10, 2013 11:52:24 AM org.eclipse.birt.chart.device.swt.SwtRendererImpl enableInteraction
INFO: Cannot enable interaction if an IUpdateNotifier is not associated with the renderer.
Sep 10, 2013 11:52:24 AM org.eclipse.birt.chart.device.swt.SwtRendererImpl enableInteraction
INFO: Cannot enable interaction if an IUpdateNotifier is not associated with the renderer.
Sep 10, 2013 11:52:24 AM org.eclipse.birt.chart.device.swt.SwtRendererImpl enableInteraction
INFO: Cannot enable interaction if an IUpdateNotifier is not associated with the renderer.
Sep 10, 2013 11:52:24 AM org.eclipse.birt.chart.device.swt.SwtRendererImpl enableInteraction
INFO: Cannot enable interaction if an IUpdateNotifier is not associated with the renderer.
Sep 10, 2013 11:52:24 AM org.eclipse.birt.chart.device.swt.SwtRendererImpl enableInteraction
INFO: Cannot enable interaction if an IUpdateNotifier is not associated with the renderer.
Sep 10, 2013 11:52:24 AM org.eclipse.birt.chart.device.swt.SwtRendererImpl enableInteraction
INFO: Cannot enable interaction if an IUpdateNotifier is not associated with the renderer.
Sep 10, 2013 11:52:24 AM org.eclipse.birt.chart.device.swt.SwtRendererImpl enableInteraction
INFO: Cannot enable interaction if an IUpdateNotifier is not associated with the renderer.
Sep 10, 2013 11:52:24 AM org.eclipse.birt.chart.device.swt.SwtRendererImpl enableInteraction
INFO: Cannot enable interaction if an IUpdateNotifier is not associated with the renderer.
Sep 10, 2013 11:52:39 AM org.eclipse.birt.chart.ui.swt.wizard.ChartAdapter notifyChanged
INFO: ChartAdapter: Notification received for org.eclipse.birt.chart.model.data.impl.QueryImpl
Sep 10, 2013 11:52:39 AM org.eclipse.birt.chart.ui.swt.wizard.ChartAdapter notifyChanged
INFO: ChartAdapter: New Value is row["Label"]
Sep 10, 2013 11:52:39 AM org.eclipse.birt.chart.device.swt.SwtDisplayServer <init>
INFO: SWT Display Server: win32 v4,236
Sep 10, 2013 11:52:39 AM org.eclipse.birt.chart.device.swt.SwtRendererImpl setProperty
INFO: Using graphics context org.eclipse.swt.graphics.GC@GC {-1660870557}
Sep 10, 2013 11:52:39 AM org.eclipse.birt.chart.render.EmptyWithAxes renderSeries
INFO: org.eclipse.birt.chart.render.EmptyWithAxes: renderSeries() [1/2]
Sep 10, 2013 11:52:39 AM org.eclipse.birt.chart.device.swt.SwtRendererImpl enableInteraction
INFO: Cannot enable interaction if an IUpdateNotifier is not associated with the renderer.
Sep 10, 2013 11:52:39 AM org.eclipse.birt.chart.device.swt.SwtRendererImpl enableInteraction
INFO: Cannot enable interaction if an IUpdateNotifier is not associated with the renderer.
Sep 10, 2013 11:52:39 AM org.eclipse.birt.chart.device.swt.SwtRendererImpl enableInteraction
INFO: Cannot enable interaction if an IUpdateNotifier is not associated with the renderer.
Sep 10, 2013 11:52:39 AM org.eclipse.birt.chart.device.swt.SwtRendererImpl enableInteraction
INFO: Cannot enable interaction if an IUpdateNotifier is not associated with the renderer.
Sep 10, 2013 11:52:39 AM org.eclipse.birt.chart.device.swt.SwtRendererImpl enableInteraction
INFO: Cannot enable interaction if an IUpdateNotifier is not associated with the renderer.
Sep 10, 2013 11:52:39 AM org.eclipse.birt.chart.device.swt.SwtRendererImpl enableInteraction
INFO: Cannot enable interaction if an IUpdateNotifier is not associated with the renderer.
Sep 10, 2013 11:52:39 AM org.eclipse.birt.chart.device.swt.SwtRendererImpl enableInteraction
INFO: Cannot enable interaction if an IUpdateNotifier is not associated with the renderer.
Sep 10, 2013 11:52:39 AM org.eclipse.birt.chart.device.swt.SwtRendererImpl enableInteraction
INFO: Cannot enable interaction if an IUpdateNotifier is not associated with the renderer.
Sep 10, 2013 11:52:39 AM org.eclipse.birt.chart.device.swt.SwtRendererImpl enableInteraction
INFO: Cannot enable interaction if an IUpdateNotifier is not associated with the renderer.
Sep 10, 2013 11:52:39 AM org.eclipse.birt.chart.device.swt.SwtRendererImpl enableInteraction
INFO: Cannot enable interaction if an IUpdateNotifier is not associated with the renderer.
Sep 10, 2013 11:52:39 AM org.eclipse.birt.chart.device.swt.SwtRendererImpl enableInteraction
INFO: Cannot enable interaction if an IUpdateNotifier is not associated with the renderer.
Sep 10, 2013 11:52:47 AM org.eclipse.birt.chart.ui.swt.wizard.ChartAdapter notifyChanged
INFO: ChartAdapter: Notification received for org.eclipse.birt.chart.model.data.impl.QueryImpl
Sep 10, 2013 11:52:47 AM org.eclipse.birt.chart.ui.swt.wizard.ChartAdapter notifyChanged
INFO: ChartAdapter: New Value is row["LEVEL"]
Sep 10, 2013 11:52:47 AM org.eclipse.birt.chart.device.swt.SwtDisplayServer <init>
INFO: SWT Display Server: win32 v4,236
Sep 10, 2013 11:52:47 AM org.eclipse.birt.chart.device.swt.SwtRendererImpl setProperty
INFO: Using graphics context org.eclipse.swt.graphics.GC@GC {1761681317}
Sep 10, 2013 11:52:47 AM org.eclipse.birt.chart.render.EmptyWithAxes renderSeries
INFO: org.eclipse.birt.chart.render.EmptyWithAxes: renderSeries() [1/2]
Sep 10, 2013 11:52:47 AM org.eclipse.birt.chart.device.swt.SwtRendererImpl enableInteraction
INFO: Cannot enable interaction if an IUpdateNotifier is not associated with the renderer.
Sep 10, 2013 11:52:47 AM org.eclipse.birt.chart.device.swt.SwtRendererImpl enableInteraction
INFO: Cannot enable interaction if an IUpdateNotifier is not associated with the renderer.
Sep 10, 2013 11:52:47 AM org.eclipse.birt.chart.device.swt.SwtRendererImpl enableInteraction
INFO: Cannot enable interaction if an IUpdateNotifier is not associated with the renderer.
Sep 10, 2013 11:52:47 AM org.eclipse.birt.chart.device.swt.SwtRendererImpl enableInteraction
INFO: Cannot enable interaction if an IUpdateNotifier is not associated with the renderer.
Sep 10, 2013 11:52:47 AM org.eclipse.birt.chart.device.swt.SwtRendererImpl enableInteraction
INFO: Cannot enable interaction if an IUpdateNotifier is not associated with the renderer.
Sep 10, 2013 11:52:47 AM org.eclipse.birt.chart.device.swt.SwtRendererImpl enableInteraction
INFO: Cannot enable interaction if an IUpdateNotifier is not associated with the renderer.
Sep 10, 2013 11:52:47 AM org.eclipse.birt.chart.device.swt.SwtRendererImpl enableInteraction
INFO: Cannot enable interaction if an IUpdateNotifier is not associated with the renderer.
Sep 10, 2013 11:52:47 AM org.eclipse.birt.chart.device.swt.SwtRendererImpl enableInteraction
INFO: Cannot enable interaction if an IUpdateNotifier is not associated with the renderer.
Sep 10, 2013 11:52:47 AM org.eclipse.birt.chart.device.swt.SwtRendererImpl enableInteraction
INFO: Cannot enable interaction if an IUpdateNotifier is not associated with the renderer.
Sep 10, 2013 11:52:47 AM org.eclipse.birt.chart.device.swt.SwtRendererImpl enableInteraction
INFO: Cannot enable interaction if an IUpdateNotifier is not associated with the renderer.
Sep 10, 2013 11:52:47 AM org.eclipse.birt.chart.device.swt.SwtRendererImpl enableInteraction
INFO: Cannot enable interaction if an IUpdateNotifier is not associated with the renderer.
Sep 10, 2013 11:53:20 AM org.eclipse.birt.chart.device.swt.SwtDisplayServer <init>
INFO: SWT Display Server: win32 v4,236
Sep 10, 2013 11:53:20 AM org.eclipse.birt.chart.device.swt.SwtRendererImpl setProperty
INFO: Using graphics context org.eclipse.swt.graphics.GC@GC {151068791}
Sep 10, 2013 11:53:20 AM org.eclipse.birt.chart.render.EmptyWithAxes renderSeries
INFO: org.eclipse.birt.chart.render.EmptyWithAxes: renderSeries() [1/2]
Sep 10, 2013 11:53:20 AM org.eclipse.birt.chart.device.swt.SwtRendererImpl enableInteraction
INFO: Cannot enable interaction if an IUpdateNotifier is not associated with the renderer.
Sep 10, 2013 11:53:20 AM org.eclipse.birt.chart.device.swt.SwtRendererImpl enableInteraction
INFO: Cannot enable interaction if an IUpdateNotifier is not associated with the renderer.
Sep 10, 2013 11:53:20 AM org.eclipse.birt.chart.device.swt.SwtRendererImpl enableInteraction
INFO: Cannot enable interaction if an IUpdateNotifier is not associated with the renderer.
Sep 10, 2013 11:53:20 AM org.eclipse.birt.chart.device.swt.SwtRendererImpl enableInteraction
INFO: Cannot enable interaction if an IUpdateNotifier is not associated with the renderer.
Sep 10, 2013 11:53:20 AM org.eclipse.birt.chart.device.swt.SwtRendererImpl enableInteraction
INFO: Cannot enable interaction if an IUpdateNotifier is not associated with the renderer.
Sep 10, 2013 11:53:20 AM org.eclipse.birt.chart.device.swt.SwtRendererImpl enableInteraction
INFO: Cannot enable interaction if an IUpdateNotifier is not associated with the renderer.
Sep 10, 2013 11:53:20 AM org.eclipse.birt.chart.device.swt.SwtRendererImpl enableInteraction
INFO: Cannot enable interaction if an IUpdateNotifier is not associated with the renderer.
Sep 10, 2013 11:53:20 AM org.eclipse.birt.chart.device.swt.SwtRendererImpl enableInteraction
INFO: Cannot enable interaction if an IUpdateNotifier is not associated with the renderer.
Sep 10, 2013 11:53:20 AM org.eclipse.birt.chart.device.swt.SwtRendererImpl enableInteraction
INFO: Cannot enable interaction if an IUpdateNotifier is not associated with the renderer.
Sep 10, 2013 11:53:22 AM org.eclipse.birt.chart.ui.swt.wizard.ChartAdapter notifyChanged
INFO: ChartAdapter: Notification received for org.eclipse.birt.chart.model.data.impl.QueryImpl
Sep 10, 2013 11:53:22 AM org.eclipse.birt.chart.ui.swt.wizard.ChartAdapter notifyChanged
INFO: ChartAdapter: New Value is row["Time"]
Sep 10, 2013 11:53:23 AM org.eclipse.birt.chart.device.swt.SwtDisplayServer <init>
INFO: SWT Display Server: win32 v4,236
Sep 10, 2013 11:53:23 AM org.eclipse.birt.chart.device.swt.SwtRendererImpl setProperty
INFO: Using graphics context org.eclipse.swt.graphics.GC@GC {-1979637583}
Sep 10, 2013 11:53:23 AM org.eclipse.birt.chart.render.EmptyWithAxes renderSeries
INFO: org.eclipse.birt.chart.render.EmptyWithAxes: renderSeries() [1/2]
Sep 10, 2013 11:53:23 AM org.eclipse.birt.chart.device.swt.SwtRendererImpl enableInteraction
INFO: Cannot enable interaction if an IUpdateNotifier is not associated with the renderer.
Sep 10, 2013 11:53:23 AM org.eclipse.birt.chart.device.swt.SwtRendererImpl enableInteraction
INFO: Cannot enable interaction if an IUpdateNotifier is not associated with the renderer.
Sep 10, 2013 11:53:23 AM org.eclipse.birt.chart.device.swt.SwtRendererImpl enableInteraction
INFO: Cannot enable interaction if an IUpdateNotifier is not associated with the renderer.
Sep 10, 2013 11:53:23 AM org.eclipse.birt.chart.device.swt.SwtRendererImpl enableInteraction
INFO: Cannot enable interaction if an IUpdateNotifier is not associated with the renderer.
Sep 10, 2013 11:53:23 AM org.eclipse.birt.chart.device.swt.SwtRendererImpl enableInteraction
INFO: Cannot enable interaction if an IUpdateNotifier is not associated with the renderer.
Sep 10, 2013 11:53:23 AM org.eclipse.birt.chart.device.swt.SwtRendererImpl enableInteraction
INFO: Cannot enable interaction if an IUpdateNotifier is not associated with the renderer.
Sep 10, 2013 11:53:23 AM org.eclipse.birt.chart.device.swt.SwtRendererImpl enableInteraction
INFO: Cannot enable interaction if an IUpdateNotifier is not associated with the renderer.
Sep 10, 2013 11:53:23 AM org.eclipse.birt.chart.device.swt.SwtRendererImpl enableInteraction
INFO: Cannot enable interaction if an IUpdateNotifier is not associated with the renderer.
Sep 10, 2013 11:53:23 AM org.eclipse.birt.chart.device.swt.SwtRendererImpl enableInteraction
INFO: Cannot enable interaction if an IUpdateNotifier is not associated with the renderer.
Sep 10, 2013 11:55:52 AM org.eclipse.birt.chart.ui.swt.wizard.ChartAdapter notifyChanged
INFO: ChartAdapter: Notification received for org.eclipse.birt.chart.model.data.impl.SeriesGroupingImpl
Sep 10, 2013 11:55:52 AM org.eclipse.birt.chart.ui.swt.wizard.ChartAdapter notifyChanged
INFO: ChartAdapter: New Value is true
Sep 10, 2013 11:55:53 AM org.eclipse.birt.chart.device.swt.SwtDisplayServer <init>
INFO: SWT Display Server: win32 v4,236
Sep 10, 2013 11:55:53 AM org.eclipse.birt.chart.device.swt.SwtRendererImpl setProperty
INFO: Using graphics context org.eclipse.swt.graphics.GC@GC {335618015}
Sep 10, 2013 11:55:53 AM org.eclipse.birt.chart.render.EmptyWithAxes renderSeries
INFO: org.eclipse.birt.chart.render.EmptyWithAxes: renderSeries() [1/2]
Sep 10, 2013 11:55:53 AM org.eclipse.birt.chart.device.swt.SwtRendererImpl enableInteraction
INFO: Cannot enable interaction if an IUpdateNotifier is not associated with the renderer.
Sep 10, 2013 11:55:53 AM org.eclipse.birt.chart.device.swt.SwtRendererImpl enableInteraction
INFO: Cannot enable interaction if an IUpdateNotifier is not associated with the renderer.
Sep 10, 2013 11:55:53 AM org.eclipse.birt.chart.device.swt.SwtRendererImpl enableInteraction
INFO: Cannot enable interaction if an IUpdateNotifier is not associated with the renderer.
Sep 10, 2013 11:55:53 AM org.eclipse.birt.chart.device.swt.SwtRendererImpl enableInteraction
INFO: Cannot enable interaction if an IUpdateNotifier is not associated with the renderer.
Sep 10, 2013 11:55:53 AM org.eclipse.birt.chart.device.swt.SwtRendererImpl enableInteraction
INFO: Cannot enable interaction if an IUpdateNotifier is not associated with the renderer.
Sep 10, 2013 11:55:53 AM org.eclipse.birt.chart.device.swt.SwtRendererImpl enableInteraction
INFO: Cannot enable interaction if an IUpdateNotifier is not associated with the renderer.
Sep 10, 2013 11:55:53 AM org.eclipse.birt.chart.device.swt.SwtRendererImpl enableInteraction
INFO: Cannot enable interaction if an IUpdateNotifier is not associated with the renderer.
Sep 10, 2013 11:55:53 AM org.eclipse.birt.chart.device.swt.SwtRendererImpl enableInteraction
INFO: Cannot enable interaction if an IUpdateNotifier is not associated with the renderer.
Sep 10, 2013 11:55:53 AM org.eclipse.birt.chart.device.swt.SwtRendererImpl enableInteraction
INFO: Cannot enable interaction if an IUpdateNotifier is not associated with the renderer.
Sep 10, 2013 11:55:53 AM org.eclipse.birt.chart.device.swt.SwtRendererImpl enableInteraction
INFO: Cannot enable interaction if an IUpdateNotifier is not associated with the renderer.
Sep 10, 2013 11:56:08 AM org.eclipse.birt.chart.device.swt.SwtDisplayServer <init>
INFO: SWT Display Server: win32 v4,236
Sep 10, 2013 11:56:14 AM org.eclipse.birt.chart.device.swt.SwtDisplayServer <init>
INFO: SWT Display Server: win32 v4,236
Sep 10, 2013 11:56:14 AM org.eclipse.birt.chart.device.swt.SwtRendererImpl setProperty
INFO: Using graphics context org.eclipse.swt.graphics.GC@GC {-33482522}
Sep 10, 2013 11:56:14 AM org.eclipse.birt.chart.render.EmptyWithAxes renderSeries
INFO: org.eclipse.birt.chart.render.EmptyWithAxes: renderSeries() [1/2]
Sep 10, 2013 11:56:14 AM org.eclipse.birt.chart.device.swt.SwtRendererImpl enableInteraction
INFO: Cannot enable interaction if an IUpdateNotifier is not associated with the renderer.
Sep 10, 2013 11:56:14 AM org.eclipse.birt.chart.device.swt.SwtRendererImpl enableInteraction
INFO: Cannot enable interaction if an IUpdateNotifier is not associated with the renderer.
Sep 10, 2013 11:56:14 AM org.eclipse.birt.chart.device.swt.SwtRendererImpl enableInteraction
INFO: Cannot enable interaction if an IUpdateNotifier is not associated with the renderer.
Sep 10, 2013 11:56:14 AM org.eclipse.birt.chart.device.swt.SwtRendererImpl enableInteraction
INFO: Cannot enable interaction if an IUpdateNotifier is not associated with the renderer.
Sep 10, 2013 11:56:14 AM org.eclipse.birt.chart.device.swt.SwtRendererImpl enableInteraction
INFO: Cannot enable interaction if an IUpdateNotifier is not associated with the renderer.
Sep 10, 2013 11:56:14 AM org.eclipse.birt.chart.device.swt.SwtRendererImpl enableInteraction
INFO: Cannot enable interaction if an IUpdateNotifier is not associated with the renderer.
Sep 10, 2013 11:56:14 AM org.eclipse.birt.chart.device.swt.SwtRendererImpl enableInteraction
INFO: Cannot enable interaction if an IUpdateNotifier is not associated with the renderer.
Sep 10, 2013 11:56:14 AM org.eclipse.birt.chart.device.swt.SwtRendererImpl enableInteraction
INFO: Cannot enable interaction if an IUpdateNotifier is not associated with the renderer.
Sep 10, 2013 11:56:14 AM org.eclipse.birt.chart.device.swt.SwtRendererImpl enableInteraction
INFO: Cannot enable interaction if an IUpdateNotifier is not associated with the renderer.
Sep 10, 2013 11:56:14 AM org.eclipse.birt.chart.device.swt.SwtRendererImpl enableInteraction
INFO: Cannot enable interaction if an IUpdateNotifier is not associated with the renderer.
Sep 10, 2013 11:56:24 AM org.eclipse.birt.chart.device.swt.SwtDisplayServer <init>
INFO: SWT Display Server: win32 v4,236
Sep 10, 2013 11:57:05 AM org.eclipse.birt.chart.device.swt.SwtDisplayServer <init>
INFO: SWT Display Server: win32 v4,236
Sep 10, 2013 11:57:05 AM org.eclipse.birt.chart.device.swt.SwtRendererImpl setProperty
INFO: Using graphics context org.eclipse.swt.graphics.GC@GC {2030116932}
Sep 10, 2013 11:57:05 AM org.eclipse.birt.chart.render.EmptyWithAxes renderSeries
INFO: org.eclipse.birt.chart.render.EmptyWithAxes: renderSeries() [1/2]
Sep 10, 2013 11:57:05 AM org.eclipse.birt.chart.device.swt.SwtRendererImpl enableInteraction
INFO: Cannot enable interaction if an IUpdateNotifier is not associated with the renderer.
Sep 10, 2013 11:57:05 AM org.eclipse.birt.chart.device.swt.SwtRendererImpl enableInteraction
INFO: Cannot enable interaction if an IUpdateNotifier is not associated with the renderer.
Sep 10, 2013 11:57:05 AM org.eclipse.birt.chart.device.swt.SwtRendererImpl enableInteraction
INFO: Cannot enable interaction if an IUpdateNotifier is not associated with the renderer.
Sep 10, 2013 11:57:05 AM org.eclipse.birt.chart.device.swt.SwtRendererImpl enableInteraction
INFO: Cannot enable interaction if an IUpdateNotifier is not associated with the renderer.
Sep 10, 2013 11:57:05 AM org.eclipse.birt.chart.device.swt.SwtRendererImpl enableInteraction
INFO: Cannot enable interaction if an IUpdateNotifier is not associated with the renderer.
Sep 10, 2013 11:57:05 AM org.eclipse.birt.chart.device.swt.SwtRendererImpl enableInteraction
INFO: Cannot enable interaction if an IUpdateNotifier is not associated with the renderer.
Sep 10, 2013 11:57:05 AM org.eclipse.birt.chart.device.swt.SwtRendererImpl enableInteraction
INFO: Cannot enable interaction if an IUpdateNotifier is not associated with the renderer.
Sep 10, 2013 11:57:05 AM org.eclipse.birt.chart.device.swt.SwtRendererImpl enableInteraction
INFO: Cannot enable interaction if an IUpdateNotifier is not associated with the renderer.
Sep 10, 2013 11:57:05 AM org.eclipse.birt.chart.device.swt.SwtRendererImpl enableInteraction
INFO: Cannot enable interaction if an IUpdateNotifier is not associated with the renderer.
Sep 10, 2013 11:57:05 AM org.eclipse.birt.chart.device.swt.SwtRendererImpl setProperty
INFO: Using graphics context org.eclipse.swt.graphics.GC@GC {2030116932}
Sep 10, 2013 11:57:05 AM org.eclipse.birt.chart.render.EmptyWithAxes renderSeries
INFO: org.eclipse.birt.chart.render.EmptyWithAxes: renderSeries() [1/2]
Sep 10, 2013 11:57:05 AM org.eclipse.birt.chart.device.swt.SwtRendererImpl enableInteraction
INFO: Cannot enable interaction if an IUpdateNotifier is not associated with the renderer.
Sep 10, 2013 11:57:05 AM org.eclipse.birt.chart.device.swt.SwtRendererImpl enableInteraction
INFO: Cannot enable interaction if an IUpdateNotifier is not associated with the renderer.
Sep 10, 2013 11:57:05 AM org.eclipse.birt.chart.device.swt.SwtRendererImpl enableInteraction
INFO: Cannot enable interaction if an IUpdateNotifier is not associated with the renderer.
Sep 10, 2013 11:57:05 AM org.eclipse.birt.chart.device.swt.SwtRendererImpl enableInteraction
INFO: Cannot enable interaction if an IUpdateNotifier is not associated with the renderer.
Sep 10, 2013 11:57:05 AM org.eclipse.birt.chart.device.swt.SwtRendererImpl enableInteraction
INFO: Cannot enable interaction if an IUpdateNotifier is not associated with the renderer.
Sep 10, 2013 11:57:05 AM org.eclipse.birt.chart.device.swt.SwtRendererImpl enableInteraction
INFO: Cannot enable interaction if an IUpdateNotifier is not associated with the renderer.
Sep 10, 2013 11:57:05 AM org.eclipse.birt.chart.device.swt.SwtRendererImpl enableInteraction
INFO: Cannot enable interaction if an IUpdateNotifier is not associated with the renderer.
Sep 10, 2013 11:57:05 AM org.eclipse.birt.chart.device.swt.SwtRendererImpl enableInteraction
INFO: Cannot enable interaction if an IUpdateNotifier is not associated with the renderer.
Sep 10, 2013 11:57:05 AM org.eclipse.birt.chart.device.swt.SwtRendererImpl enableInteraction
INFO: Cannot enable interaction if an IUpdateNotifier is not associated with the renderer.
Sep 10, 2013 11:57:09 AM org.eclipse.birt.chart.device.swing.SwingDisplayServer <init>
INFO: SWING Display Server: Oracle Corporation v1.7.0_03
Sep 10, 2013 11:57:09 AM org.eclipse.birt.chart.device.swing.SwingRendererImpl prepareGraphicsContext
INFO: Using graphics context sun.java2d.SunGraphics2D[font=java.awt.Font[family=Dialog,name=Dialog,style=plain,size=12],color=java.awt.Color[r=255,g=255,b=255]]
Sep 10, 2013 11:57:09 AM org.eclipse.birt.chart.render.EmptyWithAxes renderSeries
INFO: org.eclipse.birt.chart.render.EmptyWithAxes: renderSeries() [1/2]
Sep 10, 2013 11:57:09 AM org.eclipse.birt.chart.device.image.JavaxImageIOWriter after
INFO: Using {0} image writer {1}pngcom.sun.imageio.plugins.png.PNGImageWriter
Sep 10, 2013 11:57:43 AM org.eclipse.birt.chart.device.swing.SwingDisplayServer <init>
INFO: SWING Display Server: Oracle Corporation v1.7.0_03
Sep 10, 2013 11:57:43 AM org.eclipse.birt.chart.device.swing.SwingRendererImpl prepareGraphicsContext
INFO: Using graphics context sun.java2d.SunGraphics2D[font=java.awt.Font[family=Dialog,name=Dialog,style=plain,size=12],color=java.awt.Color[r=255,g=255,b=255]]
Sep 10, 2013 11:57:43 AM org.eclipse.birt.chart.render.EmptyWithAxes renderSeries
INFO: org.eclipse.birt.chart.render.EmptyWithAxes: renderSeries() [1/2]
Sep 10, 2013 11:57:43 AM org.eclipse.birt.chart.device.image.JavaxImageIOWriter after
INFO: Using {0} image writer {1}pngcom.sun.imageio.plugins.png.PNGImageWriter
Sep 10, 2013 11:58:30 AM org.eclipse.birt.chart.device.swing.SwingDisplayServer <init>
INFO: SWING Display Server: Oracle Corporation v1.7.0_03
Sep 10, 2013 11:58:30 AM org.eclipse.birt.chart.device.swing.SwingRendererImpl prepareGraphicsContext
INFO: Using graphics context sun.java2d.SunGraphics2D[font=java.awt.Font[family=Dialog,name=Dialog,style=plain,size=12],color=java.awt.Color[r=255,g=255,b=255]]
Sep 10, 2013 11:58:30 AM org.eclipse.birt.chart.render.EmptyWithAxes renderSeries
INFO: org.eclipse.birt.chart.render.EmptyWithAxes: renderSeries() [1/2]
Sep 10, 2013 11:58:30 AM org.eclipse.birt.chart.device.image.JavaxImageIOWriter after
INFO: Using {0} image writer {1}pngcom.sun.imageio.plugins.png.PNGImageWriter
